
===================================
mtx file = ../matrices/2D_54019_highK.mtx

Done with reading mtx file.
m = 54019, n = 54019, nz = 996414

Number of threads = 20

=== PARDISO: solving a real nonsymmetric system ===
The local (internal) PARDISO version is                          : 103911000
1-based array indexing is turned ON
PARDISO double precision computation is turned ON
METIS algorithm at reorder step is turned ON
Scaling is turned ON
Matching is turned ON


Summary: ( reordering phase )
================

Times:
======
Time spent in calculations of symmetric matrix portrait (fulladj): 0.009490 s
Time spent in reordering of the initial matrix (reorder)         : 0.076436 s
Time spent in symbolic factorization (symbfct)                   : 0.026851 s
Time spent in data preparations for factorization (parlist)      : 0.001173 s
Time spent in allocation of internal data structures (malloc)    : 0.036106 s
Time spent in additional calculations                            : 0.031428 s
Total time spent                                                 : 0.181484 s

Statistics:
===========
< Parallel Direct Factorization with number of processors: > 20
< Numerical Factorization with BLAS3 and O(n) synchronization >

< Linear system Ax = b >
             number of equations:           54019
             number of non-zeros in A:      996414
             number of non-zeros in A (%): 0.034147

             number of right-hand sides:    1

< Factors L and U >
             number of columns for each panel: 72
             number of independent subgraphs:  0
< Preprocessing with state of the art partitioning metis>
             number of supernodes:                    12168
             size of largest supernode:               377
             number of non-zeros in L:                4338836
             number of non-zeros in U:                3640157
             number of non-zeros in L+U:              7978993

Reordering completed ... 
Number of nonzeros in factors  = 0
Number of factorization MFLOPS = 1424=== PARDISO is running in In-Core mode, because iparam(60)=0 ===
Percentage of computed non-zeros for LL^T factorization
 0 %  1 %  2 %  3 %  4 %  5 %  6 %  7 %  8 %  9 %  10 %  11 %  12 %  13 %  14 %  15 %  16 %  17 %  18 %  19 %  20 %  21 %  22 %  23 %  24 %  25 %  26 %  27 %  28 %  29 %  30 %  31 %  32 %  33 %  34 %  35 %  36 %  37 %  38 %  39 %  40 %  41 %  42 %  43 %  44 %  46 %  48 %  49 %  53 %  58 %  59 %  65 %  70 %  79 %  88 %  98 %  100 % 

=== PARDISO: solving a real nonsymmetric system ===
Single-level factorization algorithm is turned ON


Summary: ( factorization phase )
================

Times:
======
Time spent in copying matrix to internal data structure (A to LU): 0.000000 s
Time spent in factorization step (numfct)                        : 0.041972 s
Time spent in allocation of internal data structures (malloc)    : 0.000058 s
Time spent in additional calculations                            : 0.000004 s
Total time spent                                                 : 0.042034 s

Statistics:
===========
< Parallel Direct Factorization with number of processors: > 20
< Numerical Factorization with BLAS3 and O(n) synchronization >

< Linear system Ax = b >
             number of equations:           54019
             number of non-zeros in A:      996414
             number of non-zeros in A (%): 0.034147

             number of right-hand sides:    1

< Factors L and U >
             number of columns for each panel: 72
             number of independent subgraphs:  0
< Preprocessing with state of the art partitioning metis>
             number of supernodes:                    12168
             size of largest supernode:               377
             number of non-zeros in L:                4338836
             number of non-zeros in U:                3640157
             number of non-zeros in L+U:              7978993
             gflop   for the numerical factorization: 1.424815

             gflop/s for the numerical factorization: 33.946872


Factorization completed ...
 
=== PARDISO: solving a real nonsymmetric system ===


Summary: ( solution phase )
================

Times:
======
Time spent in direct solver at solve step (solve)                : 0.004346 s
Time spent in additional calculations                            : 0.009997 s
Total time spent                                                 : 0.014343 s

Statistics:
===========
< Parallel Direct Factorization with number of processors: > 20
< Numerical Factorization with BLAS3 and O(n) synchronization >

< Linear system Ax = b >
             number of equations:           54019
             number of non-zeros in A:      996414
             number of non-zeros in A (%): 0.034147

             number of right-hand sides:    1

< Factors L and U >
             number of columns for each panel: 72
             number of independent subgraphs:  0
< Preprocessing with state of the art partitioning metis>
             number of supernodes:                    12168
             size of largest supernode:               377
             number of non-zeros in L:                4338836
             number of non-zeros in U:                3640157
             number of non-zeros in L+U:              7978993
             gflop   for the numerical factorization: 1.424815

             gflop/s for the numerical factorization: 33.946872


Solve completed ...

Memory deallocated...
