
===================================
mtx file = ../matrices/31770-lhs.mtx

Done with reading mtx file.
m = 31770, n = 31770, nz = 183540

Number of threads = 20

=== PARDISO: solving a real nonsymmetric system ===
The local (internal) PARDISO version is                          : 103911000
1-based array indexing is turned ON
PARDISO double precision computation is turned ON
METIS algorithm at reorder step is turned ON
Scaling is turned ON
Matching is turned ON


Summary: ( reordering phase )
================

Times:
======
Time spent in calculations of symmetric matrix portrait (fulladj): 0.002383 s
Time spent in reordering of the initial matrix (reorder)         : 0.109443 s
Time spent in symbolic factorization (symbfct)                   : 0.011373 s
Time spent in data preparations for factorization (parlist)      : 0.001055 s
Time spent in allocation of internal data structures (malloc)    : 0.013664 s
Time spent in additional calculations                            : 0.010823 s
Total time spent                                                 : 0.148742 s

Statistics:
===========
< Parallel Direct Factorization with number of processors: > 20
< Numerical Factorization with BLAS3 and O(n) synchronization >

< Linear system Ax = b >
             number of equations:           31770
             number of non-zeros in A:      183540
             number of non-zeros in A (%): 0.018184

             number of right-hand sides:    1

< Factors L and U >
             number of columns for each panel: 72
             number of independent subgraphs:  0
< Preprocessing with state of the art partitioning metis>
             number of supernodes:                    17459
             size of largest supernode:               192
             number of non-zeros in L:                587872
             number of non-zeros in U:                444900
             number of non-zeros in L+U:              1032772

Reordering completed ... 
Number of nonzeros in factors  = 0
Number of factorization MFLOPS = 52=== PARDISO is running in In-Core mode, because iparam(60)=0 ===
Percentage of computed non-zeros for LL^T factorization
 0 %  1 %  2 %  3 %  4 %  5 %  6 %  7 %  8 %  9 %  10 %  11 %  12 %  13 %  14 %  15 %  16 %  17 %  18 %  19 %  20 %  21 %  22 %  23 %  24 %  25 %  26 %  27 %  28 %  29 %  30 %  31 %  32 %  33 %  34 %  35 %  36 %  37 %  38 %  39 %  40 %  41 %  42 %  43 %  44 %  45 %  46 %  47 %  48 %  49 %  50 %  51 %  52 %  53 %  54 %  55 %  56 %  57 %  58 %  59 %  60 %  61 %  62 %  63 %  64 %  66 %  67 %  68 %  69 %  71 %  72 %  76 %  78 %  90 %  100 % 

=== PARDISO: solving a real nonsymmetric system ===
Single-level factorization algorithm is turned ON


Summary: ( factorization phase )
================

Times:
======
Time spent in copying matrix to internal data structure (A to LU): 0.000000 s
Time spent in factorization step (numfct)                        : 0.027264 s
Time spent in allocation of internal data structures (malloc)    : 0.000043 s
Time spent in additional calculations                            : 0.000003 s
Total time spent                                                 : 0.027310 s

Statistics:
===========
< Parallel Direct Factorization with number of processors: > 20
< Numerical Factorization with BLAS3 and O(n) synchronization >

< Linear system Ax = b >
             number of equations:           31770
             number of non-zeros in A:      183540
             number of non-zeros in A (%): 0.018184

             number of right-hand sides:    1

< Factors L and U >
             number of columns for each panel: 72
             number of independent subgraphs:  0
< Preprocessing with state of the art partitioning metis>
             number of supernodes:                    17459
             size of largest supernode:               192
             number of non-zeros in L:                587872
             number of non-zeros in U:                444900
             number of non-zeros in L+U:              1032772
             gflop   for the numerical factorization: 0.052665

             gflop/s for the numerical factorization: 1.931677


Factorization completed ...
 
=== PARDISO: solving a real nonsymmetric system ===


Summary: ( solution phase )
================

Times:
======
Time spent in direct solver at solve step (solve)                : 0.001104 s
Time spent in additional calculations                            : 0.002290 s
Total time spent                                                 : 0.003394 s

Statistics:
===========
< Parallel Direct Factorization with number of processors: > 20
< Numerical Factorization with BLAS3 and O(n) synchronization >

< Linear system Ax = b >
             number of equations:           31770
             number of non-zeros in A:      183540
             number of non-zeros in A (%): 0.018184

             number of right-hand sides:    1

< Factors L and U >
             number of columns for each panel: 72
             number of independent subgraphs:  0
< Preprocessing with state of the art partitioning metis>
             number of supernodes:                    17459
             size of largest supernode:               192
             number of non-zeros in L:                587872
             number of non-zeros in U:                444900
             number of non-zeros in L+U:              1032772
             gflop   for the numerical factorization: 0.052665

             gflop/s for the numerical factorization: 1.931677


Solve completed ...

Memory deallocated...
