
===================================
mtx file = ../matrices/af23560.mtx

Done with reading mtx file.
m = 23560, n = 23560, nz = 484256

Number of threads = 20

=== PARDISO: solving a real nonsymmetric system ===
The local (internal) PARDISO version is                          : 103911000
1-based array indexing is turned ON
PARDISO double precision computation is turned ON
METIS algorithm at reorder step is turned ON
Scaling is turned ON
Matching is turned ON


Summary: ( reordering phase )
================

Times:
======
Time spent in calculations of symmetric matrix portrait (fulladj): 0.004241 s
Time spent in reordering of the initial matrix (reorder)         : 0.148259 s
Time spent in symbolic factorization (symbfct)                   : 0.020537 s
Time spent in data preparations for factorization (parlist)      : 0.001752 s
Time spent in allocation of internal data structures (malloc)    : 0.023672 s
Time spent in additional calculations                            : 0.021532 s
Total time spent                                                 : 0.219993 s

Statistics:
===========
< Parallel Direct Factorization with number of processors: > 20
< Numerical Factorization with BLAS3 and O(n) synchronization >

< Linear system Ax = b >
             number of equations:           23560
             number of non-zeros in A:      484256
             number of non-zeros in A (%): 0.087242

             number of right-hand sides:    1

< Factors L and U >
             number of columns for each panel: 72
             number of independent subgraphs:  0
< Preprocessing with state of the art partitioning metis>
             number of supernodes:                    10082
             size of largest supernode:               844
             number of non-zeros in L:                4764899
             number of non-zeros in U:                4182607
             number of non-zeros in L+U:              8947506

Reordering completed ... 
Number of nonzeros in factors  = 0
Number of factorization MFLOPS = 3158=== PARDISO is running in In-Core mode, because iparam(60)=0 ===
Percentage of computed non-zeros for LL^T factorization
 0 %  1 %  2 %  3 %  4 %  5 %  6 %  7 %  8 %  9 %  10 %  11 %  12 %  13 %  14 %  15 %  16 %  18 %  19 %  21 %  22 %  24 %  28 %  30 %  32 %  34 %  36 %  37 %  44 %  45 %  52 %  57 %  60 %  63 %  71 %  81 %  97 %  100 % 

=== PARDISO: solving a real nonsymmetric system ===
Single-level factorization algorithm is turned ON


Summary: ( factorization phase )
================

Times:
======
Time spent in copying matrix to internal data structure (A to LU): 0.000000 s
Time spent in factorization step (numfct)                        : 0.050547 s
Time spent in allocation of internal data structures (malloc)    : 0.000048 s
Time spent in additional calculations                            : 0.000004 s
Total time spent                                                 : 0.050599 s

Statistics:
===========
< Parallel Direct Factorization with number of processors: > 20
< Numerical Factorization with BLAS3 and O(n) synchronization >

< Linear system Ax = b >
             number of equations:           23560
             number of non-zeros in A:      484256
             number of non-zeros in A (%): 0.087242

             number of right-hand sides:    1

< Factors L and U >
             number of columns for each panel: 72
             number of independent subgraphs:  0
< Preprocessing with state of the art partitioning metis>
             number of supernodes:                    10082
             size of largest supernode:               844
             number of non-zeros in L:                4764899
             number of non-zeros in U:                4182607
             number of non-zeros in L+U:              8947506
             gflop   for the numerical factorization: 3.158331

             gflop/s for the numerical factorization: 62.482907


Factorization completed ...
 
=== PARDISO: solving a real nonsymmetric system ===


Summary: ( solution phase )
================

Times:
======
Time spent in direct solver at solve step (solve)                : 0.004383 s
Time spent in additional calculations                            : 0.008799 s
Total time spent                                                 : 0.013182 s

Statistics:
===========
< Parallel Direct Factorization with number of processors: > 20
< Numerical Factorization with BLAS3 and O(n) synchronization >

< Linear system Ax = b >
             number of equations:           23560
             number of non-zeros in A:      484256
             number of non-zeros in A (%): 0.087242

             number of right-hand sides:    1

< Factors L and U >
             number of columns for each panel: 72
             number of independent subgraphs:  0
< Preprocessing with state of the art partitioning metis>
             number of supernodes:                    10082
             size of largest supernode:               844
             number of non-zeros in L:                4764899
             number of non-zeros in U:                4182607
             number of non-zeros in L+U:              8947506
             gflop   for the numerical factorization: 3.158331

             gflop/s for the numerical factorization: 62.482907


Solve completed ...

Memory deallocated...
