
===================================
mtx file = ../matrices/bauru5727.mtx

Done with reading mtx file.
m = 40366, n = 40366, nz = 145019

Number of threads = 20

=== PARDISO: solving a real nonsymmetric system ===
The local (internal) PARDISO version is                          : 103911000
1-based array indexing is turned ON
PARDISO double precision computation is turned ON
METIS algorithm at reorder step is turned ON
Scaling is turned ON
Matching is turned ON


Summary: ( reordering phase )
================

Times:
======
Time spent in calculations of symmetric matrix portrait (fulladj): 0.002847 s
Time spent in reordering of the initial matrix (reorder)         : 0.085899 s
Time spent in symbolic factorization (symbfct)                   : 0.010690 s
Time spent in data preparations for factorization (parlist)      : 0.000742 s
Time spent in allocation of internal data structures (malloc)    : 0.016940 s
Time spent in additional calculations                            : 0.007301 s
Total time spent                                                 : 0.124419 s

Statistics:
===========
< Parallel Direct Factorization with number of processors: > 20
< Numerical Factorization with BLAS3 and O(n) synchronization >

< Linear system Ax = b >
             number of equations:           40366
             number of non-zeros in A:      145019
             number of non-zeros in A (%): 0.008900

             number of right-hand sides:    1

< Factors L and U >
             number of columns for each panel: 72
             number of independent subgraphs:  0
< Preprocessing with state of the art partitioning metis>
             number of supernodes:                    34324
             size of largest supernode:               33
             number of non-zeros in L:                175732
             number of non-zeros in U:                115934
             number of non-zeros in L+U:              291666

Reordering completed ... 
Number of nonzeros in factors  = 0
Number of factorization MFLOPS = 2=== PARDISO is running in In-Core mode, because iparam(60)=0 ===
Percentage of computed non-zeros for LL^T factorization
 0 %  1 %  2 %  3 %  4 %  5 %  6 %  7 %  8 %  9 %  10 %  11 %  12 %  13 %  14 %  15 %  16 %  17 %  18 %  19 %  20 %  21 %  22 %  23 %  24 %  25 %  26 %  27 %  28 %  29 %  30 %  31 %  32 %  33 %  34 %  35 %  36 %  37 %  38 %  39 %  40 %  41 %  42 %  43 %  44 %  45 %  46 %  47 %  48 %  49 %  50 %  51 %  52 %  53 %  54 %  55 %  56 %  57 %  58 %  59 %  60 %  61 %  62 %  63 %  64 %  65 %  66 %  67 %  68 %  69 %  70 %  71 %  72 %  73 %  74 %  75 %  76 %  77 %  78 %  79 %  80 %  81 %  82 %  83 %  84 %  85 %  86 %  87 %  88 %  89 %  90 %  91 %  92 %  93 %  94 %  99 %  100 % 

=== PARDISO: solving a real nonsymmetric system ===
Single-level factorization algorithm is turned ON


Summary: ( factorization phase )
================

Times:
======
Time spent in copying matrix to internal data structure (A to LU): 0.000000 s
Time spent in factorization step (numfct)                        : 0.033087 s
Time spent in allocation of internal data structures (malloc)    : 0.000044 s
Time spent in additional calculations                            : 0.000003 s
Total time spent                                                 : 0.033134 s

Statistics:
===========
< Parallel Direct Factorization with number of processors: > 20
< Numerical Factorization with BLAS3 and O(n) synchronization >

< Linear system Ax = b >
             number of equations:           40366
             number of non-zeros in A:      145019
             number of non-zeros in A (%): 0.008900

             number of right-hand sides:    1

< Factors L and U >
             number of columns for each panel: 72
             number of independent subgraphs:  0
< Preprocessing with state of the art partitioning metis>
             number of supernodes:                    34324
             size of largest supernode:               33
             number of non-zeros in L:                175732
             number of non-zeros in U:                115934
             number of non-zeros in L+U:              291666
             gflop   for the numerical factorization: 0.002284

             gflop/s for the numerical factorization: 0.069028


Factorization completed ...
 
=== PARDISO: solving a real nonsymmetric system ===


Summary: ( solution phase )
================

Times:
======
Time spent in direct solver at solve step (solve)                : 0.001243 s
Time spent in additional calculations                            : 0.002775 s
Total time spent                                                 : 0.004018 s

Statistics:
===========
< Parallel Direct Factorization with number of processors: > 20
< Numerical Factorization with BLAS3 and O(n) synchronization >

< Linear system Ax = b >
             number of equations:           40366
             number of non-zeros in A:      145019
             number of non-zeros in A (%): 0.008900

             number of right-hand sides:    1

< Factors L and U >
             number of columns for each panel: 72
             number of independent subgraphs:  0
< Preprocessing with state of the art partitioning metis>
             number of supernodes:                    34324
             size of largest supernode:               33
             number of non-zeros in L:                175732
             number of non-zeros in U:                115934
             number of non-zeros in L+U:              291666
             gflop   for the numerical factorization: 0.002284

             gflop/s for the numerical factorization: 0.069028


Solve completed ...

Memory deallocated...
