
===================================
mtx file = ../matrices/case39.mtx

Done with reading mtx file.
m = 40216, n = 40216, nz = 526139

Number of threads = 20

=== PARDISO: solving a real nonsymmetric system ===
The local (internal) PARDISO version is                          : 103911000
1-based array indexing is turned ON
PARDISO double precision computation is turned ON
METIS algorithm at reorder step is turned ON
Scaling is turned ON
Matching is turned ON


Summary: ( reordering phase )
================

Times:
======
Time spent in calculations of symmetric matrix portrait (fulladj): 0.004526 s
Time spent in reordering of the initial matrix (reorder)         : 0.281245 s
Time spent in symbolic factorization (symbfct)                   : 0.020195 s
Time spent in data preparations for factorization (parlist)      : 0.001169 s
Time spent in allocation of internal data structures (malloc)    : 0.650313 s
Time spent in additional calculations                            : 0.027392 s
Total time spent                                                 : 0.984840 s

Statistics:
===========
< Parallel Direct Factorization with number of processors: > 20
< Numerical Factorization with BLAS3 and O(n) synchronization >

< Linear system Ax = b >
             number of equations:           40216
             number of non-zeros in A:      526139
             number of non-zeros in A (%): 0.032531

             number of right-hand sides:    1

< Factors L and U >
             number of columns for each panel: 72
             number of independent subgraphs:  0
< Preprocessing with state of the art partitioning metis>
             number of supernodes:                    26298
             size of largest supernode:               60
             number of non-zeros in L:                1730717
             number of non-zeros in U:                1311143
             number of non-zeros in L+U:              3041860

Reordering completed ... 
Number of nonzeros in factors  = 0
Number of factorization MFLOPS = 199=== PARDISO is running in In-Core mode, because iparam(60)=0 ===
Percentage of computed non-zeros for LL^T factorization
 0 %  1 %  2 %  3 %  4 %  5 %  6 %  7 %  8 %  9 %  10 %  11 %  12 %  13 %  14 %  15 %  16 %  17 %  18 %  19 %  20 %  21 %  22 %  23 %  24 %  25 %  26 %  27 %  28 %  32 %  33 %  34 %  35 %  40 %  41 %  46 %  47 %  48 %  53 %  56 %  59 %  60 %  66 %  67 %  71 %  77 %  80 %  83 %  84 %  86 %  88 %  90 %  92 %  94 %  95 %  97 %  99 %  100 % 

=== PARDISO: solving a real nonsymmetric system ===
Single-level factorization algorithm is turned ON


Summary: ( factorization phase )
================

Times:
======
Time spent in copying matrix to internal data structure (A to LU): 0.000000 s
Time spent in factorization step (numfct)                        : 0.033247 s
Time spent in allocation of internal data structures (malloc)    : 0.000051 s
Time spent in additional calculations                            : 0.000004 s
Total time spent                                                 : 0.033302 s

Statistics:
===========
< Parallel Direct Factorization with number of processors: > 20
< Numerical Factorization with BLAS3 and O(n) synchronization >

< Linear system Ax = b >
             number of equations:           40216
             number of non-zeros in A:      526139
             number of non-zeros in A (%): 0.032531

             number of right-hand sides:    1

< Factors L and U >
             number of columns for each panel: 72
             number of independent subgraphs:  0
< Preprocessing with state of the art partitioning metis>
             number of supernodes:                    26298
             size of largest supernode:               60
             number of non-zeros in L:                1730717
             number of non-zeros in U:                1311143
             number of non-zeros in L+U:              3041860
             gflop   for the numerical factorization: 0.199396

             gflop/s for the numerical factorization: 5.997421


Factorization completed ...
 
=== PARDISO: solving a real nonsymmetric system ===


Summary: ( solution phase )
================

Times:
======
Time spent in direct solver at solve step (solve)                : 0.001636 s
Time spent in additional calculations                            : 0.003576 s
Total time spent                                                 : 0.005212 s

Statistics:
===========
< Parallel Direct Factorization with number of processors: > 20
< Numerical Factorization with BLAS3 and O(n) synchronization >

< Linear system Ax = b >
             number of equations:           40216
             number of non-zeros in A:      526139
             number of non-zeros in A (%): 0.032531

             number of right-hand sides:    1

< Factors L and U >
             number of columns for each panel: 72
             number of independent subgraphs:  0
< Preprocessing with state of the art partitioning metis>
             number of supernodes:                    26298
             size of largest supernode:               60
             number of non-zeros in L:                1730717
             number of non-zeros in U:                1311143
             number of non-zeros in L+U:              3041860
             gflop   for the numerical factorization: 0.199396

             gflop/s for the numerical factorization: 5.997421


Solve completed ...

Memory deallocated...
