
===================================
mtx file = ../matrices/cfd1.mtx

Done with reading mtx file.
m = 70656, n = 70656, nz = 949510

Number of threads = 20

=== PARDISO: solving a real nonsymmetric system ===
The local (internal) PARDISO version is                          : 103911000
1-based array indexing is turned ON
PARDISO double precision computation is turned ON
METIS algorithm at reorder step is turned ON
Scaling is turned ON
Matching is turned ON


Summary: ( reordering phase )
================

Times:
======
Time spent in calculations of symmetric matrix portrait (fulladj): 0.009222 s
Time spent in reordering of the initial matrix (reorder)         : 0.536229 s
Time spent in symbolic factorization (symbfct)                   : 0.067692 s
Time spent in data preparations for factorization (parlist)      : 0.004304 s
Time spent in allocation of internal data structures (malloc)    : 0.039855 s
Time spent in additional calculations                            : 0.093507 s
Total time spent                                                 : 0.750809 s

Statistics:
===========
< Parallel Direct Factorization with number of processors: > 20
< Numerical Factorization with BLAS3 and O(n) synchronization >

< Linear system Ax = b >
             number of equations:           70656
             number of non-zeros in A:      949510
             number of non-zeros in A (%): 0.019020

             number of right-hand sides:    1

< Factors L and U >
             number of columns for each panel: 72
             number of independent subgraphs:  0
< Preprocessing with state of the art partitioning metis>
             number of supernodes:                    20223
             size of largest supernode:               1152
             number of non-zeros in L:                21460311
             number of non-zeros in U:                19392363
             number of non-zeros in L+U:              40852674

Reordering completed ... 
Number of nonzeros in factors  = 0
Number of factorization MFLOPS = 25411=== PARDISO is running in In-Core mode, because iparam(60)=0 ===
Percentage of computed non-zeros for LL^T factorization
 0 %  1 %  2 %  3 %  4 %  5 %  6 %  7 %  8 %  9 %  10 %  11 %  12 %  13 %  14 %  15 %  16 %  17 %  18 %  19 %  20 %  22 %  23 %  24 %  26 %  27 %  28 %  29 %  30 %  33 %  34 %  39 %  43 %  44 %  48 %  52 %  55 %  58 %  59 %  61 %  66 %  71 %  80 %  89 %  95 %  99 %  100 % 

=== PARDISO: solving a real nonsymmetric system ===
Single-level factorization algorithm is turned ON


Summary: ( factorization phase )
================

Times:
======
Time spent in copying matrix to internal data structure (A to LU): 0.000000 s
Time spent in factorization step (numfct)                        : 0.260661 s
Time spent in allocation of internal data structures (malloc)    : 0.000052 s
Time spent in additional calculations                            : 0.000004 s
Total time spent                                                 : 0.260717 s

Statistics:
===========
< Parallel Direct Factorization with number of processors: > 20
< Numerical Factorization with BLAS3 and O(n) synchronization >

< Linear system Ax = b >
             number of equations:           70656
             number of non-zeros in A:      949510
             number of non-zeros in A (%): 0.019020

             number of right-hand sides:    1

< Factors L and U >
             number of columns for each panel: 72
             number of independent subgraphs:  0
< Preprocessing with state of the art partitioning metis>
             number of supernodes:                    20223
             size of largest supernode:               1152
             number of non-zeros in L:                21460311
             number of non-zeros in U:                19392363
             number of non-zeros in L+U:              40852674
             gflop   for the numerical factorization: 25.411409

             gflop/s for the numerical factorization: 97.488384


Factorization completed ...
 
=== PARDISO: solving a real nonsymmetric system ===


Summary: ( solution phase )
================

Times:
======
Time spent in direct solver at solve step (solve)                : 0.020220 s
Time spent in additional calculations                            : 0.041582 s
Total time spent                                                 : 0.061802 s

Statistics:
===========
< Parallel Direct Factorization with number of processors: > 20
< Numerical Factorization with BLAS3 and O(n) synchronization >

< Linear system Ax = b >
             number of equations:           70656
             number of non-zeros in A:      949510
             number of non-zeros in A (%): 0.019020

             number of right-hand sides:    1

< Factors L and U >
             number of columns for each panel: 72
             number of independent subgraphs:  0
< Preprocessing with state of the art partitioning metis>
             number of supernodes:                    20223
             size of largest supernode:               1152
             number of non-zeros in L:                21460311
             number of non-zeros in U:                19392363
             number of non-zeros in L+U:              40852674
             gflop   for the numerical factorization: 25.411409

             gflop/s for the numerical factorization: 97.488384


Solve completed ...

Memory deallocated...
