
===================================
mtx file = ../matrices/cond-mat-2005.mtx

Done with reading mtx file.
m = 40421, n = 40421, nz = 175693

Number of threads = 20

=== PARDISO: solving a real nonsymmetric system ===
The local (internal) PARDISO version is                          : 103911000
1-based array indexing is turned ON
PARDISO double precision computation is turned ON
METIS algorithm at reorder step is turned ON
Scaling is turned ON
Matching is turned ON


Summary: ( reordering phase )
================

Times:
======
Time spent in calculations of symmetric matrix portrait (fulladj): 0.004551 s
Time spent in reordering of the initial matrix (reorder)         : 0.185433 s
Time spent in symbolic factorization (symbfct)                   : 0.055543 s
Time spent in data preparations for factorization (parlist)      : 0.004853 s
Time spent in allocation of internal data structures (malloc)    : 1.895434 s
Time spent in additional calculations                            : 0.025478 s
Total time spent                                                 : 2.171292 s

Statistics:
===========
< Parallel Direct Factorization with number of processors: > 20
< Numerical Factorization with BLAS3 and O(n) synchronization >

< Linear system Ax = b >
             number of equations:           40421
             number of non-zeros in A:      175693
             number of non-zeros in A (%): 0.010753

             number of right-hand sides:    1

< Factors L and U >
             number of columns for each panel: 72
             number of independent subgraphs:  0
< Preprocessing with state of the art partitioning metis>
             number of supernodes:                    31116
             size of largest supernode:               2038
             number of non-zeros in L:                9351648
             number of non-zeros in U:                9100901
             number of non-zeros in L+U:              18452549

Reordering completed ... 
Number of nonzeros in factors  = 0
Number of factorization MFLOPS = 37903=== PARDISO is running in In-Core mode, because iparam(60)=0 ===
Percentage of computed non-zeros for LL^T factorization
 0 %  1 %  2 %  3 %  4 %  5 %  6 %  7 %  8 %  9 %  10 %  11 %  13 %  15 %  16 %  17 %  18 %  20 %  22 %  23 %  24 %  25 %  26 %  27 %  29 %  32 %  35 %  38 %  43 %  47 %  54 %  66 %  90 %  100 % 

=== PARDISO: solving a real nonsymmetric system ===
Single-level factorization algorithm is turned ON


Summary: ( factorization phase )
================

Times:
======
Time spent in copying matrix to internal data structure (A to LU): 0.000000 s
Time spent in factorization step (numfct)                        : 0.792466 s
Time spent in allocation of internal data structures (malloc)    : 0.000044 s
Time spent in additional calculations                            : 0.000003 s
Total time spent                                                 : 0.792513 s

Statistics:
===========
< Parallel Direct Factorization with number of processors: > 20
< Numerical Factorization with BLAS3 and O(n) synchronization >

< Linear system Ax = b >
             number of equations:           40421
             number of non-zeros in A:      175693
             number of non-zeros in A (%): 0.010753

             number of right-hand sides:    1

< Factors L and U >
             number of columns for each panel: 72
             number of independent subgraphs:  0
< Preprocessing with state of the art partitioning metis>
             number of supernodes:                    31116
             size of largest supernode:               2038
             number of non-zeros in L:                9351648
             number of non-zeros in U:                9100901
             number of non-zeros in L+U:              18452549
             gflop   for the numerical factorization: 37.903306

             gflop/s for the numerical factorization: 47.829572


Factorization completed ...
 
=== PARDISO: solving a real nonsymmetric system ===


Summary: ( solution phase )
================

Times:
======
Time spent in direct solver at solve step (solve)                : 0.019066 s
Time spent in additional calculations                            : 0.039067 s
Total time spent                                                 : 0.058133 s

Statistics:
===========
< Parallel Direct Factorization with number of processors: > 20
< Numerical Factorization with BLAS3 and O(n) synchronization >

< Linear system Ax = b >
             number of equations:           40421
             number of non-zeros in A:      175693
             number of non-zeros in A (%): 0.010753

             number of right-hand sides:    1

< Factors L and U >
             number of columns for each panel: 72
             number of independent subgraphs:  0
< Preprocessing with state of the art partitioning metis>
             number of supernodes:                    31116
             size of largest supernode:               2038
             number of non-zeros in L:                9351648
             number of non-zeros in U:                9100901
             number of non-zeros in L+U:              18452549
             gflop   for the numerical factorization: 37.903306

             gflop/s for the numerical factorization: 47.829572


Solve completed ...

Memory deallocated...
