
===================================
mtx file = ../matrices/dawson5.mtx

Done with reading mtx file.
m = 51537, n = 51537, nz = 531157

Number of threads = 20

=== PARDISO: solving a real nonsymmetric system ===
The local (internal) PARDISO version is                          : 103911000
1-based array indexing is turned ON
PARDISO double precision computation is turned ON
METIS algorithm at reorder step is turned ON
Scaling is turned ON
Matching is turned ON


Summary: ( reordering phase )
================

Times:
======
Time spent in calculations of symmetric matrix portrait (fulladj): 0.005673 s
Time spent in reordering of the initial matrix (reorder)         : 0.284418 s
Time spent in symbolic factorization (symbfct)                   : 0.031240 s
Time spent in data preparations for factorization (parlist)      : 0.002394 s
Time spent in allocation of internal data structures (malloc)    : 0.928035 s
Time spent in additional calculations                            : 0.060788 s
Total time spent                                                 : 1.312548 s

Statistics:
===========
< Parallel Direct Factorization with number of processors: > 20
< Numerical Factorization with BLAS3 and O(n) synchronization >

< Linear system Ax = b >
             number of equations:           51537
             number of non-zeros in A:      531157
             number of non-zeros in A (%): 0.019998

             number of right-hand sides:    1

< Factors L and U >
             number of columns for each panel: 72
             number of independent subgraphs:  0
< Preprocessing with state of the art partitioning metis>
             number of supernodes:                    18694
             size of largest supernode:               498
             number of non-zeros in L:                4360161
             number of non-zeros in U:                3557414
             number of non-zeros in L+U:              7917575

Reordering completed ... 
Number of nonzeros in factors  = 0
Number of factorization MFLOPS = 1405=== PARDISO is running in In-Core mode, because iparam(60)=0 ===
Percentage of computed non-zeros for LL^T factorization
 0 %  1 %  2 %  3 %  4 %  5 %  6 %  7 %  8 %  9 %  10 %  11 %  12 %  13 %  14 %  15 %  16 %  17 %  18 %  19 %  20 %  21 %  22 %  23 %  27 %  28 %  31 %  32 %  33 %  34 %  35 %  36 %  38 %  40 %  41 %  43 %  44 %  46 %  48 %  53 %  54 %  58 %  60 %  61 %  63 %  65 %  66 %  67 %  68 %  78 %  83 %  97 %  100 % 

=== PARDISO: solving a real nonsymmetric system ===
Single-level factorization algorithm is turned ON


Summary: ( factorization phase )
================

Times:
======
Time spent in copying matrix to internal data structure (A to LU): 0.000000 s
Time spent in factorization step (numfct)                        : 0.049586 s
Time spent in allocation of internal data structures (malloc)    : 0.000049 s
Time spent in additional calculations                            : 0.000004 s
Total time spent                                                 : 0.049639 s

Statistics:
===========
< Parallel Direct Factorization with number of processors: > 20
< Numerical Factorization with BLAS3 and O(n) synchronization >

< Linear system Ax = b >
             number of equations:           51537
             number of non-zeros in A:      531157
             number of non-zeros in A (%): 0.019998

             number of right-hand sides:    1

< Factors L and U >
             number of columns for each panel: 72
             number of independent subgraphs:  0
< Preprocessing with state of the art partitioning metis>
             number of supernodes:                    18694
             size of largest supernode:               498
             number of non-zeros in L:                4360161
             number of non-zeros in U:                3557414
             number of non-zeros in L+U:              7917575
             gflop   for the numerical factorization: 1.405168

             gflop/s for the numerical factorization: 28.337957


Factorization completed ...
 
=== PARDISO: solving a real nonsymmetric system ===


Summary: ( solution phase )
================

Times:
======
Time spent in direct solver at solve step (solve)                : 0.004448 s
Time spent in additional calculations                            : 0.009331 s
Total time spent                                                 : 0.013779 s

Statistics:
===========
< Parallel Direct Factorization with number of processors: > 20
< Numerical Factorization with BLAS3 and O(n) synchronization >

< Linear system Ax = b >
             number of equations:           51537
             number of non-zeros in A:      531157
             number of non-zeros in A (%): 0.019998

             number of right-hand sides:    1

< Factors L and U >
             number of columns for each panel: 72
             number of independent subgraphs:  0
< Preprocessing with state of the art partitioning metis>
             number of supernodes:                    18694
             size of largest supernode:               498
             number of non-zeros in L:                4360161
             number of non-zeros in U:                3557414
             number of non-zeros in L+U:              7917575
             gflop   for the numerical factorization: 1.405168

             gflop/s for the numerical factorization: 28.337957


Solve completed ...

Memory deallocated...
