
===================================
mtx file = ../matrices/Dubcova2.mtx

Done with reading mtx file.
m = 65025, n = 65025, nz = 547625

Number of threads = 20

=== PARDISO: solving a real nonsymmetric system ===
The local (internal) PARDISO version is                          : 103911000
1-based array indexing is turned ON
PARDISO double precision computation is turned ON
METIS algorithm at reorder step is turned ON
Scaling is turned ON
Matching is turned ON


Summary: ( reordering phase )
================

Times:
======
Time spent in calculations of symmetric matrix portrait (fulladj): 0.006718 s
Time spent in reordering of the initial matrix (reorder)         : 0.339076 s
Time spent in symbolic factorization (symbfct)                   : 0.030041 s
Time spent in data preparations for factorization (parlist)      : 0.002384 s
Time spent in allocation of internal data structures (malloc)    : 0.024234 s
Time spent in additional calculations                            : 0.043039 s
Total time spent                                                 : 0.445492 s

Statistics:
===========
< Parallel Direct Factorization with number of processors: > 20
< Numerical Factorization with BLAS3 and O(n) synchronization >

< Linear system Ax = b >
             number of equations:           65025
             number of non-zeros in A:      547625
             number of non-zeros in A (%): 0.012952

             number of right-hand sides:    1

< Factors L and U >
             number of columns for each panel: 72
             number of independent subgraphs:  0
< Preprocessing with state of the art partitioning metis>
             number of supernodes:                    32678
             size of largest supernode:               460
             number of non-zeros in L:                3271528
             number of non-zeros in U:                2700923
             number of non-zeros in L+U:              5972451

Reordering completed ... 
Number of nonzeros in factors  = 0
Number of factorization MFLOPS = 806=== PARDISO is running in In-Core mode, because iparam(60)=0 ===
Percentage of computed non-zeros for LL^T factorization
 0 %  1 %  2 %  3 %  4 %  5 %  6 %  7 %  8 %  9 %  10 %  11 %  12 %  13 %  14 %  15 %  16 %  17 %  18 %  19 %  20 %  21 %  22 %  23 %  24 %  25 %  26 %  27 %  28 %  29 %  30 %  31 %  32 %  33 %  34 %  35 %  36 %  37 %  38 %  39 %  40 %  41 %  42 %  43 %  44 %  45 %  46 %  47 %  48 %  49 %  50 %  51 %  52 %  53 %  54 %  55 %  56 %  58 %  59 %  60 %  62 %  66 %  68 %  76 %  89 %  100 % 

=== PARDISO: solving a real nonsymmetric system ===
Single-level factorization algorithm is turned ON


Summary: ( factorization phase )
================

Times:
======
Time spent in copying matrix to internal data structure (A to LU): 0.000000 s
Time spent in factorization step (numfct)                        : 0.051075 s
Time spent in allocation of internal data structures (malloc)    : 0.000052 s
Time spent in additional calculations                            : 0.000003 s
Total time spent                                                 : 0.051130 s

Statistics:
===========
< Parallel Direct Factorization with number of processors: > 20
< Numerical Factorization with BLAS3 and O(n) synchronization >

< Linear system Ax = b >
             number of equations:           65025
             number of non-zeros in A:      547625
             number of non-zeros in A (%): 0.012952

             number of right-hand sides:    1

< Factors L and U >
             number of columns for each panel: 72
             number of independent subgraphs:  0
< Preprocessing with state of the art partitioning metis>
             number of supernodes:                    32678
             size of largest supernode:               460
             number of non-zeros in L:                3271528
             number of non-zeros in U:                2700923
             number of non-zeros in L+U:              5972451
             gflop   for the numerical factorization: 0.806254

             gflop/s for the numerical factorization: 15.785703


Factorization completed ...
 
=== PARDISO: solving a real nonsymmetric system ===


Summary: ( solution phase )
================

Times:
======
Time spent in direct solver at solve step (solve)                : 0.004314 s
Time spent in additional calculations                            : 0.009358 s
Total time spent                                                 : 0.013672 s

Statistics:
===========
< Parallel Direct Factorization with number of processors: > 20
< Numerical Factorization with BLAS3 and O(n) synchronization >

< Linear system Ax = b >
             number of equations:           65025
             number of non-zeros in A:      547625
             number of non-zeros in A (%): 0.012952

             number of right-hand sides:    1

< Factors L and U >
             number of columns for each panel: 72
             number of independent subgraphs:  0
< Preprocessing with state of the art partitioning metis>
             number of supernodes:                    32678
             size of largest supernode:               460
             number of non-zeros in L:                3271528
             number of non-zeros in U:                2700923
             number of non-zeros in L+U:              5972451
             gflop   for the numerical factorization: 0.806254

             gflop/s for the numerical factorization: 15.785703


Solve completed ...

Memory deallocated...
