
===================================
mtx file = ../matrices/ecl32.mtx

Done with reading mtx file.
m = 51993, n = 51993, nz = 380415

Number of threads = 20

=== PARDISO: solving a real nonsymmetric system ===
The local (internal) PARDISO version is                          : 103911000
1-based array indexing is turned ON
PARDISO double precision computation is turned ON
METIS algorithm at reorder step is turned ON
Scaling is turned ON
Matching is turned ON


Summary: ( reordering phase )
================

Times:
======
Time spent in calculations of symmetric matrix portrait (fulladj): 0.004777 s
Time spent in reordering of the initial matrix (reorder)         : 0.313971 s
Time spent in symbolic factorization (symbfct)                   : 0.045750 s
Time spent in data preparations for factorization (parlist)      : 0.004732 s
Time spent in allocation of internal data structures (malloc)    : 0.026478 s
Time spent in additional calculations                            : 0.022731 s
Total time spent                                                 : 0.418439 s

Statistics:
===========
< Parallel Direct Factorization with number of processors: > 20
< Numerical Factorization with BLAS3 and O(n) synchronization >

< Linear system Ax = b >
             number of equations:           51993
             number of non-zeros in A:      380415
             number of non-zeros in A (%): 0.014072

             number of right-hand sides:    1

< Factors L and U >
             number of columns for each panel: 72
             number of independent subgraphs:  0
< Preprocessing with state of the art partitioning metis>
             number of supernodes:                    32983
             size of largest supernode:               992
             number of non-zeros in L:                12442247
             number of non-zeros in U:                11680174
             number of non-zeros in L+U:              24122421

Reordering completed ... 
Number of nonzeros in factors  = 0
Number of factorization MFLOPS = 20318=== PARDISO is running in In-Core mode, because iparam(60)=0 ===
Percentage of computed non-zeros for LL^T factorization
 0 %  1 %  2 %  3 %  4 %  5 %  6 %  7 %  8 %  9 %  10 %  11 %  12 %  13 %  14 %  15 %  16 %  17 %  18 %  19 %  20 %  21 %  22 %  27 %  28 %  29 %  32 %  34 %  35 %  47 %  56 %  61 %  67 %  81 %  95 %  100 % 

=== PARDISO: solving a real nonsymmetric system ===
Single-level factorization algorithm is turned ON


Summary: ( factorization phase )
================

Times:
======
Time spent in copying matrix to internal data structure (A to LU): 0.000000 s
Time spent in factorization step (numfct)                        : 0.213361 s
Time spent in allocation of internal data structures (malloc)    : 0.000050 s
Time spent in additional calculations                            : 0.000004 s
Total time spent                                                 : 0.213415 s

Statistics:
===========
< Parallel Direct Factorization with number of processors: > 20
< Numerical Factorization with BLAS3 and O(n) synchronization >

< Linear system Ax = b >
             number of equations:           51993
             number of non-zeros in A:      380415
             number of non-zeros in A (%): 0.014072

             number of right-hand sides:    1

< Factors L and U >
             number of columns for each panel: 72
             number of independent subgraphs:  0
< Preprocessing with state of the art partitioning metis>
             number of supernodes:                    32983
             size of largest supernode:               992
             number of non-zeros in L:                12442247
             number of non-zeros in U:                11680174
             number of non-zeros in L+U:              24122421
             gflop   for the numerical factorization: 20.318943

             gflop/s for the numerical factorization: 95.232685


Factorization completed ...
 
=== PARDISO: solving a real nonsymmetric system ===


Summary: ( solution phase )
================

Times:
======
Time spent in direct solver at solve step (solve)                : 0.012168 s
Time spent in additional calculations                            : 0.024636 s
Total time spent                                                 : 0.036804 s

Statistics:
===========
< Parallel Direct Factorization with number of processors: > 20
< Numerical Factorization with BLAS3 and O(n) synchronization >

< Linear system Ax = b >
             number of equations:           51993
             number of non-zeros in A:      380415
             number of non-zeros in A (%): 0.014072

             number of right-hand sides:    1

< Factors L and U >
             number of columns for each panel: 72
             number of independent subgraphs:  0
< Preprocessing with state of the art partitioning metis>
             number of supernodes:                    32983
             size of largest supernode:               992
             number of non-zeros in L:                12442247
             number of non-zeros in U:                11680174
             number of non-zeros in L+U:              24122421
             gflop   for the numerical factorization: 20.318943

             gflop/s for the numerical factorization: 95.232685


Solve completed ...

Memory deallocated...
