
===================================
mtx file = ../matrices/filter3D.mtx

Done with reading mtx file.
m = 106437, n = 106437, nz = 1406808

Number of threads = 20

=== PARDISO: solving a real nonsymmetric system ===
The local (internal) PARDISO version is                          : 103911000
1-based array indexing is turned ON
PARDISO double precision computation is turned ON
METIS algorithm at reorder step is turned ON
Scaling is turned ON
Matching is turned ON


Summary: ( reordering phase )
================

Times:
======
Time spent in calculations of symmetric matrix portrait (fulladj): 0.018203 s
Time spent in reordering of the initial matrix (reorder)         : 0.908232 s
Time spent in symbolic factorization (symbfct)                   : 0.098216 s
Time spent in data preparations for factorization (parlist)      : 0.006806 s
Time spent in allocation of internal data structures (malloc)    : 0.058069 s
Time spent in additional calculations                            : 0.158655 s
Total time spent                                                 : 1.248181 s

Statistics:
===========
< Parallel Direct Factorization with number of processors: > 20
< Numerical Factorization with BLAS3 and O(n) synchronization >

< Linear system Ax = b >
             number of equations:           106437
             number of non-zeros in A:      1406808
             number of non-zeros in A (%): 0.012418

             number of right-hand sides:    1

< Factors L and U >
             number of columns for each panel: 72
             number of independent subgraphs:  0
< Preprocessing with state of the art partitioning metis>
             number of supernodes:                    40072
             size of largest supernode:               823
             number of non-zeros in L:                19990506
             number of non-zeros in U:                17800087
             number of non-zeros in L+U:              37790593

Reordering completed ... 
Number of nonzeros in factors  = 0
Number of factorization MFLOPS = 15407=== PARDISO is running in In-Core mode, because iparam(60)=0 ===
Percentage of computed non-zeros for LL^T factorization
 0 %  1 %  2 %  3 %  4 %  5 %  6 %  7 %  8 %  9 %  10 %  11 %  12 %  13 %  14 %  15 %  16 %  17 %  18 %  19 %  20 %  21 %  22 %  23 %  24 %  25 %  26 %  27 %  28 %  29 %  31 %  33 %  35 %  36 %  39 %  40 %  41 %  43 %  46 %  52 %  53 %  54 %  58 %  60 %  62 %  67 %  69 %  73 %  79 %  84 %  89 %  94 %  99 %  100 % 

=== PARDISO: solving a real nonsymmetric system ===
Single-level factorization algorithm is turned ON


Summary: ( factorization phase )
================

Times:
======
Time spent in copying matrix to internal data structure (A to LU): 0.000000 s
Time spent in factorization step (numfct)                        : 0.182874 s
Time spent in allocation of internal data structures (malloc)    : 0.000403 s
Time spent in additional calculations                            : 0.000004 s
Total time spent                                                 : 0.183281 s

Statistics:
===========
< Parallel Direct Factorization with number of processors: > 20
< Numerical Factorization with BLAS3 and O(n) synchronization >

< Linear system Ax = b >
             number of equations:           106437
             number of non-zeros in A:      1406808
             number of non-zeros in A (%): 0.012418

             number of right-hand sides:    1

< Factors L and U >
             number of columns for each panel: 72
             number of independent subgraphs:  0
< Preprocessing with state of the art partitioning metis>
             number of supernodes:                    40072
             size of largest supernode:               823
             number of non-zeros in L:                19990506
             number of non-zeros in U:                17800087
             number of non-zeros in L+U:              37790593
             gflop   for the numerical factorization: 15.407715

             gflop/s for the numerical factorization: 84.253193


Factorization completed ...
 
=== PARDISO: solving a real nonsymmetric system ===


Summary: ( solution phase )
================

Times:
======
Time spent in direct solver at solve step (solve)                : 0.014333 s
Time spent in additional calculations                            : 0.030477 s
Total time spent                                                 : 0.044810 s

Statistics:
===========
< Parallel Direct Factorization with number of processors: > 20
< Numerical Factorization with BLAS3 and O(n) synchronization >

< Linear system Ax = b >
             number of equations:           106437
             number of non-zeros in A:      1406808
             number of non-zeros in A (%): 0.012418

             number of right-hand sides:    1

< Factors L and U >
             number of columns for each panel: 72
             number of independent subgraphs:  0
< Preprocessing with state of the art partitioning metis>
             number of supernodes:                    40072
             size of largest supernode:               823
             number of non-zeros in L:                19990506
             number of non-zeros in U:                17800087
             number of non-zeros in L+U:              37790593
             gflop   for the numerical factorization: 15.407715

             gflop/s for the numerical factorization: 84.253193


Solve completed ...

Memory deallocated...
