
===================================
mtx file = ../matrices/finan512.mtx

Done with reading mtx file.
m = 74752, n = 74752, nz = 335872

Number of threads = 20

=== PARDISO: solving a real nonsymmetric system ===
The local (internal) PARDISO version is                          : 103911000
1-based array indexing is turned ON
PARDISO double precision computation is turned ON
METIS algorithm at reorder step is turned ON
Scaling is turned ON
Matching is turned ON


Summary: ( reordering phase )
================

Times:
======
Time spent in calculations of symmetric matrix portrait (fulladj): 0.004337 s
Time spent in reordering of the initial matrix (reorder)         : 0.306410 s
Time spent in symbolic factorization (symbfct)                   : 0.028024 s
Time spent in data preparations for factorization (parlist)      : 0.002862 s
Time spent in allocation of internal data structures (malloc)    : 0.020968 s
Time spent in additional calculations                            : 0.022542 s
Total time spent                                                 : 0.385143 s

Statistics:
===========
< Parallel Direct Factorization with number of processors: > 20
< Numerical Factorization with BLAS3 and O(n) synchronization >

< Linear system Ax = b >
             number of equations:           74752
             number of non-zeros in A:      335872
             number of non-zeros in A (%): 0.006011

             number of right-hand sides:    1

< Factors L and U >
             number of columns for each panel: 72
             number of independent subgraphs:  0
< Preprocessing with state of the art partitioning metis>
             number of supernodes:                    57377
             size of largest supernode:               114
             number of non-zeros in L:                1990658
             number of non-zeros in U:                1522750
             number of non-zeros in L+U:              3513408

Reordering completed ... 
Number of nonzeros in factors  = 0
Number of factorization MFLOPS = 301=== PARDISO is running in In-Core mode, because iparam(60)=0 ===
Percentage of computed non-zeros for LL^T factorization
 0 %  1 %  2 %  3 %  4 %  5 %  6 %  7 %  8 %  9 %  10 %  11 %  12 %  13 %  14 %  15 %  16 %  17 %  18 %  19 %  20 %  21 %  22 %  23 %  24 %  25 %  26 %  27 %  28 %  29 %  30 %  31 %  32 %  33 %  34 %  35 %  36 %  37 %  38 %  39 %  40 %  41 %  42 %  43 %  44 %  46 %  47 %  51 %  52 %  56 %  58 %  59 %  63 %  75 %  76 %  82 %  86 %  92 %  99 %  100 % 

=== PARDISO: solving a real nonsymmetric system ===
Single-level factorization algorithm is turned ON


Summary: ( factorization phase )
================

Times:
======
Time spent in copying matrix to internal data structure (A to LU): 0.000000 s
Time spent in factorization step (numfct)                        : 0.067719 s
Time spent in allocation of internal data structures (malloc)    : 0.000057 s
Time spent in additional calculations                            : 0.000005 s
Total time spent                                                 : 0.067781 s

Statistics:
===========
< Parallel Direct Factorization with number of processors: > 20
< Numerical Factorization with BLAS3 and O(n) synchronization >

< Linear system Ax = b >
             number of equations:           74752
             number of non-zeros in A:      335872
             number of non-zeros in A (%): 0.006011

             number of right-hand sides:    1

< Factors L and U >
             number of columns for each panel: 72
             number of independent subgraphs:  0
< Preprocessing with state of the art partitioning metis>
             number of supernodes:                    57377
             size of largest supernode:               114
             number of non-zeros in L:                1990658
             number of non-zeros in U:                1522750
             number of non-zeros in L+U:              3513408
             gflop   for the numerical factorization: 0.301184

             gflop/s for the numerical factorization: 4.447561


Factorization completed ...
 
=== PARDISO: solving a real nonsymmetric system ===


Summary: ( solution phase )
================

Times:
======
Time spent in direct solver at solve step (solve)                : 0.002469 s
Time spent in additional calculations                            : 0.005593 s
Total time spent                                                 : 0.008062 s

Statistics:
===========
< Parallel Direct Factorization with number of processors: > 20
< Numerical Factorization with BLAS3 and O(n) synchronization >

< Linear system Ax = b >
             number of equations:           74752
             number of non-zeros in A:      335872
             number of non-zeros in A (%): 0.006011

             number of right-hand sides:    1

< Factors L and U >
             number of columns for each panel: 72
             number of independent subgraphs:  0
< Preprocessing with state of the art partitioning metis>
             number of supernodes:                    57377
             size of largest supernode:               114
             number of non-zeros in L:                1990658
             number of non-zeros in U:                1522750
             number of non-zeros in L+U:              3513408
             gflop   for the numerical factorization: 0.301184

             gflop/s for the numerical factorization: 4.447561


Solve completed ...

Memory deallocated...
