
===================================
mtx file = ../matrices/g7jac140.mtx

Done with reading mtx file.
m = 41490, n = 41490, nz = 565956

Number of threads = 20

=== PARDISO: solving a real nonsymmetric system ===
The local (internal) PARDISO version is                          : 103911000
1-based array indexing is turned ON
PARDISO double precision computation is turned ON
METIS algorithm at reorder step is turned ON
Scaling is turned ON
Matching is turned ON


Summary: ( reordering phase )
================

Times:
======
Time spent in calculations of symmetric matrix portrait (fulladj): 0.006636 s
Time spent in reordering of the initial matrix (reorder)         : 0.296157 s
Time spent in symbolic factorization (symbfct)                   : 0.060027 s
Time spent in data preparations for factorization (parlist)      : 0.005920 s
Time spent in allocation of internal data structures (malloc)    : 0.223620 s
Time spent in additional calculations                            : 0.054844 s
Total time spent                                                 : 0.647204 s

Statistics:
===========
< Parallel Direct Factorization with number of processors: > 20
< Numerical Factorization with BLAS3 and O(n) synchronization >

< Linear system Ax = b >
             number of equations:           41490
             number of non-zeros in A:      565956
             number of non-zeros in A (%): 0.032877

             number of right-hand sides:    1

< Factors L and U >
             number of columns for each panel: 72
             number of independent subgraphs:  0
< Preprocessing with state of the art partitioning metis>
             number of supernodes:                    27904
             size of largest supernode:               1764
             number of non-zeros in L:                13512876
             number of non-zeros in U:                12940222
             number of non-zeros in L+U:              26453098

Reordering completed ... 
Number of nonzeros in factors  = 0
Number of factorization MFLOPS = 29626=== PARDISO is running in In-Core mode, because iparam(60)=0 ===
Percentage of computed non-zeros for LL^T factorization
 0 %  1 %  2 %  3 %  4 %  5 %  6 %  7 %  8 %  9 %  10 %  11 %  12 %  13 %  14 %  17 %  18 %  19 %  20 %  21 %  22 %  26 %  27 %  33 %  34 %  47 %  49 %  50 %  65 %  69 %  83 %  95 %  99 %  100 % 

=== PARDISO: solving a real nonsymmetric system ===
Single-level factorization algorithm is turned ON


Summary: ( factorization phase )
================

Times:
======
Time spent in copying matrix to internal data structure (A to LU): 0.000001 s
Time spent in factorization step (numfct)                        : 0.366538 s
Time spent in allocation of internal data structures (malloc)    : 0.000049 s
Time spent in additional calculations                            : 0.000004 s
Total time spent                                                 : 0.366592 s

Statistics:
===========
< Parallel Direct Factorization with number of processors: > 20
< Numerical Factorization with BLAS3 and O(n) synchronization >

< Linear system Ax = b >
             number of equations:           41490
             number of non-zeros in A:      565956
             number of non-zeros in A (%): 0.032877

             number of right-hand sides:    1

< Factors L and U >
             number of columns for each panel: 72
             number of independent subgraphs:  0
< Preprocessing with state of the art partitioning metis>
             number of supernodes:                    27904
             size of largest supernode:               1764
             number of non-zeros in L:                13512876
             number of non-zeros in U:                12940222
             number of non-zeros in L+U:              26453098
             gflop   for the numerical factorization: 29.626362

             gflop/s for the numerical factorization: 80.827521


Factorization completed ...
 
=== PARDISO: solving a real nonsymmetric system ===


Summary: ( solution phase )
================

Times:
======
Time spent in direct solver at solve step (solve)                : 0.015971 s
Time spent in additional calculations                            : 0.032624 s
Total time spent                                                 : 0.048595 s

Statistics:
===========
< Parallel Direct Factorization with number of processors: > 20
< Numerical Factorization with BLAS3 and O(n) synchronization >

< Linear system Ax = b >
             number of equations:           41490
             number of non-zeros in A:      565956
             number of non-zeros in A (%): 0.032877

             number of right-hand sides:    1

< Factors L and U >
             number of columns for each panel: 72
             number of independent subgraphs:  0
< Preprocessing with state of the art partitioning metis>
             number of supernodes:                    27904
             size of largest supernode:               1764
             number of non-zeros in L:                13512876
             number of non-zeros in U:                12940222
             number of non-zeros in L+U:              26453098
             gflop   for the numerical factorization: 29.626362

             gflop/s for the numerical factorization: 80.827521


Solve completed ...

Memory deallocated...
