
===================================
mtx file = ../matrices/Ga3As3H12.mtx

Done with reading mtx file.
m = 61349, n = 61349, nz = 3016148

Number of threads = 20

=== PARDISO: solving a real nonsymmetric system ===
The local (internal) PARDISO version is                          : 103911000
1-based array indexing is turned ON
PARDISO double precision computation is turned ON
METIS algorithm at reorder step is turned ON
Scaling is turned ON
Matching is turned ON


Summary: ( reordering phase )
================

Times:
======
Time spent in calculations of symmetric matrix portrait (fulladj): 0.042796 s
Time spent in reordering of the initial matrix (reorder)         : 0.923213 s
Time spent in symbolic factorization (symbfct)                   : 0.456068 s
Time spent in data preparations for factorization (parlist)      : 0.044465 s
Time spent in allocation of internal data structures (malloc)    : 0.156706 s
Time spent in additional calculations                            : 0.425000 s
Total time spent                                                 : 2.048248 s

Statistics:
===========
< Parallel Direct Factorization with number of processors: > 20
< Numerical Factorization with BLAS3 and O(n) synchronization >

< Linear system Ax = b >
             number of equations:           61349
             number of non-zeros in A:      3016148
             number of non-zeros in A (%): 0.080138

             number of right-hand sides:    1

< Factors L and U >
             number of columns for each panel: 72
             number of independent subgraphs:  0
< Preprocessing with state of the art partitioning metis>
             number of supernodes:                    22744
             size of largest supernode:               7546
             number of non-zeros in L:                209814315
             number of non-zeros in U:                207844356
             number of non-zeros in L+U:              417658671

Reordering completed ... 
Number of nonzeros in factors  = 0
Number of factorization MFLOPS = 2439354=== PARDISO is running in In-Core mode, because iparam(60)=0 ===
Percentage of computed non-zeros for LL^T factorization
 0 %  1 %  2 %  3 %  4 %  5 %  6 %  7 %  8 %  9 %  10 %  11 %  12 %  14 %  15 %  17 %  18 %  19 %  20 %  21 %  23 %  24 %  25 %  27 %  28 %  30 %  31 %  33 %  35 %  40 %  42 %  43 %  44 %  46 %  49 %  51 %  54 %  58 %  61 %  65 %  70 %  74 %  80 %  85 %  89 %  93 %  96 %  98 %  99 %  100 % 

=== PARDISO: solving a real nonsymmetric system ===
Single-level factorization algorithm is turned ON


Summary: ( factorization phase )
================

Times:
======
Time spent in copying matrix to internal data structure (A to LU): 0.000000 s
Time spent in factorization step (numfct)                        : 50.381275 s
Time spent in allocation of internal data structures (malloc)    : 0.000073 s
Time spent in additional calculations                            : 0.000007 s
Total time spent                                                 : 50.381355 s

Statistics:
===========
< Parallel Direct Factorization with number of processors: > 20
< Numerical Factorization with BLAS3 and O(n) synchronization >

< Linear system Ax = b >
             number of equations:           61349
             number of non-zeros in A:      3016148
             number of non-zeros in A (%): 0.080138

             number of right-hand sides:    1

< Factors L and U >
             number of columns for each panel: 72
             number of independent subgraphs:  0
< Preprocessing with state of the art partitioning metis>
             number of supernodes:                    22744
             size of largest supernode:               7546
             number of non-zeros in L:                209814315
             number of non-zeros in U:                207844356
             number of non-zeros in L+U:              417658671
             gflop   for the numerical factorization: 2439.354669

             gflop/s for the numerical factorization: 48.417883


Factorization completed ...
 
=== PARDISO: solving a real nonsymmetric system ===


Summary: ( solution phase )
================

Times:
======
Time spent in direct solver at solve step (solve)                : 0.236737 s
Time spent in additional calculations                            : 0.482719 s
Total time spent                                                 : 0.719456 s

Statistics:
===========
< Parallel Direct Factorization with number of processors: > 20
< Numerical Factorization with BLAS3 and O(n) synchronization >

< Linear system Ax = b >
             number of equations:           61349
             number of non-zeros in A:      3016148
             number of non-zeros in A (%): 0.080138

             number of right-hand sides:    1

< Factors L and U >
             number of columns for each panel: 72
             number of independent subgraphs:  0
< Preprocessing with state of the art partitioning metis>
             number of supernodes:                    22744
             size of largest supernode:               7546
             number of non-zeros in L:                209814315
             number of non-zeros in U:                207844356
             number of non-zeros in L+U:              417658671
             gflop   for the numerical factorization: 2439.354669

             gflop/s for the numerical factorization: 48.417883


Solve completed ...

Memory deallocated...
