
===================================
mtx file = ../matrices/H2O.mtx

Done with reading mtx file.
m = 67024, n = 67024, nz = 1141880

Number of threads = 20

=== PARDISO: solving a real nonsymmetric system ===
The local (internal) PARDISO version is                          : 103911000
1-based array indexing is turned ON
PARDISO double precision computation is turned ON
METIS algorithm at reorder step is turned ON
Scaling is turned ON
Matching is turned ON


Summary: ( reordering phase )
================

Times:
======
Time spent in calculations of symmetric matrix portrait (fulladj): 0.015148 s
Time spent in reordering of the initial matrix (reorder)         : 0.692580 s
Time spent in symbolic factorization (symbfct)                   : 0.430555 s
Time spent in data preparations for factorization (parlist)      : 0.040187 s
Time spent in allocation of internal data structures (malloc)    : 0.106952 s
Time spent in additional calculations                            : 0.207653 s
Total time spent                                                 : 1.493075 s

Statistics:
===========
< Parallel Direct Factorization with number of processors: > 20
< Numerical Factorization with BLAS3 and O(n) synchronization >

< Linear system Ax = b >
             number of equations:           67024
             number of non-zeros in A:      1141880
             number of non-zeros in A (%): 0.025419

             number of right-hand sides:    1

< Factors L and U >
             number of columns for each panel: 72
             number of independent subgraphs:  0
< Preprocessing with state of the art partitioning metis>
             number of supernodes:                    24519
             size of largest supernode:               6437
             number of non-zeros in L:                215671928
             number of non-zeros in U:                213528142
             number of non-zeros in L+U:              429200070

Reordering completed ... 
Number of nonzeros in factors  = 0
Number of factorization MFLOPS = 2377918=== PARDISO is running in In-Core mode, because iparam(60)=0 ===
Percentage of computed non-zeros for LL^T factorization
 0 %  1 %  2 %  3 %  4 %  5 %  6 %  7 %  8 %  9 %  10 %  11 %  12 %  13 %  14 %  15 %  16 %  17 %  18 %  19 %  20 %  21 %  25 %  26 %  27 %  28 %  29 %  31 %  33 %  34 %  35 %  37 %  41 %  43 %  44 %  47 %  49 %  53 %  56 %  60 %  65 %  68 %  75 %  78 %  80 %  83 %  86 %  90 %  93 %  96 %  98 %  99 %  100 % 

=== PARDISO: solving a real nonsymmetric system ===
Single-level factorization algorithm is turned ON


Summary: ( factorization phase )
================

Times:
======
Time spent in copying matrix to internal data structure (A to LU): 0.000000 s
Time spent in factorization step (numfct)                        : 49.141389 s
Time spent in allocation of internal data structures (malloc)    : 0.000049 s
Time spent in additional calculations                            : 0.000003 s
Total time spent                                                 : 49.141441 s

Statistics:
===========
< Parallel Direct Factorization with number of processors: > 20
< Numerical Factorization with BLAS3 and O(n) synchronization >

< Linear system Ax = b >
             number of equations:           67024
             number of non-zeros in A:      1141880
             number of non-zeros in A (%): 0.025419

             number of right-hand sides:    1

< Factors L and U >
             number of columns for each panel: 72
             number of independent subgraphs:  0
< Preprocessing with state of the art partitioning metis>
             number of supernodes:                    24519
             size of largest supernode:               6437
             number of non-zeros in L:                215671928
             number of non-zeros in U:                213528142
             number of non-zeros in L+U:              429200070
             gflop   for the numerical factorization: 2377.918707

             gflop/s for the numerical factorization: 48.389326


Factorization completed ...
 
=== PARDISO: solving a real nonsymmetric system ===


Summary: ( solution phase )
================

Times:
======
Time spent in direct solver at solve step (solve)                : 0.199963 s
Time spent in additional calculations                            : 0.400841 s
Total time spent                                                 : 0.600804 s

Statistics:
===========
< Parallel Direct Factorization with number of processors: > 20
< Numerical Factorization with BLAS3 and O(n) synchronization >

< Linear system Ax = b >
             number of equations:           67024
             number of non-zeros in A:      1141880
             number of non-zeros in A (%): 0.025419

             number of right-hand sides:    1

< Factors L and U >
             number of columns for each panel: 72
             number of independent subgraphs:  0
< Preprocessing with state of the art partitioning metis>
             number of supernodes:                    24519
             size of largest supernode:               6437
             number of non-zeros in L:                215671928
             number of non-zeros in U:                213528142
             number of non-zeros in L+U:              429200070
             gflop   for the numerical factorization: 2377.918707

             gflop/s for the numerical factorization: 48.389326


Solve completed ...

Memory deallocated...
