
===================================
mtx file = ../matrices/hcircuit.mtx

Done with reading mtx file.
m = 105676, n = 105676, nz = 513072

Number of threads = 20

=== PARDISO: solving a real nonsymmetric system ===
The local (internal) PARDISO version is                          : 103911000
1-based array indexing is turned ON
PARDISO double precision computation is turned ON
METIS algorithm at reorder step is turned ON
Scaling is turned ON
Matching is turned ON


Summary: ( reordering phase )
================

Times:
======
Time spent in calculations of symmetric matrix portrait (fulladj): 0.005729 s
Time spent in reordering of the initial matrix (reorder)         : 0.212719 s
Time spent in symbolic factorization (symbfct)                   : 0.030981 s
Time spent in data preparations for factorization (parlist)      : 0.002034 s
Time spent in allocation of internal data structures (malloc)    : 0.028603 s
Time spent in additional calculations                            : 0.019784 s
Total time spent                                                 : 0.299850 s

Statistics:
===========
< Parallel Direct Factorization with number of processors: > 20
< Numerical Factorization with BLAS3 and O(n) synchronization >

< Linear system Ax = b >
             number of equations:           105676
             number of non-zeros in A:      513072
             number of non-zeros in A (%): 0.004594

             number of right-hand sides:    1

< Factors L and U >
             number of columns for each panel: 72
             number of independent subgraphs:  0
< Preprocessing with state of the art partitioning metis>
             number of supernodes:                    76330
             size of largest supernode:               61
             number of non-zeros in L:                424641
             number of non-zeros in U:                248037
             number of non-zeros in L+U:              672678

Reordering completed ... 
Number of nonzeros in factors  = 0
Number of factorization MFLOPS = 3=== PARDISO is running in In-Core mode, because iparam(60)=0 ===
Percentage of computed non-zeros for LL^T factorization
 0 %  1 %  2 %  3 %  4 %  5 %  6 %  7 %  8 %  9 %  10 %  11 %  12 %  13 %  14 %  15 %  16 %  17 %  18 %  19 %  20 %  21 %  22 %  23 %  24 %  25 %  26 %  27 %  28 %  29 %  30 %  31 %  32 %  33 %  34 %  35 %  36 %  37 %  38 %  39 %  40 %  41 %  42 %  43 %  44 %  45 %  46 %  47 %  48 %  49 %  50 %  51 %  52 %  53 %  54 %  55 %  56 %  57 %  58 %  59 %  60 %  61 %  62 %  63 %  64 %  65 %  66 %  67 %  68 %  69 %  70 %  71 %  72 %  73 %  74 %  75 %  76 %  77 %  78 %  79 %  80 %  81 %  82 %  83 %  84 %  85 %  86 %  87 %  88 %  89 %  90 %  91 %  92 %  93 %  94 %  95 %  96 %  97 %  99 %  100 % 

=== PARDISO: solving a real nonsymmetric system ===
Single-level factorization algorithm is turned ON


Summary: ( factorization phase )
================

Times:
======
Time spent in copying matrix to internal data structure (A to LU): 0.000000 s
Time spent in factorization step (numfct)                        : 0.075443 s
Time spent in allocation of internal data structures (malloc)    : 0.000042 s
Time spent in additional calculations                            : 0.000004 s
Total time spent                                                 : 0.075489 s

Statistics:
===========
< Parallel Direct Factorization with number of processors: > 20
< Numerical Factorization with BLAS3 and O(n) synchronization >

< Linear system Ax = b >
             number of equations:           105676
             number of non-zeros in A:      513072
             number of non-zeros in A (%): 0.004594

             number of right-hand sides:    1

< Factors L and U >
             number of columns for each panel: 72
             number of independent subgraphs:  0
< Preprocessing with state of the art partitioning metis>
             number of supernodes:                    76330
             size of largest supernode:               61
             number of non-zeros in L:                424641
             number of non-zeros in U:                248037
             number of non-zeros in L+U:              672678
             gflop   for the numerical factorization: 0.003895

             gflop/s for the numerical factorization: 0.051627


Factorization completed ...
 
=== PARDISO: solving a real nonsymmetric system ===


Summary: ( solution phase )
================

Times:
======
Time spent in direct solver at solve step (solve)                : 0.002507 s
Time spent in additional calculations                            : 0.005676 s
Total time spent                                                 : 0.008183 s

Statistics:
===========
< Parallel Direct Factorization with number of processors: > 20
< Numerical Factorization with BLAS3 and O(n) synchronization >

< Linear system Ax = b >
             number of equations:           105676
             number of non-zeros in A:      513072
             number of non-zeros in A (%): 0.004594

             number of right-hand sides:    1

< Factors L and U >
             number of columns for each panel: 72
             number of independent subgraphs:  0
< Preprocessing with state of the art partitioning metis>
             number of supernodes:                    76330
             size of largest supernode:               61
             number of non-zeros in L:                424641
             number of non-zeros in U:                248037
             number of non-zeros in L+U:              672678
             gflop   for the numerical factorization: 0.003895

             gflop/s for the numerical factorization: 0.051627


Solve completed ...

Memory deallocated...
