
===================================
mtx file = ../matrices/lhr10c.mtx

Done with reading mtx file.
m = 10672, n = 10672, nz = 232633

Number of threads = 20

=== PARDISO: solving a real nonsymmetric system ===
The local (internal) PARDISO version is                          : 103911000
1-based array indexing is turned ON
PARDISO double precision computation is turned ON
METIS algorithm at reorder step is turned ON
Scaling is turned ON
Matching is turned ON


Summary: ( reordering phase )
================

Times:
======
Time spent in calculations of symmetric matrix portrait (fulladj): 0.002415 s
Time spent in reordering of the initial matrix (reorder)         : 0.102286 s
Time spent in symbolic factorization (symbfct)                   : 0.010508 s
Time spent in data preparations for factorization (parlist)      : 0.000820 s
Time spent in allocation of internal data structures (malloc)    : 0.026267 s
Time spent in additional calculations                            : 0.012061 s
Total time spent                                                 : 0.154357 s

Statistics:
===========
< Parallel Direct Factorization with number of processors: > 20
< Numerical Factorization with BLAS3 and O(n) synchronization >

< Linear system Ax = b >
             number of equations:           10672
             number of non-zeros in A:      232633
             number of non-zeros in A (%): 0.204258

             number of right-hand sides:    1

< Factors L and U >
             number of columns for each panel: 72
             number of independent subgraphs:  0
< Preprocessing with state of the art partitioning metis>
             number of supernodes:                    5402
             size of largest supernode:               99
             number of non-zeros in L:                881958
             number of non-zeros in U:                681502
             number of non-zeros in L+U:              1563460

Reordering completed ... 
Number of nonzeros in factors  = 0
Number of factorization MFLOPS = 138=== PARDISO is running in In-Core mode, because iparam(60)=0 ===
Percentage of computed non-zeros for LL^T factorization
 0 %  1 %  2 %  3 %  4 %  5 %  6 %  7 %  8 %  9 %  10 %  11 %  12 %  13 %  14 %  15 %  16 %  17 %  18 %  19 %  20 %  24 %  25 %  26 %  27 %  28 %  29 %  30 %  31 %  32 %  33 %  34 %  36 %  37 %  40 %  41 %  42 %  43 %  45 %  46 %  47 %  50 %  51 %  52 %  53 %  54 %  55 %  56 %  57 %  58 %  60 %  66 %  67 %  68 %  69 %  70 %  71 %  72 %  74 %  77 %  78 %  79 %  80 %  83 %  88 %  89 %  97 %  100 % 

=== PARDISO: solving a real nonsymmetric system ===
Single-level factorization algorithm is turned ON


Summary: ( factorization phase )
================

Times:
======
Time spent in copying matrix to internal data structure (A to LU): 0.000000 s
Time spent in factorization step (numfct)                        : 0.015656 s
Time spent in allocation of internal data structures (malloc)    : 0.000041 s
Time spent in additional calculations                            : 0.000003 s
Total time spent                                                 : 0.015700 s

Statistics:
===========
< Parallel Direct Factorization with number of processors: > 20
< Numerical Factorization with BLAS3 and O(n) synchronization >

< Linear system Ax = b >
             number of equations:           10672
             number of non-zeros in A:      232633
             number of non-zeros in A (%): 0.204258

             number of right-hand sides:    1

< Factors L and U >
             number of columns for each panel: 72
             number of independent subgraphs:  0
< Preprocessing with state of the art partitioning metis>
             number of supernodes:                    5402
             size of largest supernode:               99
             number of non-zeros in L:                881958
             number of non-zeros in U:                681502
             number of non-zeros in L+U:              1563460
             gflop   for the numerical factorization: 0.138781

             gflop/s for the numerical factorization: 8.864416


Factorization completed ...
 
=== PARDISO: solving a real nonsymmetric system ===


Summary: ( solution phase )
================

Times:
======
Time spent in direct solver at solve step (solve)                : 0.000875 s
Time spent in additional calculations                            : 0.001624 s
Total time spent                                                 : 0.002499 s

Statistics:
===========
< Parallel Direct Factorization with number of processors: > 20
< Numerical Factorization with BLAS3 and O(n) synchronization >

< Linear system Ax = b >
             number of equations:           10672
             number of non-zeros in A:      232633
             number of non-zeros in A (%): 0.204258

             number of right-hand sides:    1

< Factors L and U >
             number of columns for each panel: 72
             number of independent subgraphs:  0
< Preprocessing with state of the art partitioning metis>
             number of supernodes:                    5402
             size of largest supernode:               99
             number of non-zeros in L:                881958
             number of non-zeros in U:                681502
             number of non-zeros in L+U:              1563460
             gflop   for the numerical factorization: 0.138781

             gflop/s for the numerical factorization: 8.864416


Solve completed ...

Memory deallocated...
