
===================================
mtx file = ../matrices/lhr71.mtx

Done with reading mtx file.
m = 70304, n = 70304, nz = 1528092

Number of threads = 20

=== PARDISO: solving a real nonsymmetric system ===
The local (internal) PARDISO version is                          : 103911000
1-based array indexing is turned ON
PARDISO double precision computation is turned ON
METIS algorithm at reorder step is turned ON
Scaling is turned ON
Matching is turned ON


Summary: ( reordering phase )
================

Times:
======
Time spent in calculations of symmetric matrix portrait (fulladj): 0.015896 s
Time spent in reordering of the initial matrix (reorder)         : 0.817808 s
Time spent in symbolic factorization (symbfct)                   : 0.061780 s
Time spent in data preparations for factorization (parlist)      : 0.005939 s
Time spent in allocation of internal data structures (malloc)    : 0.121004 s
Time spent in additional calculations                            : 0.084363 s
Total time spent                                                 : 1.106790 s

Statistics:
===========
< Parallel Direct Factorization with number of processors: > 20
< Numerical Factorization with BLAS3 and O(n) synchronization >

< Linear system Ax = b >
             number of equations:           70304
             number of non-zeros in A:      1528092
             number of non-zeros in A (%): 0.030916

             number of right-hand sides:    1

< Factors L and U >
             number of columns for each panel: 72
             number of independent subgraphs:  0
< Preprocessing with state of the art partitioning metis>
             number of supernodes:                    36021
             size of largest supernode:               158
             number of non-zeros in L:                6239226
             number of non-zeros in U:                4978812
             number of non-zeros in L+U:              11218038

Reordering completed ... 
Number of nonzeros in factors  = 0
Number of factorization MFLOPS = 1134=== PARDISO is running in In-Core mode, because iparam(60)=0 ===
Percentage of computed non-zeros for LL^T factorization
 0 %  1 %  2 %  3 %  4 %  5 %  6 %  7 %  8 %  9 %  10 %  11 %  12 %  13 %  14 %  15 %  16 %  17 %  18 %  19 %  20 %  21 %  22 %  23 %  24 %  25 %  26 %  27 %  28 %  29 %  30 %  31 %  32 %  33 %  34 %  35 %  36 %  37 %  38 %  39 %  41 %  42 %  43 %  44 %  45 %  46 %  47 %  49 %  50 %  51 %  52 %  53 %  54 %  55 %  56 %  57 %  58 %  59 %  60 %  61 %  62 %  63 %  65 %  66 %  67 %  68 %  69 %  70 %  71 %  72 %  73 %  74 %  75 %  76 %  77 %  79 %  81 %  82 %  84 %  85 %  86 %  87 %  89 %  90 %  94 %  95 %  97 %  100 % 

=== PARDISO: solving a real nonsymmetric system ===
Single-level factorization algorithm is turned ON


Summary: ( factorization phase )
================

Times:
======
Time spent in copying matrix to internal data structure (A to LU): 0.000000 s
Time spent in factorization step (numfct)                        : 0.089177 s
Time spent in allocation of internal data structures (malloc)    : 0.000055 s
Time spent in additional calculations                            : 0.000004 s
Total time spent                                                 : 0.089236 s

Statistics:
===========
< Parallel Direct Factorization with number of processors: > 20
< Numerical Factorization with BLAS3 and O(n) synchronization >

< Linear system Ax = b >
             number of equations:           70304
             number of non-zeros in A:      1528092
             number of non-zeros in A (%): 0.030916

             number of right-hand sides:    1

< Factors L and U >
             number of columns for each panel: 72
             number of independent subgraphs:  0
< Preprocessing with state of the art partitioning metis>
             number of supernodes:                    36021
             size of largest supernode:               158
             number of non-zeros in L:                6239226
             number of non-zeros in U:                4978812
             number of non-zeros in L+U:              11218038
             gflop   for the numerical factorization: 1.134512

             gflop/s for the numerical factorization: 12.722010


Factorization completed ...
 
=== PARDISO: solving a real nonsymmetric system ===


Summary: ( solution phase )
================

Times:
======
Time spent in direct solver at solve step (solve)                : 0.005430 s
Time spent in additional calculations                            : 0.012219 s
Total time spent                                                 : 0.017649 s

Statistics:
===========
< Parallel Direct Factorization with number of processors: > 20
< Numerical Factorization with BLAS3 and O(n) synchronization >

< Linear system Ax = b >
             number of equations:           70304
             number of non-zeros in A:      1528092
             number of non-zeros in A (%): 0.030916

             number of right-hand sides:    1

< Factors L and U >
             number of columns for each panel: 72
             number of independent subgraphs:  0
< Preprocessing with state of the art partitioning metis>
             number of supernodes:                    36021
             size of largest supernode:               158
             number of non-zeros in L:                6239226
             number of non-zeros in U:                4978812
             number of non-zeros in L+U:              11218038
             gflop   for the numerical factorization: 1.134512

             gflop/s for the numerical factorization: 12.722010


Solve completed ...

Memory deallocated...
