
===================================
mtx file = ../matrices/qa8fm.mtx

Done with reading mtx file.
m = 66127, n = 66127, nz = 863353

Number of threads = 20

=== PARDISO: solving a real nonsymmetric system ===
The local (internal) PARDISO version is                          : 103911000
1-based array indexing is turned ON
PARDISO double precision computation is turned ON
METIS algorithm at reorder step is turned ON
Scaling is turned ON
Matching is turned ON


Summary: ( reordering phase )
================

Times:
======
Time spent in calculations of symmetric matrix portrait (fulladj): 0.008155 s
Time spent in reordering of the initial matrix (reorder)         : 0.469743 s
Time spent in symbolic factorization (symbfct)                   : 0.064467 s
Time spent in data preparations for factorization (parlist)      : 0.004061 s
Time spent in allocation of internal data structures (malloc)    : 0.032986 s
Time spent in additional calculations                            : 0.081051 s
Total time spent                                                 : 0.660463 s

Statistics:
===========
< Parallel Direct Factorization with number of processors: > 20
< Numerical Factorization with BLAS3 and O(n) synchronization >

< Linear system Ax = b >
             number of equations:           66127
             number of non-zeros in A:      863353
             number of non-zeros in A (%): 0.019744

             number of right-hand sides:    1

< Factors L and U >
             number of columns for each panel: 72
             number of independent subgraphs:  0
< Preprocessing with state of the art partitioning metis>
             number of supernodes:                    20563
             size of largest supernode:               1419
             number of non-zeros in L:                22314553
             number of non-zeros in U:                20523450
             number of non-zeros in L+U:              42838003

Reordering completed ... 
Number of nonzeros in factors  = 0
Number of factorization MFLOPS = 34597=== PARDISO is running in In-Core mode, because iparam(60)=0 ===
Percentage of computed non-zeros for LL^T factorization
 0 %  1 %  2 %  3 %  4 %  5 %  6 %  7 %  8 %  9 %  10 %  11 %  12 %  13 %  14 %  15 %  16 %  17 %  18 %  19 %  20 %  21 %  22 %  23 %  24 %  25 %  26 %  27 %  28 %  29 %  30 %  31 %  33 %  37 %  38 %  44 %  49 %  54 %  64 %  68 %  80 %  90 %  97 %  100 % 

=== PARDISO: solving a real nonsymmetric system ===
Single-level factorization algorithm is turned ON


Summary: ( factorization phase )
================

Times:
======
Time spent in copying matrix to internal data structure (A to LU): 0.000000 s
Time spent in factorization step (numfct)                        : 0.312475 s
Time spent in allocation of internal data structures (malloc)    : 0.000420 s
Time spent in additional calculations                            : 0.000003 s
Total time spent                                                 : 0.312898 s

Statistics:
===========
< Parallel Direct Factorization with number of processors: > 20
< Numerical Factorization with BLAS3 and O(n) synchronization >

< Linear system Ax = b >
             number of equations:           66127
             number of non-zeros in A:      863353
             number of non-zeros in A (%): 0.019744

             number of right-hand sides:    1

< Factors L and U >
             number of columns for each panel: 72
             number of independent subgraphs:  0
< Preprocessing with state of the art partitioning metis>
             number of supernodes:                    20563
             size of largest supernode:               1419
             number of non-zeros in L:                22314553
             number of non-zeros in U:                20523450
             number of non-zeros in L+U:              42838003
             gflop   for the numerical factorization: 34.597480

             gflop/s for the numerical factorization: 110.720806


Factorization completed ...
 
=== PARDISO: solving a real nonsymmetric system ===


Summary: ( solution phase )
================

Times:
======
Time spent in direct solver at solve step (solve)                : 0.017398 s
Time spent in additional calculations                            : 0.035799 s
Total time spent                                                 : 0.053197 s

Statistics:
===========
< Parallel Direct Factorization with number of processors: > 20
< Numerical Factorization with BLAS3 and O(n) synchronization >

< Linear system Ax = b >
             number of equations:           66127
             number of non-zeros in A:      863353
             number of non-zeros in A (%): 0.019744

             number of right-hand sides:    1

< Factors L and U >
             number of columns for each panel: 72
             number of independent subgraphs:  0
< Preprocessing with state of the art partitioning metis>
             number of supernodes:                    20563
             size of largest supernode:               1419
             number of non-zeros in L:                22314553
             number of non-zeros in U:                20523450
             number of non-zeros in L+U:              42838003
             gflop   for the numerical factorization: 34.597480

             gflop/s for the numerical factorization: 110.720806


Solve completed ...

Memory deallocated...
