
===================================
mtx file = ../matrices/rail_79841.mtx

Done with reading mtx file.
m = 79841, n = 79841, nz = 316881

Number of threads = 20

=== PARDISO: solving a real nonsymmetric system ===
The local (internal) PARDISO version is                          : 103911000
1-based array indexing is turned ON
PARDISO double precision computation is turned ON
METIS algorithm at reorder step is turned ON
Scaling is turned ON
Matching is turned ON


Summary: ( reordering phase )
================

Times:
======
Time spent in calculations of symmetric matrix portrait (fulladj): 0.004281 s
Time spent in reordering of the initial matrix (reorder)         : 0.288770 s
Time spent in symbolic factorization (symbfct)                   : 0.028262 s
Time spent in data preparations for factorization (parlist)      : 0.003122 s
Time spent in allocation of internal data structures (malloc)    : 0.023766 s
Time spent in additional calculations                            : 0.017473 s
Total time spent                                                 : 0.365674 s

Statistics:
===========
< Parallel Direct Factorization with number of processors: > 20
< Numerical Factorization with BLAS3 and O(n) synchronization >

< Linear system Ax = b >
             number of equations:           79841
             number of non-zeros in A:      316881
             number of non-zeros in A (%): 0.004971

             number of right-hand sides:    1

< Factors L and U >
             number of columns for each panel: 72
             number of independent subgraphs:  0
< Preprocessing with state of the art partitioning metis>
             number of supernodes:                    62198
             size of largest supernode:               236
             number of non-zeros in L:                1781180
             number of non-zeros in U:                1439813
             number of non-zeros in L+U:              3220993

Reordering completed ... 
Number of nonzeros in factors  = 0
Number of factorization MFLOPS = 226=== PARDISO is running in In-Core mode, because iparam(60)=0 ===
Percentage of computed non-zeros for LL^T factorization
 0 %  1 %  2 %  3 %  4 %  5 %  6 %  7 %  8 %  9 %  10 %  11 %  12 %  13 %  14 %  15 %  16 %  17 %  18 %  19 %  20 %  21 %  22 %  23 %  24 %  25 %  26 %  27 %  28 %  29 %  30 %  31 %  32 %  33 %  34 %  35 %  36 %  37 %  38 %  39 %  40 %  41 %  42 %  43 %  44 %  45 %  46 %  47 %  48 %  49 %  50 %  51 %  52 %  53 %  54 %  55 %  57 %  58 %  59 %  61 %  63 %  64 %  65 %  66 %  68 %  73 %  74 %  77 %  79 %  87 %  95 %  100 % 

=== PARDISO: solving a real nonsymmetric system ===
Single-level factorization algorithm is turned ON


Summary: ( factorization phase )
================

Times:
======
Time spent in copying matrix to internal data structure (A to LU): 0.000001 s
Time spent in factorization step (numfct)                        : 0.069198 s
Time spent in allocation of internal data structures (malloc)    : 0.000056 s
Time spent in additional calculations                            : 0.000003 s
Total time spent                                                 : 0.069258 s

Statistics:
===========
< Parallel Direct Factorization with number of processors: > 20
< Numerical Factorization with BLAS3 and O(n) synchronization >

< Linear system Ax = b >
             number of equations:           79841
             number of non-zeros in A:      316881
             number of non-zeros in A (%): 0.004971

             number of right-hand sides:    1

< Factors L and U >
             number of columns for each panel: 72
             number of independent subgraphs:  0
< Preprocessing with state of the art partitioning metis>
             number of supernodes:                    62198
             size of largest supernode:               236
             number of non-zeros in L:                1781180
             number of non-zeros in U:                1439813
             number of non-zeros in L+U:              3220993
             gflop   for the numerical factorization: 0.226339

             gflop/s for the numerical factorization: 3.270900


Factorization completed ...
 
=== PARDISO: solving a real nonsymmetric system ===


Summary: ( solution phase )
================

Times:
======
Time spent in direct solver at solve step (solve)                : 0.002483 s
Time spent in additional calculations                            : 0.005769 s
Total time spent                                                 : 0.008252 s

Statistics:
===========
< Parallel Direct Factorization with number of processors: > 20
< Numerical Factorization with BLAS3 and O(n) synchronization >

< Linear system Ax = b >
             number of equations:           79841
             number of non-zeros in A:      316881
             number of non-zeros in A (%): 0.004971

             number of right-hand sides:    1

< Factors L and U >
             number of columns for each panel: 72
             number of independent subgraphs:  0
< Preprocessing with state of the art partitioning metis>
             number of supernodes:                    62198
             size of largest supernode:               236
             number of non-zeros in L:                1781180
             number of non-zeros in U:                1439813
             number of non-zeros in L+U:              3220993
             gflop   for the numerical factorization: 0.226339

             gflop/s for the numerical factorization: 3.270900


Solve completed ...

Memory deallocated...
