
===================================
mtx file = ../matrices/stomach.mtx

Done with reading mtx file.
m = 213360, n = 213360, nz = 3021648

Number of threads = 20

=== PARDISO: solving a real nonsymmetric system ===
The local (internal) PARDISO version is                          : 103911000
1-based array indexing is turned ON
PARDISO double precision computation is turned ON
METIS algorithm at reorder step is turned ON
Scaling is turned ON
Matching is turned ON


Summary: ( reordering phase )
================

Times:
======
Time spent in calculations of symmetric matrix portrait (fulladj): 0.038216 s
Time spent in reordering of the initial matrix (reorder)         : 1.353080 s
Time spent in symbolic factorization (symbfct)                   : 0.195653 s
Time spent in data preparations for factorization (parlist)      : 0.019088 s
Time spent in allocation of internal data structures (malloc)    : 0.126926 s
Time spent in additional calculations                            : 0.175736 s
Total time spent                                                 : 1.908699 s

Statistics:
===========
< Parallel Direct Factorization with number of processors: > 20
< Numerical Factorization with BLAS3 and O(n) synchronization >

< Linear system Ax = b >
             number of equations:           213360
             number of non-zeros in A:      3021648
             number of non-zeros in A (%): 0.006638

             number of right-hand sides:    1

< Factors L and U >
             number of columns for each panel: 72
             number of independent subgraphs:  0
< Preprocessing with state of the art partitioning metis>
             number of supernodes:                    96985
             size of largest supernode:               1162
             number of non-zeros in L:                41705769
             number of non-zeros in U:                39121207
             number of non-zeros in L+U:              80826976

Reordering completed ... 
Number of nonzeros in factors  = 0
Number of factorization MFLOPS = 47688=== PARDISO is running in In-Core mode, because iparam(60)=0 ===
Percentage of computed non-zeros for LL^T factorization
 0 %  1 %  2 %  3 %  4 %  5 %  6 %  7 %  8 %  9 %  10 %  11 %  12 %  13 %  14 %  15 %  16 %  17 %  18 %  19 %  20 %  21 %  22 %  23 %  24 %  25 %  26 %  27 %  28 %  29 %  30 %  31 %  32 %  33 %  34 %  35 %  36 %  37 %  38 %  39 %  40 %  41 %  42 %  43 %  44 %  45 %  46 %  47 %  48 %  49 %  50 %  51 %  52 %  53 %  54 %  55 %  56 %  57 %  58 %  60 %  61 %  62 %  63 %  64 %  67 %  69 %  70 %  73 %  74 %  76 %  78 %  79 %  82 %  85 %  87 %  91 %  96 %  99 %  100 % 

=== PARDISO: solving a real nonsymmetric system ===
Single-level factorization algorithm is turned ON


Summary: ( factorization phase )
================

Times:
======
Time spent in copying matrix to internal data structure (A to LU): 0.000000 s
Time spent in factorization step (numfct)                        : 0.671114 s
Time spent in allocation of internal data structures (malloc)    : 0.000423 s
Time spent in additional calculations                            : 0.000005 s
Total time spent                                                 : 0.671542 s

Statistics:
===========
< Parallel Direct Factorization with number of processors: > 20
< Numerical Factorization with BLAS3 and O(n) synchronization >

< Linear system Ax = b >
             number of equations:           213360
             number of non-zeros in A:      3021648
             number of non-zeros in A (%): 0.006638

             number of right-hand sides:    1

< Factors L and U >
             number of columns for each panel: 72
             number of independent subgraphs:  0
< Preprocessing with state of the art partitioning metis>
             number of supernodes:                    96985
             size of largest supernode:               1162
             number of non-zeros in L:                41705769
             number of non-zeros in U:                39121207
             number of non-zeros in L+U:              80826976
             gflop   for the numerical factorization: 47.688591

             gflop/s for the numerical factorization: 71.058856


Factorization completed ...
 
=== PARDISO: solving a real nonsymmetric system ===


Summary: ( solution phase )
================

Times:
======
Time spent in direct solver at solve step (solve)                : 0.027857 s
Time spent in additional calculations                            : 0.060609 s
Total time spent                                                 : 0.088466 s

Statistics:
===========
< Parallel Direct Factorization with number of processors: > 20
< Numerical Factorization with BLAS3 and O(n) synchronization >

< Linear system Ax = b >
             number of equations:           213360
             number of non-zeros in A:      3021648
             number of non-zeros in A (%): 0.006638

             number of right-hand sides:    1

< Factors L and U >
             number of columns for each panel: 72
             number of independent subgraphs:  0
< Preprocessing with state of the art partitioning metis>
             number of supernodes:                    96985
             size of largest supernode:               1162
             number of non-zeros in L:                41705769
             number of non-zeros in U:                39121207
             number of non-zeros in L+U:              80826976
             gflop   for the numerical factorization: 47.688591

             gflop/s for the numerical factorization: 71.058856


Solve completed ...

Memory deallocated...
