
===================================
mtx file = ../matrices/vanbody.mtx

Done with reading mtx file.
m = 47072, n = 47072, nz = 1191985

Number of threads = 20

=== PARDISO: solving a real nonsymmetric system ===
The local (internal) PARDISO version is                          : 103911000
1-based array indexing is turned ON
PARDISO double precision computation is turned ON
METIS algorithm at reorder step is turned ON
Scaling is turned ON
Matching is turned ON


Summary: ( reordering phase )
================

Times:
======
Time spent in calculations of symmetric matrix portrait (fulladj): 0.012015 s
Time spent in reordering of the initial matrix (reorder)         : 0.112557 s
Time spent in symbolic factorization (symbfct)                   : 0.034918 s
Time spent in data preparations for factorization (parlist)      : 0.001064 s
Time spent in allocation of internal data structures (malloc)    : 0.041220 s
Time spent in additional calculations                            : 0.074673 s
Total time spent                                                 : 0.276447 s

Statistics:
===========
< Parallel Direct Factorization with number of processors: > 20
< Numerical Factorization with BLAS3 and O(n) synchronization >

< Linear system Ax = b >
             number of equations:           47072
             number of non-zeros in A:      1191985
             number of non-zeros in A (%): 0.053795

             number of right-hand sides:    1

< Factors L and U >
             number of columns for each panel: 72
             number of independent subgraphs:  0
< Preprocessing with state of the art partitioning metis>
             number of supernodes:                    6661
             size of largest supernode:               510
             number of non-zeros in L:                6491717
             number of non-zeros in U:                5514635
             number of non-zeros in L+U:              12006352

Reordering completed ... 
Number of nonzeros in factors  = 0
Number of factorization MFLOPS = 2758=== PARDISO is running in In-Core mode, because iparam(60)=0 ===
Percentage of computed non-zeros for LL^T factorization
 0 %  1 %  2 %  3 %  4 %  5 %  6 %  7 %  8 %  9 %  10 %  11 %  12 %  13 %  14 %  15 %  16 %  17 %  18 %  19 %  20 %  21 %  22 %  23 %  24 %  25 %  26 %  27 %  28 %  29 %  30 %  31 %  32 %  33 %  34 %  36 %  38 %  40 %  41 %  42 %  43 %  48 %  49 %  53 %  55 %  56 %  65 %  68 %  69 %  70 %  71 %  75 %  76 %  81 %  83 %  87 %  96 %  100 % 

=== PARDISO: solving a real nonsymmetric system ===
Single-level factorization algorithm is turned ON


Summary: ( factorization phase )
================

Times:
======
Time spent in copying matrix to internal data structure (A to LU): 0.000000 s
Time spent in factorization step (numfct)                        : 0.054717 s
Time spent in allocation of internal data structures (malloc)    : 0.000046 s
Time spent in additional calculations                            : 0.000004 s
Total time spent                                                 : 0.054767 s

Statistics:
===========
< Parallel Direct Factorization with number of processors: > 20
< Numerical Factorization with BLAS3 and O(n) synchronization >

< Linear system Ax = b >
             number of equations:           47072
             number of non-zeros in A:      1191985
             number of non-zeros in A (%): 0.053795

             number of right-hand sides:    1

< Factors L and U >
             number of columns for each panel: 72
             number of independent subgraphs:  0
< Preprocessing with state of the art partitioning metis>
             number of supernodes:                    6661
             size of largest supernode:               510
             number of non-zeros in L:                6491717
             number of non-zeros in U:                5514635
             number of non-zeros in L+U:              12006352
             gflop   for the numerical factorization: 2.758596

             gflop/s for the numerical factorization: 50.415639


Factorization completed ...
 
=== PARDISO: solving a real nonsymmetric system ===


Summary: ( solution phase )
================

Times:
======
Time spent in direct solver at solve step (solve)                : 0.006615 s
Time spent in additional calculations                            : 0.014001 s
Total time spent                                                 : 0.020616 s

Statistics:
===========
< Parallel Direct Factorization with number of processors: > 20
< Numerical Factorization with BLAS3 and O(n) synchronization >

< Linear system Ax = b >
             number of equations:           47072
             number of non-zeros in A:      1191985
             number of non-zeros in A (%): 0.053795

             number of right-hand sides:    1

< Factors L and U >
             number of columns for each panel: 72
             number of independent subgraphs:  0
< Preprocessing with state of the art partitioning metis>
             number of supernodes:                    6661
             size of largest supernode:               510
             number of non-zeros in L:                6491717
             number of non-zeros in U:                5514635
             number of non-zeros in L+U:              12006352
             gflop   for the numerical factorization: 2.758596

             gflop/s for the numerical factorization: 50.415639


Solve completed ...

Memory deallocated...
