
===================================
mtx file = ../matrices/venkat25.mtx

Done with reading mtx file.
m = 62424, n = 62424, nz = 1717792

Number of threads = 20

=== PARDISO: solving a real nonsymmetric system ===
The local (internal) PARDISO version is                          : 103911000
1-based array indexing is turned ON
PARDISO double precision computation is turned ON
METIS algorithm at reorder step is turned ON
Scaling is turned ON
Matching is turned ON


Summary: ( reordering phase )
================

Times:
======
Time spent in calculations of symmetric matrix portrait (fulladj): 0.015740 s
Time spent in reordering of the initial matrix (reorder)         : 0.068139 s
Time spent in symbolic factorization (symbfct)                   : 0.035290 s
Time spent in data preparations for factorization (parlist)      : 0.001032 s
Time spent in allocation of internal data structures (malloc)    : 0.048167 s
Time spent in additional calculations                            : 0.047893 s
Total time spent                                                 : 0.216261 s

Statistics:
===========
< Parallel Direct Factorization with number of processors: > 20
< Numerical Factorization with BLAS3 and O(n) synchronization >

< Linear system Ax = b >
             number of equations:           62424
             number of non-zeros in A:      1717792
             number of non-zeros in A (%): 0.044083

             number of right-hand sides:    1

< Factors L and U >
             number of columns for each panel: 72
             number of independent subgraphs:  0
< Preprocessing with state of the art partitioning metis>
             number of supernodes:                    9453
             size of largest supernode:               460
             number of non-zeros in L:                6071664
             number of non-zeros in U:                5019184
             number of non-zeros in L+U:              11090848

Reordering completed ... 
Number of nonzeros in factors  = 0
Number of factorization MFLOPS = 1769=== PARDISO is running in In-Core mode, because iparam(60)=0 ===
Percentage of computed non-zeros for LL^T factorization
 0 %  1 %  2 %  3 %  4 %  5 %  6 %  7 %  8 %  9 %  10 %  11 %  12 %  13 %  14 %  15 %  16 %  17 %  18 %  19 %  20 %  21 %  22 %  23 %  24 %  25 %  26 %  27 %  28 %  29 %  30 %  31 %  32 %  33 %  34 %  35 %  36 %  37 %  38 %  39 %  40 %  42 %  44 %  45 %  46 %  47 %  48 %  49 %  50 %  52 %  53 %  56 %  60 %  64 %  66 %  68 %  70 %  74 %  77 %  80 %  85 %  90 %  96 %  100 % 

=== PARDISO: solving a real nonsymmetric system ===
Single-level factorization algorithm is turned ON


Summary: ( factorization phase )
================

Times:
======
Time spent in copying matrix to internal data structure (A to LU): 0.000000 s
Time spent in factorization step (numfct)                        : 0.045911 s
Time spent in allocation of internal data structures (malloc)    : 0.000048 s
Time spent in additional calculations                            : 0.000003 s
Total time spent                                                 : 0.045962 s

Statistics:
===========
< Parallel Direct Factorization with number of processors: > 20
< Numerical Factorization with BLAS3 and O(n) synchronization >

< Linear system Ax = b >
             number of equations:           62424
             number of non-zeros in A:      1717792
             number of non-zeros in A (%): 0.044083

             number of right-hand sides:    1

< Factors L and U >
             number of columns for each panel: 72
             number of independent subgraphs:  0
< Preprocessing with state of the art partitioning metis>
             number of supernodes:                    9453
             size of largest supernode:               460
             number of non-zeros in L:                6071664
             number of non-zeros in U:                5019184
             number of non-zeros in L+U:              11090848
             gflop   for the numerical factorization: 1.769299

             gflop/s for the numerical factorization: 38.537525


Factorization completed ...
 
=== PARDISO: solving a real nonsymmetric system ===


Summary: ( solution phase )
================

Times:
======
Time spent in direct solver at solve step (solve)                : 0.006171 s
Time spent in additional calculations                            : 0.014058 s
Total time spent                                                 : 0.020229 s

Statistics:
===========
< Parallel Direct Factorization with number of processors: > 20
< Numerical Factorization with BLAS3 and O(n) synchronization >

< Linear system Ax = b >
             number of equations:           62424
             number of non-zeros in A:      1717792
             number of non-zeros in A (%): 0.044083

             number of right-hand sides:    1

< Factors L and U >
             number of columns for each panel: 72
             number of independent subgraphs:  0
< Preprocessing with state of the art partitioning metis>
             number of supernodes:                    9453
             size of largest supernode:               460
             number of non-zeros in L:                6071664
             number of non-zeros in U:                5019184
             number of non-zeros in L+U:              11090848
             gflop   for the numerical factorization: 1.769299

             gflop/s for the numerical factorization: 38.537525


Solve completed ...

Memory deallocated...
