
===================================
mtx file = ../matrices/xenon1.mtx

Done with reading mtx file.
m = 48600, n = 48600, nz = 1181120

Number of threads = 20

=== PARDISO: solving a real nonsymmetric system ===
The local (internal) PARDISO version is                          : 103911000
1-based array indexing is turned ON
PARDISO double precision computation is turned ON
METIS algorithm at reorder step is turned ON
Scaling is turned ON
Matching is turned ON


Summary: ( reordering phase )
================

Times:
======
Time spent in calculations of symmetric matrix portrait (fulladj): 0.011021 s
Time spent in reordering of the initial matrix (reorder)         : 0.138287 s
Time spent in symbolic factorization (symbfct)                   : 0.040969 s
Time spent in data preparations for factorization (parlist)      : 0.001969 s
Time spent in allocation of internal data structures (malloc)    : 0.037584 s
Time spent in additional calculations                            : 0.038906 s
Total time spent                                                 : 0.268736 s

Statistics:
===========
< Parallel Direct Factorization with number of processors: > 20
< Numerical Factorization with BLAS3 and O(n) synchronization >

< Linear system Ax = b >
             number of equations:           48600
             number of non-zeros in A:      1181120
             number of non-zeros in A (%): 0.050006

             number of right-hand sides:    1

< Factors L and U >
             number of columns for each panel: 72
             number of independent subgraphs:  0
< Preprocessing with state of the art partitioning metis>
             number of supernodes:                    11611
             size of largest supernode:               1284
             number of non-zeros in L:                10979765
             number of non-zeros in U:                10069433
             number of non-zeros in L+U:              21049198

Reordering completed ... 
Number of nonzeros in factors  = 0
Number of factorization MFLOPS = 13222=== PARDISO is running in In-Core mode, because iparam(60)=0 ===
Percentage of computed non-zeros for LL^T factorization
 0 %  1 %  2 %  3 %  4 %  5 %  6 %  7 %  8 %  9 %  10 %  11 %  12 %  13 %  14 %  16 %  17 %  18 %  19 %  20 %  21 %  22 %  23 %  24 %  25 %  27 %  28 %  29 %  30 %  31 %  33 %  34 %  35 %  39 %  44 %  46 %  51 %  61 %  69 %  82 %  96 %  100 % 

=== PARDISO: solving a real nonsymmetric system ===
Single-level factorization algorithm is turned ON


Summary: ( factorization phase )
================

Times:
======
Time spent in copying matrix to internal data structure (A to LU): 0.000000 s
Time spent in factorization step (numfct)                        : 0.134131 s
Time spent in allocation of internal data structures (malloc)    : 0.000056 s
Time spent in additional calculations                            : 0.000004 s
Total time spent                                                 : 0.134191 s

Statistics:
===========
< Parallel Direct Factorization with number of processors: > 20
< Numerical Factorization with BLAS3 and O(n) synchronization >

< Linear system Ax = b >
             number of equations:           48600
             number of non-zeros in A:      1181120
             number of non-zeros in A (%): 0.050006

             number of right-hand sides:    1

< Factors L and U >
             number of columns for each panel: 72
             number of independent subgraphs:  0
< Preprocessing with state of the art partitioning metis>
             number of supernodes:                    11611
             size of largest supernode:               1284
             number of non-zeros in L:                10979765
             number of non-zeros in U:                10069433
             number of non-zeros in L+U:              21049198
             gflop   for the numerical factorization: 13.222818

             gflop/s for the numerical factorization: 98.581403


Factorization completed ...
 
=== PARDISO: solving a real nonsymmetric system ===


Summary: ( solution phase )
================

Times:
======
Time spent in direct solver at solve step (solve)                : 0.009827 s
Time spent in additional calculations                            : 0.022610 s
Total time spent                                                 : 0.032437 s

Statistics:
===========
< Parallel Direct Factorization with number of processors: > 20
< Numerical Factorization with BLAS3 and O(n) synchronization >

< Linear system Ax = b >
             number of equations:           48600
             number of non-zeros in A:      1181120
             number of non-zeros in A (%): 0.050006

             number of right-hand sides:    1

< Factors L and U >
             number of columns for each panel: 72
             number of independent subgraphs:  0
< Preprocessing with state of the art partitioning metis>
             number of supernodes:                    11611
             size of largest supernode:               1284
             number of non-zeros in L:                10979765
             number of non-zeros in U:                10069433
             number of non-zeros in L+U:              21049198
             gflop   for the numerical factorization: 13.222818

             gflop/s for the numerical factorization: 98.581403


Solve completed ...

Memory deallocated...
