
===================================
mtx file = /home/odeshmukh/2D_54019_highK.mtx

Done with reading mtx file.
m = 54019, n = 54019, nz = 996414

Number of threads = 236

=== PARDISO: solving a real nonsymmetric system ===
The local (internal) PARDISO version is                          : 103911000
1-based array indexing is turned ON
PARDISO double precision computation is turned ON
METIS algorithm at reorder step is turned ON
Scaling is turned ON
Matching is turned ON


Summary: ( reordering phase )
================

Times:
======
Time spent in calculations of symmetric matrix portrait (fulladj): 0.156563 s
Time spent in reordering of the initial matrix (reorder)         : 0.888991 s
Time spent in symbolic factorization (symbfct)                   : 0.650131 s
Time spent in data preparations for factorization (parlist)      : 0.011648 s
Time spent in allocation of internal data structures (malloc)    : 0.513384 s
Time spent in additional calculations                            : 0.557413 s
Total time spent                                                 : 2.778130 s

Statistics:
===========
< Parallel Direct Factorization with number of processors: > 236
< Numerical Factorization with BLAS3 and O(n) synchronization >

< Linear system Ax = b >
             number of equations:           54019
             number of non-zeros in A:      996414
             number of non-zeros in A (%): 0.034147

             number of right-hand sides:    1

< Factors L and U >
             number of columns for each panel: 72
             number of independent subgraphs:  0
< Preprocessing with state of the art partitioning metis>
             number of supernodes:                    12168
             size of largest supernode:               377
             number of non-zeros in L:                4338836
             number of non-zeros in U:                3640157
             number of non-zeros in L+U:              7978993

Reordering completed ... 
Number of nonzeros in factors  = 0
Number of factorization MFLOPS = 1424=== PARDISO is running in In-Core mode, because iparam(60)=0 ===
Percentage of computed non-zeros for LL^T factorization
 0 %  1 %  2 %  3 %  4 %  5 %  6 %  7 %  8 %  9 %  10 %  11 %  12 %  13 %  14 %  15 %  16 %  17 %  19 %  20 %  22 %  24 %  26 %  29 %  32 %  39 %  74 %  100 % 

=== PARDISO: solving a real nonsymmetric system ===
Single-level factorization algorithm is turned ON


Summary: ( factorization phase )
================

Times:
======
Time spent in copying matrix to internal data structure (A to LU): 0.000000 s
Time spent in factorization step (numfct)                        : 1.495104 s
Time spent in allocation of internal data structures (malloc)    : 0.000266 s
Time spent in additional calculations                            : 0.000020 s
Total time spent                                                 : 1.495390 s

Statistics:
===========
< Parallel Direct Factorization with number of processors: > 236
< Numerical Factorization with BLAS3 and O(n) synchronization >

< Linear system Ax = b >
             number of equations:           54019
             number of non-zeros in A:      996414
             number of non-zeros in A (%): 0.034147

             number of right-hand sides:    1

< Factors L and U >
             number of columns for each panel: 72
             number of independent subgraphs:  0
< Preprocessing with state of the art partitioning metis>
             number of supernodes:                    12168
             size of largest supernode:               377
             number of non-zeros in L:                4338836
             number of non-zeros in U:                3640157
             number of non-zeros in L+U:              7978993
             gflop   for the numerical factorization: 1.424815

             gflop/s for the numerical factorization: 0.952987


Factorization completed ...
 
=== PARDISO: solving a real nonsymmetric system ===


Summary: ( solution phase )
================

Times:
======
Time spent in direct solver at solve step (solve)                : 0.439941 s
Time spent in additional calculations                            : 0.921739 s
Total time spent                                                 : 1.361680 s

Statistics:
===========
< Parallel Direct Factorization with number of processors: > 236
< Numerical Factorization with BLAS3 and O(n) synchronization >

< Linear system Ax = b >
             number of equations:           54019
             number of non-zeros in A:      996414
             number of non-zeros in A (%): 0.034147

             number of right-hand sides:    1

< Factors L and U >
             number of columns for each panel: 72
             number of independent subgraphs:  0
< Preprocessing with state of the art partitioning metis>
             number of supernodes:                    12168
             size of largest supernode:               377
             number of non-zeros in L:                4338836
             number of non-zeros in U:                3640157
             number of non-zeros in L+U:              7978993
             gflop   for the numerical factorization: 1.424815

             gflop/s for the numerical factorization: 0.952987


Solve completed ...
Remote process returned: -1
Exit reason: Exit reason 11 - Segmentation fault

