
===================================
mtx file = /home/odeshmukh/88950-lhs.mtx

Done with reading mtx file.
m = 88950, n = 88950, nz = 513900

Number of threads = 236

=== PARDISO: solving a real nonsymmetric system ===
The local (internal) PARDISO version is                          : 103911000
1-based array indexing is turned ON
PARDISO double precision computation is turned ON
METIS algorithm at reorder step is turned ON
Scaling is turned ON
Matching is turned ON


Summary: ( reordering phase )
================

Times:
======
Time spent in calculations of symmetric matrix portrait (fulladj): 0.116194 s
Time spent in reordering of the initial matrix (reorder)         : 4.069660 s
Time spent in symbolic factorization (symbfct)                   : 1.161769 s
Time spent in data preparations for factorization (parlist)      : 0.024325 s
Time spent in allocation of internal data structures (malloc)    : 0.557597 s
Time spent in additional calculations                            : 0.518974 s
Total time spent                                                 : 6.448519 s

Statistics:
===========
< Parallel Direct Factorization with number of processors: > 236
< Numerical Factorization with BLAS3 and O(n) synchronization >

< Linear system Ax = b >
             number of equations:           88950
             number of non-zeros in A:      513900
             number of non-zeros in A (%): 0.006495

             number of right-hand sides:    1

< Factors L and U >
             number of columns for each panel: 72
             number of independent subgraphs:  0
< Preprocessing with state of the art partitioning metis>
             number of supernodes:                    48556
             size of largest supernode:               268
             number of non-zeros in L:                1767874
             number of non-zeros in U:                1355690
             number of non-zeros in L+U:              3123564

Reordering completed ... 
Number of nonzeros in factors  = 0
Number of factorization MFLOPS = 217=== PARDISO is running in In-Core mode, because iparam(60)=0 ===
Percentage of computed non-zeros for LL^T factorization
 0 %  1 %  2 %  3 %  4 %  5 %  6 %  7 %  8 %  9 %  10 %  11 %  12 %  13 %  14 %  15 %  16 %  17 %  18 %  19 %  20 %  21 %  22 %  23 %  24 %  25 %  26 %  27 %  28 %  29 %  30 %  31 %  32 %  33 %  34 %  35 %  36 %  37 %  38 %  39 %  40 %  41 %  42 %  43 %  44 %  46 %  47 %  48 %  50 %  52 %  54 %  56 %  59 %  62 %  75 %  100 % 

=== PARDISO: solving a real nonsymmetric system ===
Single-level factorization algorithm is turned ON


Summary: ( factorization phase )
================

Times:
======
Time spent in copying matrix to internal data structure (A to LU): 0.000000 s
Time spent in factorization step (numfct)                        : 1.251007 s
Time spent in allocation of internal data structures (malloc)    : 0.000282 s
Time spent in additional calculations                            : 0.000020 s
Total time spent                                                 : 1.251309 s

Statistics:
===========
< Parallel Direct Factorization with number of processors: > 236
< Numerical Factorization with BLAS3 and O(n) synchronization >

< Linear system Ax = b >
             number of equations:           88950
             number of non-zeros in A:      513900
             number of non-zeros in A (%): 0.006495

             number of right-hand sides:    1

< Factors L and U >
             number of columns for each panel: 72
             number of independent subgraphs:  0
< Preprocessing with state of the art partitioning metis>
             number of supernodes:                    48556
             size of largest supernode:               268
             number of non-zeros in L:                1767874
             number of non-zeros in U:                1355690
             number of non-zeros in L+U:              3123564
             gflop   for the numerical factorization: 0.217781

             gflop/s for the numerical factorization: 0.174084


Factorization completed ...
 
=== PARDISO: solving a real nonsymmetric system ===


Summary: ( solution phase )
================

Times:
======
Time spent in direct solver at solve step (solve)                : 0.334698 s
Time spent in additional calculations                            : 0.700492 s
Total time spent                                                 : 1.035190 s

Statistics:
===========
< Parallel Direct Factorization with number of processors: > 236
< Numerical Factorization with BLAS3 and O(n) synchronization >

< Linear system Ax = b >
             number of equations:           88950
             number of non-zeros in A:      513900
             number of non-zeros in A (%): 0.006495

             number of right-hand sides:    1

< Factors L and U >
             number of columns for each panel: 72
             number of independent subgraphs:  0
< Preprocessing with state of the art partitioning metis>
             number of supernodes:                    48556
             size of largest supernode:               268
             number of non-zeros in L:                1767874
             number of non-zeros in U:                1355690
             number of non-zeros in L+U:              3123564
             gflop   for the numerical factorization: 0.217781

             gflop/s for the numerical factorization: 0.174084


Solve completed ...
Remote process returned: -1
Exit reason: Exit reason 11 - Segmentation fault

