
===================================
mtx file = /home/odeshmukh/Andrews.mtx

Done with reading mtx file.
m = 60000, n = 60000, nz = 410077

Number of threads = 236

=== PARDISO: solving a real nonsymmetric system ===
The local (internal) PARDISO version is                          : 103911000
1-based array indexing is turned ON
PARDISO double precision computation is turned ON
METIS algorithm at reorder step is turned ON
Scaling is turned ON
Matching is turned ON


Summary: ( reordering phase )
================

Times:
======
Time spent in calculations of symmetric matrix portrait (fulladj): 0.213599 s
Time spent in reordering of the initial matrix (reorder)         : 4.964837 s
Time spent in symbolic factorization (symbfct)                   : 1.959651 s
Time spent in data preparations for factorization (parlist)      : 0.130921 s
Time spent in allocation of internal data structures (malloc)    : 0.770614 s
Time spent in additional calculations                            : 0.892401 s
Total time spent                                                 : 8.932023 s

Statistics:
===========
< Parallel Direct Factorization with number of processors: > 236
< Numerical Factorization with BLAS3 and O(n) synchronization >

< Linear system Ax = b >
             number of equations:           60000
             number of non-zeros in A:      410077
             number of non-zeros in A (%): 0.011391

             number of right-hand sides:    1

< Factors L and U >
             number of columns for each panel: 72
             number of independent subgraphs:  0
< Preprocessing with state of the art partitioning metis>
             number of supernodes:                    30488
             size of largest supernode:               1552
             number of non-zeros in L:                37016048
             number of non-zeros in U:                36114500
             number of non-zeros in L+U:              73130548

Reordering completed ... 
Number of nonzeros in factors  = 0
Number of factorization MFLOPS = 104273=== PARDISO is running in In-Core mode, because iparam(60)=0 ===
Percentage of computed non-zeros for LL^T factorization
 0 %  1 %  2 %  3 %  4 %  5 %  6 %  7 %  8 %  10 %  11 %  12 %  13 %  20 %  26 %  34 %  42 %  61 %  91 %  100 % 

=== PARDISO: solving a real nonsymmetric system ===
Single-level factorization algorithm is turned ON


Summary: ( factorization phase )
================

Times:
======
Time spent in copying matrix to internal data structure (A to LU): 0.000000 s
Time spent in factorization step (numfct)                        : 13.102940 s
Time spent in allocation of internal data structures (malloc)    : 0.000281 s
Time spent in additional calculations                            : 0.000019 s
Total time spent                                                 : 13.103240 s

Statistics:
===========
< Parallel Direct Factorization with number of processors: > 236
< Numerical Factorization with BLAS3 and O(n) synchronization >

< Linear system Ax = b >
             number of equations:           60000
             number of non-zeros in A:      410077
             number of non-zeros in A (%): 0.011391

             number of right-hand sides:    1

< Factors L and U >
             number of columns for each panel: 72
             number of independent subgraphs:  0
< Preprocessing with state of the art partitioning metis>
             number of supernodes:                    30488
             size of largest supernode:               1552
             number of non-zeros in L:                37016048
             number of non-zeros in U:                36114500
             number of non-zeros in L+U:              73130548
             gflop   for the numerical factorization: 104.273524

             gflop/s for the numerical factorization: 7.958025


Factorization completed ...
 
=== PARDISO: solving a real nonsymmetric system ===


Summary: ( solution phase )
================

Times:
======
Time spent in direct solver at solve step (solve)                : 1.573762 s
Time spent in additional calculations                            : 3.118593 s
Total time spent                                                 : 4.692355 s

Statistics:
===========
< Parallel Direct Factorization with number of processors: > 236
< Numerical Factorization with BLAS3 and O(n) synchronization >

< Linear system Ax = b >
             number of equations:           60000
             number of non-zeros in A:      410077
             number of non-zeros in A (%): 0.011391

             number of right-hand sides:    1

< Factors L and U >
             number of columns for each panel: 72
             number of independent subgraphs:  0
< Preprocessing with state of the art partitioning metis>
             number of supernodes:                    30488
             size of largest supernode:               1552
             number of non-zeros in L:                37016048
             number of non-zeros in U:                36114500
             number of non-zeros in L+U:              73130548
             gflop   for the numerical factorization: 104.273524

             gflop/s for the numerical factorization: 7.958025


Solve completed ...
Remote process returned: -1
Exit reason: Exit reason 6 - Aborted

