
===================================
mtx file = /home/odeshmukh/ASIC_100ks.mtx

Done with reading mtx file.
m = 99190, n = 99190, nz = 578890

Number of threads = 236

=== PARDISO: solving a real nonsymmetric system ===
The local (internal) PARDISO version is                          : 103911000
1-based array indexing is turned ON
PARDISO double precision computation is turned ON
METIS algorithm at reorder step is turned ON
Scaling is turned ON
Matching is turned ON


Summary: ( reordering phase )
================

Times:
======
Time spent in calculations of symmetric matrix portrait (fulladj): 0.137369 s
Time spent in reordering of the initial matrix (reorder)         : 3.709145 s
Time spent in symbolic factorization (symbfct)                   : 1.228163 s
Time spent in data preparations for factorization (parlist)      : 0.035640 s
Time spent in allocation of internal data structures (malloc)    : 0.455088 s
Time spent in additional calculations                            : 0.293257 s
Total time spent                                                 : 5.858662 s

Statistics:
===========
< Parallel Direct Factorization with number of processors: > 236
< Numerical Factorization with BLAS3 and O(n) synchronization >

< Linear system Ax = b >
             number of equations:           99190
             number of non-zeros in A:      578890
             number of non-zeros in A (%): 0.005884

             number of right-hand sides:    1

< Factors L and U >
             number of columns for each panel: 72
             number of independent subgraphs:  0
< Preprocessing with state of the art partitioning metis>
             number of supernodes:                    85343
             size of largest supernode:               417
             number of non-zeros in L:                1846740
             number of non-zeros in U:                1611394
             number of non-zeros in L+U:              3458134

Reordering completed ... 
Number of nonzeros in factors  = 0
Number of factorization MFLOPS = 801=== PARDISO is running in In-Core mode, because iparam(60)=0 ===
Percentage of computed non-zeros for LL^T factorization
 0 %  1 %  2 %  3 %  4 %  5 %  6 %  7 %  8 %  9 %  10 %  11 %  12 %  13 %  14 %  15 %  16 %  17 %  18 %  19 %  20 %  21 %  22 %  23 %  24 %  25 %  26 %  27 %  28 %  29 %  30 %  31 %  32 %  33 %  35 %  36 %  38 %  42 %  52 %  100 % 

=== PARDISO: solving a real nonsymmetric system ===
Single-level factorization algorithm is turned ON


Summary: ( factorization phase )
================

Times:
======
Time spent in copying matrix to internal data structure (A to LU): 0.000001 s
Time spent in factorization step (numfct)                        : 1.763303 s
Time spent in allocation of internal data structures (malloc)    : 0.000306 s
Time spent in additional calculations                            : 0.000019 s
Total time spent                                                 : 1.763629 s

Statistics:
===========
< Parallel Direct Factorization with number of processors: > 236
< Numerical Factorization with BLAS3 and O(n) synchronization >

< Linear system Ax = b >
             number of equations:           99190
             number of non-zeros in A:      578890
             number of non-zeros in A (%): 0.005884

             number of right-hand sides:    1

< Factors L and U >
             number of columns for each panel: 72
             number of independent subgraphs:  0
< Preprocessing with state of the art partitioning metis>
             number of supernodes:                    85343
             size of largest supernode:               417
             number of non-zeros in L:                1846740
             number of non-zeros in U:                1611394
             number of non-zeros in L+U:              3458134
             gflop   for the numerical factorization: 0.801775

             gflop/s for the numerical factorization: 0.454700


Factorization completed ...
 
=== PARDISO: solving a real nonsymmetric system ===


Summary: ( solution phase )
================

Times:
======
Time spent in direct solver at solve step (solve)                : 0.446204 s
Time spent in additional calculations                            : 0.844519 s
Total time spent                                                 : 1.290723 s

Statistics:
===========
< Parallel Direct Factorization with number of processors: > 236
< Numerical Factorization with BLAS3 and O(n) synchronization >

< Linear system Ax = b >
             number of equations:           99190
             number of non-zeros in A:      578890
             number of non-zeros in A (%): 0.005884

             number of right-hand sides:    1

< Factors L and U >
             number of columns for each panel: 72
             number of independent subgraphs:  0
< Preprocessing with state of the art partitioning metis>
             number of supernodes:                    85343
             size of largest supernode:               417
             number of non-zeros in L:                1846740
             number of non-zeros in U:                1611394
             number of non-zeros in L+U:              3458134
             gflop   for the numerical factorization: 0.801775

             gflop/s for the numerical factorization: 0.454700


Solve completed ...
Remote process returned: -1
Exit reason: Exit reason 11 - Segmentation fault

