
===================================
mtx file = /home/odeshmukh/ASIC_100k.mtx

Done with reading mtx file.
m = 99340, n = 99340, nz = 954163

Number of threads = 236

=== PARDISO: solving a real nonsymmetric system ===
The local (internal) PARDISO version is                          : 103911000
1-based array indexing is turned ON
PARDISO double precision computation is turned ON
METIS algorithm at reorder step is turned ON
Scaling is turned ON
Matching is turned ON


Summary: ( reordering phase )
================

Times:
======
Time spent in calculations of symmetric matrix portrait (fulladj): 0.228355 s
Time spent in reordering of the initial matrix (reorder)         : 3.928167 s
Time spent in symbolic factorization (symbfct)                   : 1.502502 s
Time spent in data preparations for factorization (parlist)      : 0.045823 s
Time spent in allocation of internal data structures (malloc)    : 0.681022 s
Time spent in additional calculations                            : 0.719065 s
Total time spent                                                 : 7.104934 s

Statistics:
===========
< Parallel Direct Factorization with number of processors: > 236
< Numerical Factorization with BLAS3 and O(n) synchronization >

< Linear system Ax = b >
             number of equations:           99340
             number of non-zeros in A:      954163
             number of non-zeros in A (%): 0.009669

             number of right-hand sides:    1

< Factors L and U >
             number of columns for each panel: 72
             number of independent subgraphs:  0
< Preprocessing with state of the art partitioning metis>
             number of supernodes:                    86952
             size of largest supernode:               287
             number of non-zeros in L:                2158673
             number of non-zeros in U:                1928753
             number of non-zeros in L+U:              4087426

Reordering completed ... 
Number of nonzeros in factors  = 0
Number of factorization MFLOPS = 766=== PARDISO is running in In-Core mode, because iparam(60)=0 ===
Percentage of computed non-zeros for LL^T factorization
 0 %  1 %  2 %  3 %  4 %  5 %  6 %  7 %  8 %  9 %  10 %  11 %  12 %  13 %  14 %  15 %  16 %  17 %  18 %  19 %  20 %  21 %  22 %  23 %  24 %  25 %  26 %  27 %  28 %  29 %  30 %  31 %  32 %  33 %  34 %  35 %  36 %  37 %  38 %  39 %  40 %  41 %  42 %  43 %  44 %  45 %  46 %  48 %  51 %  56 %  100 % 

=== PARDISO: solving a real nonsymmetric system ===
Single-level factorization algorithm is turned ON


Summary: ( factorization phase )
================

Times:
======
Time spent in copying matrix to internal data structure (A to LU): 0.000000 s
Time spent in factorization step (numfct)                        : 1.787024 s
Time spent in allocation of internal data structures (malloc)    : 0.000315 s
Time spent in additional calculations                            : 0.000021 s
Total time spent                                                 : 1.787360 s

Statistics:
===========
< Parallel Direct Factorization with number of processors: > 236
< Numerical Factorization with BLAS3 and O(n) synchronization >

< Linear system Ax = b >
             number of equations:           99340
             number of non-zeros in A:      954163
             number of non-zeros in A (%): 0.009669

             number of right-hand sides:    1

< Factors L and U >
             number of columns for each panel: 72
             number of independent subgraphs:  0
< Preprocessing with state of the art partitioning metis>
             number of supernodes:                    86952
             size of largest supernode:               287
             number of non-zeros in L:                2158673
             number of non-zeros in U:                1928753
             number of non-zeros in L+U:              4087426
             gflop   for the numerical factorization: 0.766260

             gflop/s for the numerical factorization: 0.428791


Factorization completed ...
 
=== PARDISO: solving a real nonsymmetric system ===


Summary: ( solution phase )
================

Times:
======
Time spent in direct solver at solve step (solve)                : 0.485620 s
Time spent in additional calculations                            : 0.899398 s
Total time spent                                                 : 1.385018 s

Statistics:
===========
< Parallel Direct Factorization with number of processors: > 236
< Numerical Factorization with BLAS3 and O(n) synchronization >

< Linear system Ax = b >
             number of equations:           99340
             number of non-zeros in A:      954163
             number of non-zeros in A (%): 0.009669

             number of right-hand sides:    1

< Factors L and U >
             number of columns for each panel: 72
             number of independent subgraphs:  0
< Preprocessing with state of the art partitioning metis>
             number of supernodes:                    86952
             size of largest supernode:               287
             number of non-zeros in L:                2158673
             number of non-zeros in U:                1928753
             number of non-zeros in L+U:              4087426
             gflop   for the numerical factorization: 0.766260

             gflop/s for the numerical factorization: 0.428791


Solve completed ...
Remote process returned: -1
Exit reason: Exit reason 11 - Segmentation fault

