
===================================
mtx file = /home/odeshmukh/bayer01.mtx

Done with reading mtx file.
m = 57735, n = 57735, nz = 277774

Number of threads = 236

=== PARDISO: solving a real nonsymmetric system ===
The local (internal) PARDISO version is                          : 103911000
1-based array indexing is turned ON
PARDISO double precision computation is turned ON
METIS algorithm at reorder step is turned ON
Scaling is turned ON
Matching is turned ON


Summary: ( reordering phase )
================

Times:
======
Time spent in calculations of symmetric matrix portrait (fulladj): 0.071574 s
Time spent in reordering of the initial matrix (reorder)         : 2.841216 s
Time spent in symbolic factorization (symbfct)                   : 0.625974 s
Time spent in data preparations for factorization (parlist)      : 0.020513 s
Time spent in allocation of internal data structures (malloc)    : 0.466192 s
Time spent in additional calculations                            : 0.304283 s
Total time spent                                                 : 4.329752 s

Statistics:
===========
< Parallel Direct Factorization with number of processors: > 236
< Numerical Factorization with BLAS3 and O(n) synchronization >

< Linear system Ax = b >
             number of equations:           57735
             number of non-zeros in A:      277774
             number of non-zeros in A (%): 0.008333

             number of right-hand sides:    1

< Factors L and U >
             number of columns for each panel: 72
             number of independent subgraphs:  0
< Preprocessing with state of the art partitioning metis>
             number of supernodes:                    42843
             size of largest supernode:               100
             number of non-zeros in L:                1447643
             number of non-zeros in U:                1116432
             number of non-zeros in L+U:              2564075

Reordering completed ... 
Number of nonzeros in factors  = 0
Number of factorization MFLOPS = 124=== PARDISO is running in In-Core mode, because iparam(60)=0 ===
Percentage of computed non-zeros for LL^T factorization
 0 %  1 %  2 %  3 %  4 %  5 %  6 %  7 %  8 %  9 %  10 %  11 %  12 %  13 %  14 %  15 %  16 %  17 %  18 %  19 %  20 %  21 %  22 %  23 %  26 %  28 %  29 %  34 %  36 %  38 %  39 %  41 %  69 %  92 %  100 % 

=== PARDISO: solving a real nonsymmetric system ===
Single-level factorization algorithm is turned ON


Summary: ( factorization phase )
================

Times:
======
Time spent in copying matrix to internal data structure (A to LU): 0.000001 s
Time spent in factorization step (numfct)                        : 1.369898 s
Time spent in allocation of internal data structures (malloc)    : 0.000283 s
Time spent in additional calculations                            : 0.000017 s
Total time spent                                                 : 1.370199 s

Statistics:
===========
< Parallel Direct Factorization with number of processors: > 236
< Numerical Factorization with BLAS3 and O(n) synchronization >

< Linear system Ax = b >
             number of equations:           57735
             number of non-zeros in A:      277774
             number of non-zeros in A (%): 0.008333

             number of right-hand sides:    1

< Factors L and U >
             number of columns for each panel: 72
             number of independent subgraphs:  0
< Preprocessing with state of the art partitioning metis>
             number of supernodes:                    42843
             size of largest supernode:               100
             number of non-zeros in L:                1447643
             number of non-zeros in U:                1116432
             number of non-zeros in L+U:              2564075
             gflop   for the numerical factorization: 0.124827

             gflop/s for the numerical factorization: 0.091121


Factorization completed ...
 
=== PARDISO: solving a real nonsymmetric system ===


Summary: ( solution phase )
================

Times:
======
Time spent in direct solver at solve step (solve)                : 0.252440 s
Time spent in additional calculations                            : 0.518385 s
Total time spent                                                 : 0.770825 s

Statistics:
===========
< Parallel Direct Factorization with number of processors: > 236
< Numerical Factorization with BLAS3 and O(n) synchronization >

< Linear system Ax = b >
             number of equations:           57735
             number of non-zeros in A:      277774
             number of non-zeros in A (%): 0.008333

             number of right-hand sides:    1

< Factors L and U >
             number of columns for each panel: 72
             number of independent subgraphs:  0
< Preprocessing with state of the art partitioning metis>
             number of supernodes:                    42843
             size of largest supernode:               100
             number of non-zeros in L:                1447643
             number of non-zeros in U:                1116432
             number of non-zeros in L+U:              2564075
             gflop   for the numerical factorization: 0.124827

             gflop/s for the numerical factorization: 0.091121


Solve completed ...
Remote process returned: -1
Exit reason: Exit reason 11 - Segmentation fault

