
===================================
mtx file = /home/odeshmukh/bcircuit.mtx

Done with reading mtx file.
m = 68902, n = 68902, nz = 375558

Number of threads = 236

=== PARDISO: solving a real nonsymmetric system ===
The local (internal) PARDISO version is                          : 103911000
1-based array indexing is turned ON
PARDISO double precision computation is turned ON
METIS algorithm at reorder step is turned ON
Scaling is turned ON
Matching is turned ON


Summary: ( reordering phase )
================

Times:
======
Time spent in calculations of symmetric matrix portrait (fulladj): 0.100295 s
Time spent in reordering of the initial matrix (reorder)         : 2.463059 s
Time spent in symbolic factorization (symbfct)                   : 0.754279 s
Time spent in data preparations for factorization (parlist)      : 0.020753 s
Time spent in allocation of internal data structures (malloc)    : 0.267814 s
Time spent in additional calculations                            : 0.190414 s
Total time spent                                                 : 3.796614 s

Statistics:
===========
< Parallel Direct Factorization with number of processors: > 236
< Numerical Factorization with BLAS3 and O(n) synchronization >

< Linear system Ax = b >
             number of equations:           68902
             number of non-zeros in A:      375558
             number of non-zeros in A (%): 0.007911

             number of right-hand sides:    1

< Factors L and U >
             number of columns for each panel: 72
             number of independent subgraphs:  0
< Preprocessing with state of the art partitioning metis>
             number of supernodes:                    56616
             size of largest supernode:               61
             number of non-zeros in L:                649495
             number of non-zeros in U:                497503
             number of non-zeros in L+U:              1146998

Reordering completed ... 
Number of nonzeros in factors  = 0
Number of factorization MFLOPS = 19=== PARDISO is running in In-Core mode, because iparam(60)=0 ===
Percentage of computed non-zeros for LL^T factorization
 0 %  1 %  2 %  3 %  4 %  5 %  6 %  7 %  8 %  9 %  10 %  11 %  12 %  13 %  14 %  15 %  16 %  17 %  18 %  19 %  20 %  21 %  22 %  23 %  24 %  25 %  26 %  27 %  28 %  29 %  30 %  31 %  32 %  33 %  34 %  35 %  36 %  37 %  38 %  39 %  40 %  41 %  42 %  43 %  44 %  45 %  46 %  47 %  48 %  49 %  50 %  51 %  52 %  53 %  54 %  55 %  57 %  58 %  60 %  62 %  65 %  68 %  72 %  76 %  80 %  88 %  100 % 

=== PARDISO: solving a real nonsymmetric system ===
Single-level factorization algorithm is turned ON


Summary: ( factorization phase )
================

Times:
======
Time spent in copying matrix to internal data structure (A to LU): 0.000001 s
Time spent in factorization step (numfct)                        : 1.144038 s
Time spent in allocation of internal data structures (malloc)    : 0.000278 s
Time spent in additional calculations                            : 0.000019 s
Total time spent                                                 : 1.144336 s

Statistics:
===========
< Parallel Direct Factorization with number of processors: > 236
< Numerical Factorization with BLAS3 and O(n) synchronization >

< Linear system Ax = b >
             number of equations:           68902
             number of non-zeros in A:      375558
             number of non-zeros in A (%): 0.007911

             number of right-hand sides:    1

< Factors L and U >
             number of columns for each panel: 72
             number of independent subgraphs:  0
< Preprocessing with state of the art partitioning metis>
             number of supernodes:                    56616
             size of largest supernode:               61
             number of non-zeros in L:                649495
             number of non-zeros in U:                497503
             number of non-zeros in L+U:              1146998
             gflop   for the numerical factorization: 0.019191

             gflop/s for the numerical factorization: 0.016775


Factorization completed ...
 
=== PARDISO: solving a real nonsymmetric system ===


Summary: ( solution phase )
================

Times:
======
Time spent in direct solver at solve step (solve)                : 0.327210 s
Time spent in additional calculations                            : 0.594176 s
Total time spent                                                 : 0.921386 s

Statistics:
===========
< Parallel Direct Factorization with number of processors: > 236
< Numerical Factorization with BLAS3 and O(n) synchronization >

< Linear system Ax = b >
             number of equations:           68902
             number of non-zeros in A:      375558
             number of non-zeros in A (%): 0.007911

             number of right-hand sides:    1

< Factors L and U >
             number of columns for each panel: 72
             number of independent subgraphs:  0
< Preprocessing with state of the art partitioning metis>
             number of supernodes:                    56616
             size of largest supernode:               61
             number of non-zeros in L:                649495
             number of non-zeros in U:                497503
             number of non-zeros in L+U:              1146998
             gflop   for the numerical factorization: 0.019191

             gflop/s for the numerical factorization: 0.016775


Solve completed ...
Remote process returned: -1
Exit reason: Exit reason 11 - Segmentation fault

