
===================================
mtx file = /home/odeshmukh/c-61.mtx

Done with reading mtx file.
m = 43618, n = 43618, nz = 176817

Number of threads = 236

=== PARDISO: solving a real nonsymmetric system ===
The local (internal) PARDISO version is                          : 103911000
1-based array indexing is turned ON
PARDISO double precision computation is turned ON
METIS algorithm at reorder step is turned ON
Scaling is turned ON
Matching is turned ON


Summary: ( reordering phase )
================

Times:
======
Time spent in calculations of symmetric matrix portrait (fulladj): 0.046213 s
Time spent in reordering of the initial matrix (reorder)         : 1.997322 s
Time spent in symbolic factorization (symbfct)                   : 0.560521 s
Time spent in data preparations for factorization (parlist)      : 0.011019 s
Time spent in allocation of internal data structures (malloc)    : 0.155102 s
Time spent in additional calculations                            : 0.215914 s
Total time spent                                                 : 2.986091 s

Statistics:
===========
< Parallel Direct Factorization with number of processors: > 236
< Numerical Factorization with BLAS3 and O(n) synchronization >

< Linear system Ax = b >
             number of equations:           43618
             number of non-zeros in A:      176817
             number of non-zeros in A (%): 0.009294

             number of right-hand sides:    1

< Factors L and U >
             number of columns for each panel: 72
             number of independent subgraphs:  0
< Preprocessing with state of the art partitioning metis>
             number of supernodes:                    38541
             size of largest supernode:               288
             number of non-zeros in L:                918922
             number of non-zeros in U:                781930
             number of non-zeros in L+U:              1700852

Reordering completed ... 
Number of nonzeros in factors  = 0
Number of factorization MFLOPS = 354=== PARDISO is running in In-Core mode, because iparam(60)=0 ===
Percentage of computed non-zeros for LL^T factorization
 0 %  1 %  2 %  3 %  4 %  5 %  6 %  7 %  8 %  9 %  10 %  11 %  12 %  13 %  14 %  15 %  16 %  17 %  18 %  19 %  20 %  21 %  22 %  23 %  25 %  27 %  31 %  39 %  100 % 

=== PARDISO: solving a real nonsymmetric system ===
Single-level factorization algorithm is turned ON


Summary: ( factorization phase )
================

Times:
======
Time spent in copying matrix to internal data structure (A to LU): 0.000000 s
Time spent in factorization step (numfct)                        : 1.092748 s
Time spent in allocation of internal data structures (malloc)    : 0.000293 s
Time spent in additional calculations                            : 0.000020 s
Total time spent                                                 : 1.093061 s

Statistics:
===========
< Parallel Direct Factorization with number of processors: > 236
< Numerical Factorization with BLAS3 and O(n) synchronization >

< Linear system Ax = b >
             number of equations:           43618
             number of non-zeros in A:      176817
             number of non-zeros in A (%): 0.009294

             number of right-hand sides:    1

< Factors L and U >
             number of columns for each panel: 72
             number of independent subgraphs:  0
< Preprocessing with state of the art partitioning metis>
             number of supernodes:                    38541
             size of largest supernode:               288
             number of non-zeros in L:                918922
             number of non-zeros in U:                781930
             number of non-zeros in L+U:              1700852
             gflop   for the numerical factorization: 0.354940

             gflop/s for the numerical factorization: 0.324814


Factorization completed ...
 
=== PARDISO: solving a real nonsymmetric system ===


Summary: ( solution phase )
================

Times:
======
Time spent in direct solver at solve step (solve)                : 0.238678 s
Time spent in additional calculations                            : 0.405805 s
Total time spent                                                 : 0.644483 s

Statistics:
===========
< Parallel Direct Factorization with number of processors: > 236
< Numerical Factorization with BLAS3 and O(n) synchronization >

< Linear system Ax = b >
             number of equations:           43618
             number of non-zeros in A:      176817
             number of non-zeros in A (%): 0.009294

             number of right-hand sides:    1

< Factors L and U >
             number of columns for each panel: 72
             number of independent subgraphs:  0
< Preprocessing with state of the art partitioning metis>
             number of supernodes:                    38541
             size of largest supernode:               288
             number of non-zeros in L:                918922
             number of non-zeros in U:                781930
             number of non-zeros in L+U:              1700852
             gflop   for the numerical factorization: 0.354940

             gflop/s for the numerical factorization: 0.324814


Solve completed ...
Remote process returned: -1
Exit reason: Exit reason 6 - Aborted

