
===================================
mtx file = /home/odeshmukh/cant.mtx

Done with reading mtx file.
m = 62451, n = 62451, nz = 2034917

Number of threads = 236

=== PARDISO: solving a real nonsymmetric system ===
The local (internal) PARDISO version is                          : 103911000
1-based array indexing is turned ON
PARDISO double precision computation is turned ON
METIS algorithm at reorder step is turned ON
Scaling is turned ON
Matching is turned ON


Summary: ( reordering phase )
================

Times:
======
Time spent in calculations of symmetric matrix portrait (fulladj): 0.268436 s
Time spent in reordering of the initial matrix (reorder)         : 8.253472 s
Time spent in symbolic factorization (symbfct)                   : 1.121455 s
Time spent in data preparations for factorization (parlist)      : 0.030835 s
Time spent in allocation of internal data structures (malloc)    : 0.809897 s
Time spent in additional calculations                            : 2.478090 s
Total time spent                                                 : 12.962185 s

Statistics:
===========
< Parallel Direct Factorization with number of processors: > 236
< Numerical Factorization with BLAS3 and O(n) synchronization >

< Linear system Ax = b >
             number of equations:           62451
             number of non-zeros in A:      2034917
             number of non-zeros in A (%): 0.052176

             number of right-hand sides:    1

< Factors L and U >
             number of columns for each panel: 72
             number of independent subgraphs:  0
< Preprocessing with state of the art partitioning metis>
             number of supernodes:                    11758
             size of largest supernode:               729
             number of non-zeros in L:                20104640
             number of non-zeros in U:                17483633
             number of non-zeros in L+U:              37588273

Reordering completed ... 
Number of nonzeros in factors  = 0
Number of factorization MFLOPS = 15624=== PARDISO is running in In-Core mode, because iparam(60)=0 ===
Percentage of computed non-zeros for LL^T factorization
 0 %  1 %  2 %  3 %  4 %  5 %  6 %  7 %  8 %  9 %  10 %  26 %  45 %  76 %  100 % 

=== PARDISO: solving a real nonsymmetric system ===
Single-level factorization algorithm is turned ON


Summary: ( factorization phase )
================

Times:
======
Time spent in copying matrix to internal data structure (A to LU): 0.000000 s
Time spent in factorization step (numfct)                        : 2.155167 s
Time spent in allocation of internal data structures (malloc)    : 0.002927 s
Time spent in additional calculations                            : 0.000042 s
Total time spent                                                 : 2.158136 s

Statistics:
===========
< Parallel Direct Factorization with number of processors: > 236
< Numerical Factorization with BLAS3 and O(n) synchronization >

< Linear system Ax = b >
             number of equations:           62451
             number of non-zeros in A:      2034917
             number of non-zeros in A (%): 0.052176

             number of right-hand sides:    1

< Factors L and U >
             number of columns for each panel: 72
             number of independent subgraphs:  0
< Preprocessing with state of the art partitioning metis>
             number of supernodes:                    11758
             size of largest supernode:               729
             number of non-zeros in L:                20104640
             number of non-zeros in U:                17483633
             number of non-zeros in L+U:              37588273
             gflop   for the numerical factorization: 15.624063

             gflop/s for the numerical factorization: 7.249583


Factorization completed ...
 
=== PARDISO: solving a real nonsymmetric system ===


Summary: ( solution phase )
================

Times:
======
Time spent in direct solver at solve step (solve)                : 0.847805 s
Time spent in additional calculations                            : 1.715743 s
Total time spent                                                 : 2.563548 s

Statistics:
===========
< Parallel Direct Factorization with number of processors: > 236
< Numerical Factorization with BLAS3 and O(n) synchronization >

< Linear system Ax = b >
             number of equations:           62451
             number of non-zeros in A:      2034917
             number of non-zeros in A (%): 0.052176

             number of right-hand sides:    1

< Factors L and U >
             number of columns for each panel: 72
             number of independent subgraphs:  0
< Preprocessing with state of the art partitioning metis>
             number of supernodes:                    11758
             size of largest supernode:               729
             number of non-zeros in L:                20104640
             number of non-zeros in U:                17483633
             number of non-zeros in L+U:              37588273
             gflop   for the numerical factorization: 15.624063

             gflop/s for the numerical factorization: 7.249583


Solve completed ...
Remote process returned: -1
Exit reason: Exit reason 11 - Segmentation fault

