
===================================
mtx file = /home/odeshmukh/case39_A_01.mtx

Done with reading mtx file.
m = 40216, n = 40216, nz = 526139

Number of threads = 236

=== PARDISO: solving a real nonsymmetric system ===
The local (internal) PARDISO version is                          : 103911000
1-based array indexing is turned ON
PARDISO double precision computation is turned ON
METIS algorithm at reorder step is turned ON
Scaling is turned ON
Matching is turned ON


Summary: ( reordering phase )
================

Times:
======
Time spent in calculations of symmetric matrix portrait (fulladj): 0.076297 s
Time spent in reordering of the initial matrix (reorder)         : 4.580912 s
Time spent in symbolic factorization (symbfct)                   : 0.565249 s
Time spent in data preparations for factorization (parlist)      : 0.016529 s
Time spent in allocation of internal data structures (malloc)    : 10.599985 s
Time spent in additional calculations                            : 0.445280 s
Total time spent                                                 : 16.284252 s

Statistics:
===========
< Parallel Direct Factorization with number of processors: > 236
< Numerical Factorization with BLAS3 and O(n) synchronization >

< Linear system Ax = b >
             number of equations:           40216
             number of non-zeros in A:      526139
             number of non-zeros in A (%): 0.032531

             number of right-hand sides:    1

< Factors L and U >
             number of columns for each panel: 72
             number of independent subgraphs:  0
< Preprocessing with state of the art partitioning metis>
             number of supernodes:                    26299
             size of largest supernode:               60
             number of non-zeros in L:                1729677
             number of non-zeros in U:                1312183
             number of non-zeros in L+U:              3041860

Reordering completed ... 
Number of nonzeros in factors  = 0
Number of factorization MFLOPS = 199=== PARDISO is running in In-Core mode, because iparam(60)=0 ===
Percentage of computed non-zeros for LL^T factorization
 0 %  1 %  2 %  3 %  4 %  5 %  6 %  7 %  8 %  9 %  10 %  11 %  12 %  13 %  14 %  15 %  16 %  17 %  18 %  19 %  23 %  24 %  25 %  26 %  27 %  30 %  34 %  35 %  37 %  38 %  76 %  100 % 

=== PARDISO: solving a real nonsymmetric system ===
Single-level factorization algorithm is turned ON


Summary: ( factorization phase )
================

Times:
======
Time spent in copying matrix to internal data structure (A to LU): 0.000000 s
Time spent in factorization step (numfct)                        : 1.423419 s
Time spent in allocation of internal data structures (malloc)    : 0.000275 s
Time spent in additional calculations                            : 0.000019 s
Total time spent                                                 : 1.423713 s

Statistics:
===========
< Parallel Direct Factorization with number of processors: > 236
< Numerical Factorization with BLAS3 and O(n) synchronization >

< Linear system Ax = b >
             number of equations:           40216
             number of non-zeros in A:      526139
             number of non-zeros in A (%): 0.032531

             number of right-hand sides:    1

< Factors L and U >
             number of columns for each panel: 72
             number of independent subgraphs:  0
< Preprocessing with state of the art partitioning metis>
             number of supernodes:                    26299
             size of largest supernode:               60
             number of non-zeros in L:                1729677
             number of non-zeros in U:                1312183
             number of non-zeros in L+U:              3041860
             gflop   for the numerical factorization: 0.199397

             gflop/s for the numerical factorization: 0.140083


Factorization completed ...
 
=== PARDISO: solving a real nonsymmetric system ===


Summary: ( solution phase )
================

Times:
======
Time spent in direct solver at solve step (solve)                : 0.187209 s
Time spent in additional calculations                            : 0.393387 s
Total time spent                                                 : 0.580596 s

Statistics:
===========
< Parallel Direct Factorization with number of processors: > 236
< Numerical Factorization with BLAS3 and O(n) synchronization >

< Linear system Ax = b >
             number of equations:           40216
             number of non-zeros in A:      526139
             number of non-zeros in A (%): 0.032531

             number of right-hand sides:    1

< Factors L and U >
             number of columns for each panel: 72
             number of independent subgraphs:  0
< Preprocessing with state of the art partitioning metis>
             number of supernodes:                    26299
             size of largest supernode:               60
             number of non-zeros in L:                1729677
             number of non-zeros in U:                1312183
             number of non-zeros in L+U:              3041860
             gflop   for the numerical factorization: 0.199397

             gflop/s for the numerical factorization: 0.140083


Solve completed ...
Remote process returned: -1
Exit reason: Exit reason 11 - Segmentation fault

