
===================================
mtx file = /home/odeshmukh/circuit_4.mtx

Done with reading mtx file.
m = 80209, n = 80209, nz = 307604

Number of threads = 236

=== PARDISO: solving a real nonsymmetric system ===
The local (internal) PARDISO version is                          : 103911000
1-based array indexing is turned ON
PARDISO double precision computation is turned ON
METIS algorithm at reorder step is turned ON
Scaling is turned ON
Matching is turned ON


Summary: ( reordering phase )
================

Times:
======
Time spent in calculations of symmetric matrix portrait (fulladj): 0.085810 s
Time spent in reordering of the initial matrix (reorder)         : 11.719030 s
Time spent in symbolic factorization (symbfct)                   : 1.006703 s
Time spent in data preparations for factorization (parlist)      : 0.017998 s
Time spent in allocation of internal data structures (malloc)    : 0.280355 s
Time spent in additional calculations                            : 0.302233 s
Total time spent                                                 : 13.412129 s

Statistics:
===========
< Parallel Direct Factorization with number of processors: > 236
< Numerical Factorization with BLAS3 and O(n) synchronization >

< Linear system Ax = b >
             number of equations:           80209
             number of non-zeros in A:      307604
             number of non-zeros in A (%): 0.004781

             number of right-hand sides:    1

< Factors L and U >
             number of columns for each panel: 72
             number of independent subgraphs:  0
< Preprocessing with state of the art partitioning metis>
             number of supernodes:                    70805
             size of largest supernode:               204
             number of non-zeros in L:                347455
             number of non-zeros in U:                232962
             number of non-zeros in L+U:              580417

Reordering completed ... 
Number of nonzeros in factors  = 0
Number of factorization MFLOPS = 17=== PARDISO is running in In-Core mode, because iparam(60)=0 ===
Percentage of computed non-zeros for LL^T factorization
 0 %  1 %  2 %  3 %  4 %  5 %  6 %  7 %  8 %  9 %  10 %  11 %  12 %  13 %  14 %  15 %  16 %  17 %  18 %  19 %  20 %  21 %  22 %  23 %  24 %  25 %  26 %  27 %  28 %  29 %  30 %  31 %  32 %  33 %  34 %  35 %  36 %  37 %  38 %  39 %  40 %  41 %  42 %  43 %  44 %  45 %  46 %  47 %  48 %  49 %  50 %  51 %  52 %  53 %  54 %  55 %  56 %  57 %  58 %  59 %  60 %  61 %  62 %  63 %  64 %  65 %  66 %  67 %  68 %  69 %  70 %  71 %  72 %  73 %  74 %  75 %  76 %  77 %  78 %  79 %  80 %  82 %  83 %  85 %  100 % 

=== PARDISO: solving a real nonsymmetric system ===
Single-level factorization algorithm is turned ON


Summary: ( factorization phase )
================

Times:
======
Time spent in copying matrix to internal data structure (A to LU): 0.000001 s
Time spent in factorization step (numfct)                        : 0.907312 s
Time spent in allocation of internal data structures (malloc)    : 0.000215 s
Time spent in additional calculations                            : 0.000019 s
Total time spent                                                 : 0.907547 s

Statistics:
===========
< Parallel Direct Factorization with number of processors: > 236
< Numerical Factorization with BLAS3 and O(n) synchronization >

< Linear system Ax = b >
             number of equations:           80209
             number of non-zeros in A:      307604
             number of non-zeros in A (%): 0.004781

             number of right-hand sides:    1

< Factors L and U >
             number of columns for each panel: 72
             number of independent subgraphs:  0
< Preprocessing with state of the art partitioning metis>
             number of supernodes:                    70805
             size of largest supernode:               204
             number of non-zeros in L:                347455
             number of non-zeros in U:                232962
             number of non-zeros in L+U:              580417
             gflop   for the numerical factorization: 0.017796

             gflop/s for the numerical factorization: 0.019614


Factorization completed ...
 
=== PARDISO: solving a real nonsymmetric system ===


Summary: ( solution phase )
================

Times:
======
Time spent in direct solver at solve step (solve)                : 0.319238 s
Time spent in additional calculations                            : 0.650712 s
Total time spent                                                 : 0.969950 s

Statistics:
===========
< Parallel Direct Factorization with number of processors: > 236
< Numerical Factorization with BLAS3 and O(n) synchronization >

< Linear system Ax = b >
             number of equations:           80209
             number of non-zeros in A:      307604
             number of non-zeros in A (%): 0.004781

             number of right-hand sides:    1

< Factors L and U >
             number of columns for each panel: 72
             number of independent subgraphs:  0
< Preprocessing with state of the art partitioning metis>
             number of supernodes:                    70805
             size of largest supernode:               204
             number of non-zeros in L:                347455
             number of non-zeros in U:                232962
             number of non-zeros in L+U:              580417
             gflop   for the numerical factorization: 0.017796

             gflop/s for the numerical factorization: 0.019614


Solve completed ...
Remote process returned: -1
Exit reason: Exit reason 6 - Aborted

