
===================================
mtx file = /home/odeshmukh/ckt11752_tr_0.mtx

Done with reading mtx file.
m = 49702, n = 49702, nz = 333029

Number of threads = 236

=== PARDISO: solving a real nonsymmetric system ===
The local (internal) PARDISO version is                          : 103911000
1-based array indexing is turned ON
PARDISO double precision computation is turned ON
METIS algorithm at reorder step is turned ON
Scaling is turned ON
Matching is turned ON


Summary: ( reordering phase )
================

Times:
======
Time spent in calculations of symmetric matrix portrait (fulladj): 0.091640 s
Time spent in reordering of the initial matrix (reorder)         : 1.793654 s
Time spent in symbolic factorization (symbfct)                   : 0.530289 s
Time spent in data preparations for factorization (parlist)      : 0.013447 s
Time spent in allocation of internal data structures (malloc)    : 0.229534 s
Time spent in additional calculations                            : 0.215781 s
Total time spent                                                 : 2.874345 s

Statistics:
===========
< Parallel Direct Factorization with number of processors: > 236
< Numerical Factorization with BLAS3 and O(n) synchronization >

< Linear system Ax = b >
             number of equations:           49702
             number of non-zeros in A:      333029
             number of non-zeros in A (%): 0.013481

             number of right-hand sides:    1

< Factors L and U >
             number of columns for each panel: 72
             number of independent subgraphs:  0
< Preprocessing with state of the art partitioning metis>
             number of supernodes:                    41050
             size of largest supernode:               43
             number of non-zeros in L:                691872
             number of non-zeros in U:                536806
             number of non-zeros in L+U:              1228678

Reordering completed ... 
Number of nonzeros in factors  = 0
Number of factorization MFLOPS = 45=== PARDISO is running in In-Core mode, because iparam(60)=0 ===
Percentage of computed non-zeros for LL^T factorization
 0 %  1 %  2 %  3 %  4 %  5 %  6 %  7 %  8 %  9 %  10 %  11 %  12 %  13 %  14 %  15 %  16 %  17 %  18 %  19 %  20 %  21 %  22 %  23 %  24 %  25 %  26 %  27 %  28 %  29 %  30 %  31 %  32 %  33 %  35 %  36 %  37 %  38 %  40 %  41 %  44 %  46 %  49 %  51 %  54 %  57 %  60 %  62 %  71 %  99 %  100 % 

=== PARDISO: solving a real nonsymmetric system ===
Single-level factorization algorithm is turned ON


Summary: ( factorization phase )
================

Times:
======
Time spent in copying matrix to internal data structure (A to LU): 0.000000 s
Time spent in factorization step (numfct)                        : 1.066721 s
Time spent in allocation of internal data structures (malloc)    : 0.000247 s
Time spent in additional calculations                            : 0.000020 s
Total time spent                                                 : 1.066988 s

Statistics:
===========
< Parallel Direct Factorization with number of processors: > 236
< Numerical Factorization with BLAS3 and O(n) synchronization >

< Linear system Ax = b >
             number of equations:           49702
             number of non-zeros in A:      333029
             number of non-zeros in A (%): 0.013481

             number of right-hand sides:    1

< Factors L and U >
             number of columns for each panel: 72
             number of independent subgraphs:  0
< Preprocessing with state of the art partitioning metis>
             number of supernodes:                    41050
             size of largest supernode:               43
             number of non-zeros in L:                691872
             number of non-zeros in U:                536806
             number of non-zeros in L+U:              1228678
             gflop   for the numerical factorization: 0.045459

             gflop/s for the numerical factorization: 0.042616


Factorization completed ...
 
=== PARDISO: solving a real nonsymmetric system ===


Summary: ( solution phase )
================

Times:
======
Time spent in direct solver at solve step (solve)                : 0.241662 s
Time spent in additional calculations                            : 0.417702 s
Total time spent                                                 : 0.659364 s

Statistics:
===========
< Parallel Direct Factorization with number of processors: > 236
< Numerical Factorization with BLAS3 and O(n) synchronization >

< Linear system Ax = b >
             number of equations:           49702
             number of non-zeros in A:      333029
             number of non-zeros in A (%): 0.013481

             number of right-hand sides:    1

< Factors L and U >
             number of columns for each panel: 72
             number of independent subgraphs:  0
< Preprocessing with state of the art partitioning metis>
             number of supernodes:                    41050
             size of largest supernode:               43
             number of non-zeros in L:                691872
             number of non-zeros in U:                536806
             number of non-zeros in L+U:              1228678
             gflop   for the numerical factorization: 0.045459

             gflop/s for the numerical factorization: 0.042616


Solve completed ...
Remote process returned: -1
Exit reason: Exit reason 11 - Segmentation fault

