
===================================
mtx file = /home/odeshmukh/Dubcova2.mtx

Done with reading mtx file.
m = 65025, n = 65025, nz = 547625

Number of threads = 236

=== PARDISO: solving a real nonsymmetric system ===
The local (internal) PARDISO version is                          : 103911000
1-based array indexing is turned ON
PARDISO double precision computation is turned ON
METIS algorithm at reorder step is turned ON
Scaling is turned ON
Matching is turned ON


Summary: ( reordering phase )
================

Times:
======
Time spent in calculations of symmetric matrix portrait (fulladj): 0.114826 s
Time spent in reordering of the initial matrix (reorder)         : 3.820373 s
Time spent in symbolic factorization (symbfct)                   : 0.819947 s
Time spent in data preparations for factorization (parlist)      : 0.019960 s
Time spent in allocation of internal data structures (malloc)    : 0.309309 s
Time spent in additional calculations                            : 0.581647 s
Total time spent                                                 : 5.666062 s

Statistics:
===========
< Parallel Direct Factorization with number of processors: > 236
< Numerical Factorization with BLAS3 and O(n) synchronization >

< Linear system Ax = b >
             number of equations:           65025
             number of non-zeros in A:      547625
             number of non-zeros in A (%): 0.012952

             number of right-hand sides:    1

< Factors L and U >
             number of columns for each panel: 72
             number of independent subgraphs:  0
< Preprocessing with state of the art partitioning metis>
             number of supernodes:                    32678
             size of largest supernode:               460
             number of non-zeros in L:                3271528
             number of non-zeros in U:                2700923
             number of non-zeros in L+U:              5972451

Reordering completed ... 
Number of nonzeros in factors  = 0
Number of factorization MFLOPS = 806=== PARDISO is running in In-Core mode, because iparam(60)=0 ===
Percentage of computed non-zeros for LL^T factorization
 0 %  1 %  2 %  3 %  4 %  5 %  6 %  7 %  8 %  9 %  10 %  11 %  12 %  13 %  14 %  15 %  16 %  17 %  18 %  19 %  20 %  21 %  23 %  24 %  26 %  28 %  30 %  32 %  35 %  38 %  41 %  44 %  45 %  52 %  80 %  100 % 

=== PARDISO: solving a real nonsymmetric system ===
Single-level factorization algorithm is turned ON


Summary: ( factorization phase )
================

Times:
======
Time spent in copying matrix to internal data structure (A to LU): 0.000001 s
Time spent in factorization step (numfct)                        : 1.497141 s
Time spent in allocation of internal data structures (malloc)    : 0.000272 s
Time spent in additional calculations                            : 0.000019 s
Total time spent                                                 : 1.497433 s

Statistics:
===========
< Parallel Direct Factorization with number of processors: > 236
< Numerical Factorization with BLAS3 and O(n) synchronization >

< Linear system Ax = b >
             number of equations:           65025
             number of non-zeros in A:      547625
             number of non-zeros in A (%): 0.012952

             number of right-hand sides:    1

< Factors L and U >
             number of columns for each panel: 72
             number of independent subgraphs:  0
< Preprocessing with state of the art partitioning metis>
             number of supernodes:                    32678
             size of largest supernode:               460
             number of non-zeros in L:                3271528
             number of non-zeros in U:                2700923
             number of non-zeros in L+U:              5972451
             gflop   for the numerical factorization: 0.806254

             gflop/s for the numerical factorization: 0.538529


Factorization completed ...
 
=== PARDISO: solving a real nonsymmetric system ===


Summary: ( solution phase )
================

Times:
======
Time spent in direct solver at solve step (solve)                : 0.349687 s
Time spent in additional calculations                            : 0.705425 s
Total time spent                                                 : 1.055112 s

Statistics:
===========
< Parallel Direct Factorization with number of processors: > 236
< Numerical Factorization with BLAS3 and O(n) synchronization >

< Linear system Ax = b >
             number of equations:           65025
             number of non-zeros in A:      547625
             number of non-zeros in A (%): 0.012952

             number of right-hand sides:    1

< Factors L and U >
             number of columns for each panel: 72
             number of independent subgraphs:  0
< Preprocessing with state of the art partitioning metis>
             number of supernodes:                    32678
             size of largest supernode:               460
             number of non-zeros in L:                3271528
             number of non-zeros in U:                2700923
             number of non-zeros in L+U:              5972451
             gflop   for the numerical factorization: 0.806254

             gflop/s for the numerical factorization: 0.538529


Solve completed ...
Remote process returned: -1
Exit reason: Exit reason 6 - Aborted

