
===================================
mtx file = /home/odeshmukh/ecl32.mtx

Done with reading mtx file.
m = 51993, n = 51993, nz = 380415

Number of threads = 236

=== PARDISO: solving a real nonsymmetric system ===
The local (internal) PARDISO version is                          : 103911000
1-based array indexing is turned ON
PARDISO double precision computation is turned ON
METIS algorithm at reorder step is turned ON
Scaling is turned ON
Matching is turned ON


Summary: ( reordering phase )
================

Times:
======
Time spent in calculations of symmetric matrix portrait (fulladj): 0.091063 s
Time spent in reordering of the initial matrix (reorder)         : 4.640400 s
Time spent in symbolic factorization (symbfct)                   : 0.841698 s
Time spent in data preparations for factorization (parlist)      : 0.034992 s
Time spent in allocation of internal data structures (malloc)    : 0.347748 s
Time spent in additional calculations                            : 0.334638 s
Total time spent                                                 : 6.290539 s

Statistics:
===========
< Parallel Direct Factorization with number of processors: > 236
< Numerical Factorization with BLAS3 and O(n) synchronization >

< Linear system Ax = b >
             number of equations:           51993
             number of non-zeros in A:      380415
             number of non-zeros in A (%): 0.014072

             number of right-hand sides:    1

< Factors L and U >
             number of columns for each panel: 72
             number of independent subgraphs:  0
< Preprocessing with state of the art partitioning metis>
             number of supernodes:                    32983
             size of largest supernode:               992
             number of non-zeros in L:                12442247
             number of non-zeros in U:                11680174
             number of non-zeros in L+U:              24122421

Reordering completed ... 
Number of nonzeros in factors  = 0
Number of factorization MFLOPS = 20318=== PARDISO is running in In-Core mode, because iparam(60)=0 ===
Percentage of computed non-zeros for LL^T factorization
 0 %  1 %  2 %  3 %  4 %  5 %  6 %  7 %  8 %  13 %  16 %  37 %  100 % 

=== PARDISO: solving a real nonsymmetric system ===
Single-level factorization algorithm is turned ON


Summary: ( factorization phase )
================

Times:
======
Time spent in copying matrix to internal data structure (A to LU): 0.000001 s
Time spent in factorization step (numfct)                        : 3.186881 s
Time spent in allocation of internal data structures (malloc)    : 0.000253 s
Time spent in additional calculations                            : 0.000018 s
Total time spent                                                 : 3.187153 s

Statistics:
===========
< Parallel Direct Factorization with number of processors: > 236
< Numerical Factorization with BLAS3 and O(n) synchronization >

< Linear system Ax = b >
             number of equations:           51993
             number of non-zeros in A:      380415
             number of non-zeros in A (%): 0.014072

             number of right-hand sides:    1

< Factors L and U >
             number of columns for each panel: 72
             number of independent subgraphs:  0
< Preprocessing with state of the art partitioning metis>
             number of supernodes:                    32983
             size of largest supernode:               992
             number of non-zeros in L:                12442247
             number of non-zeros in U:                11680174
             number of non-zeros in L+U:              24122421
             gflop   for the numerical factorization: 20.318943

             gflop/s for the numerical factorization: 6.375809


Factorization completed ...
 
=== PARDISO: solving a real nonsymmetric system ===


Summary: ( solution phase )
================

Times:
======
Time spent in direct solver at solve step (solve)                : 0.621986 s
Time spent in additional calculations                            : 1.271355 s
Total time spent                                                 : 1.893341 s

Statistics:
===========
< Parallel Direct Factorization with number of processors: > 236
< Numerical Factorization with BLAS3 and O(n) synchronization >

< Linear system Ax = b >
             number of equations:           51993
             number of non-zeros in A:      380415
             number of non-zeros in A (%): 0.014072

             number of right-hand sides:    1

< Factors L and U >
             number of columns for each panel: 72
             number of independent subgraphs:  0
< Preprocessing with state of the art partitioning metis>
             number of supernodes:                    32983
             size of largest supernode:               992
             number of non-zeros in L:                12442247
             number of non-zeros in U:                11680174
             number of non-zeros in L+U:              24122421
             gflop   for the numerical factorization: 20.318943

             gflop/s for the numerical factorization: 6.375809


Solve completed ...
Remote process returned: -1
Exit reason: Exit reason 6 - Aborted

