
===================================
mtx file = /home/odeshmukh/F2.mtx

Done with reading mtx file.
m = 71505, n = 71505, nz = 2682895

Number of threads = 236

=== PARDISO: solving a real nonsymmetric system ===
The local (internal) PARDISO version is                          : 103911000
1-based array indexing is turned ON
PARDISO double precision computation is turned ON
METIS algorithm at reorder step is turned ON
Scaling is turned ON
Matching is turned ON


Summary: ( reordering phase )
================

Times:
======
Time spent in calculations of symmetric matrix portrait (fulladj): 0.482974 s
Time spent in reordering of the initial matrix (reorder)         : 4.374769 s
Time spent in symbolic factorization (symbfct)                   : 1.687259 s
Time spent in data preparations for factorization (parlist)      : 0.028866 s
Time spent in allocation of internal data structures (malloc)    : 1.072293 s
Time spent in additional calculations                            : 3.509202 s
Total time spent                                                 : 11.155363 s

Statistics:
===========
< Parallel Direct Factorization with number of processors: > 236
< Numerical Factorization with BLAS3 and O(n) synchronization >

< Linear system Ax = b >
             number of equations:           71505
             number of non-zeros in A:      2682895
             number of non-zeros in A (%): 0.052472

             number of right-hand sides:    1

< Factors L and U >
             number of columns for each panel: 72
             number of independent subgraphs:  0
< Preprocessing with state of the art partitioning metis>
             number of supernodes:                    9635
             size of largest supernode:               1524
             number of non-zeros in L:                22083232
             number of non-zeros in U:                19928885
             number of non-zeros in L+U:              42012117

Reordering completed ... 
Number of nonzeros in factors  = 0
Number of factorization MFLOPS = 22981=== PARDISO is running in In-Core mode, because iparam(60)=0 ===
Percentage of computed non-zeros for LL^T factorization
 0 %  1 %  2 %  3 %  4 %  5 %  6 %  7 %  8 %  9 %  10 %  11 %  17 %  37 %  43 %  72 %  100 % 

=== PARDISO: solving a real nonsymmetric system ===
Single-level factorization algorithm is turned ON


Summary: ( factorization phase )
================

Times:
======
Time spent in copying matrix to internal data structure (A to LU): 0.000000 s
Time spent in factorization step (numfct)                        : 2.899071 s
Time spent in allocation of internal data structures (malloc)    : 0.000263 s
Time spent in additional calculations                            : 0.000019 s
Total time spent                                                 : 2.899353 s

Statistics:
===========
< Parallel Direct Factorization with number of processors: > 236
< Numerical Factorization with BLAS3 and O(n) synchronization >

< Linear system Ax = b >
             number of equations:           71505
             number of non-zeros in A:      2682895
             number of non-zeros in A (%): 0.052472

             number of right-hand sides:    1

< Factors L and U >
             number of columns for each panel: 72
             number of independent subgraphs:  0
< Preprocessing with state of the art partitioning metis>
             number of supernodes:                    9635
             size of largest supernode:               1524
             number of non-zeros in L:                22083232
             number of non-zeros in U:                19928885
             number of non-zeros in L+U:              42012117
             gflop   for the numerical factorization: 22.981244

             gflop/s for the numerical factorization: 7.927106


Factorization completed ...
 
=== PARDISO: solving a real nonsymmetric system ===


Summary: ( solution phase )
================

Times:
======
Time spent in direct solver at solve step (solve)                : 0.902953 s
Time spent in additional calculations                            : 1.875024 s
Total time spent                                                 : 2.777977 s

Statistics:
===========
< Parallel Direct Factorization with number of processors: > 236
< Numerical Factorization with BLAS3 and O(n) synchronization >

< Linear system Ax = b >
             number of equations:           71505
             number of non-zeros in A:      2682895
             number of non-zeros in A (%): 0.052472

             number of right-hand sides:    1

< Factors L and U >
             number of columns for each panel: 72
             number of independent subgraphs:  0
< Preprocessing with state of the art partitioning metis>
             number of supernodes:                    9635
             size of largest supernode:               1524
             number of non-zeros in L:                22083232
             number of non-zeros in U:                19928885
             number of non-zeros in L+U:              42012117
             gflop   for the numerical factorization: 22.981244

             gflop/s for the numerical factorization: 7.927106


Solve completed ...
Remote process returned: -1
Exit reason: Exit reason 11 - Segmentation fault

