
===================================
mtx file = /home/odeshmukh/filter3D.mtx

Done with reading mtx file.
m = 106437, n = 106437, nz = 1406808

Number of threads = 236

=== PARDISO: solving a real nonsymmetric system ===
The local (internal) PARDISO version is                          : 103911000
1-based array indexing is turned ON
PARDISO double precision computation is turned ON
METIS algorithm at reorder step is turned ON
Scaling is turned ON
Matching is turned ON


Summary: ( reordering phase )
================

Times:
======
Time spent in calculations of symmetric matrix portrait (fulladj): 0.238643 s
Time spent in reordering of the initial matrix (reorder)         : 9.470983 s
Time spent in symbolic factorization (symbfct)                   : 2.121459 s
Time spent in data preparations for factorization (parlist)      : 0.056468 s
Time spent in allocation of internal data structures (malloc)    : 0.711010 s
Time spent in additional calculations                            : 1.782751 s
Total time spent                                                 : 14.381314 s

Statistics:
===========
< Parallel Direct Factorization with number of processors: > 236
< Numerical Factorization with BLAS3 and O(n) synchronization >

< Linear system Ax = b >
             number of equations:           106437
             number of non-zeros in A:      1406808
             number of non-zeros in A (%): 0.012418

             number of right-hand sides:    1

< Factors L and U >
             number of columns for each panel: 72
             number of independent subgraphs:  0
< Preprocessing with state of the art partitioning metis>
             number of supernodes:                    40072
             size of largest supernode:               823
             number of non-zeros in L:                19990506
             number of non-zeros in U:                17800087
             number of non-zeros in L+U:              37790593

Reordering completed ... 
Number of nonzeros in factors  = 0
Number of factorization MFLOPS = 15407=== PARDISO is running in In-Core mode, because iparam(60)=0 ===
Percentage of computed non-zeros for LL^T factorization
 0 %  1 %  2 %  3 %  4 %  5 %  6 %  7 %  8 %  9 %  10 %  11 %  18 %  19 %  50 %  69 %  100 % 

=== PARDISO: solving a real nonsymmetric system ===
Single-level factorization algorithm is turned ON


Summary: ( factorization phase )
================

Times:
======
Time spent in copying matrix to internal data structure (A to LU): 0.000001 s
Time spent in factorization step (numfct)                        : 2.719932 s
Time spent in allocation of internal data structures (malloc)    : 0.002950 s
Time spent in additional calculations                            : 0.000044 s
Total time spent                                                 : 2.722927 s

Statistics:
===========
< Parallel Direct Factorization with number of processors: > 236
< Numerical Factorization with BLAS3 and O(n) synchronization >

< Linear system Ax = b >
             number of equations:           106437
             number of non-zeros in A:      1406808
             number of non-zeros in A (%): 0.012418

             number of right-hand sides:    1

< Factors L and U >
             number of columns for each panel: 72
             number of independent subgraphs:  0
< Preprocessing with state of the art partitioning metis>
             number of supernodes:                    40072
             size of largest supernode:               823
             number of non-zeros in L:                19990506
             number of non-zeros in U:                17800087
             number of non-zeros in L+U:              37790593
             gflop   for the numerical factorization: 15.407715

             gflop/s for the numerical factorization: 5.664743


Factorization completed ...
 
=== PARDISO: solving a real nonsymmetric system ===


Summary: ( solution phase )
================

Times:
======
Time spent in direct solver at solve step (solve)                : 1.002624 s
Time spent in additional calculations                            : 2.017370 s
Total time spent                                                 : 3.019994 s

Statistics:
===========
< Parallel Direct Factorization with number of processors: > 236
< Numerical Factorization with BLAS3 and O(n) synchronization >

< Linear system Ax = b >
             number of equations:           106437
             number of non-zeros in A:      1406808
             number of non-zeros in A (%): 0.012418

             number of right-hand sides:    1

< Factors L and U >
             number of columns for each panel: 72
             number of independent subgraphs:  0
< Preprocessing with state of the art partitioning metis>
             number of supernodes:                    40072
             size of largest supernode:               823
             number of non-zeros in L:                19990506
             number of non-zeros in U:                17800087
             number of non-zeros in L+U:              37790593
             gflop   for the numerical factorization: 15.407715

             gflop/s for the numerical factorization: 5.664743


Solve completed ...
Remote process returned: -1
Exit reason: Exit reason 6 - Aborted

