
===================================
mtx file = /home/odeshmukh/finan512.mtx

Done with reading mtx file.
m = 74752, n = 74752, nz = 335872

Number of threads = 236

=== PARDISO: solving a real nonsymmetric system ===
The local (internal) PARDISO version is                          : 103911000
1-based array indexing is turned ON
PARDISO double precision computation is turned ON
METIS algorithm at reorder step is turned ON
Scaling is turned ON
Matching is turned ON


Summary: ( reordering phase )
================

Times:
======
Time spent in calculations of symmetric matrix portrait (fulladj): 0.078050 s
Time spent in reordering of the initial matrix (reorder)         : 3.447582 s
Time spent in symbolic factorization (symbfct)                   : 0.903880 s
Time spent in data preparations for factorization (parlist)      : 0.025570 s
Time spent in allocation of internal data structures (malloc)    : 0.265018 s
Time spent in additional calculations                            : 0.362670 s
Total time spent                                                 : 5.082770 s

Statistics:
===========
< Parallel Direct Factorization with number of processors: > 236
< Numerical Factorization with BLAS3 and O(n) synchronization >

< Linear system Ax = b >
             number of equations:           74752
             number of non-zeros in A:      335872
             number of non-zeros in A (%): 0.006011

             number of right-hand sides:    1

< Factors L and U >
             number of columns for each panel: 72
             number of independent subgraphs:  0
< Preprocessing with state of the art partitioning metis>
             number of supernodes:                    57377
             size of largest supernode:               114
             number of non-zeros in L:                1990658
             number of non-zeros in U:                1522750
             number of non-zeros in L+U:              3513408

Reordering completed ... 
Number of nonzeros in factors  = 0
Number of factorization MFLOPS = 301=== PARDISO is running in In-Core mode, because iparam(60)=0 ===
Percentage of computed non-zeros for LL^T factorization
 0 %  1 %  2 %  3 %  4 %  5 %  6 %  7 %  8 %  9 %  10 %  11 %  12 %  13 %  14 %  15 %  16 %  17 %  18 %  19 %  20 %  21 %  22 %  23 %  24 %  25 %  26 %  27 %  28 %  30 %  31 %  32 %  34 %  35 %  37 %  38 %  40 %  46 %  47 %  78 %  100 % 

=== PARDISO: solving a real nonsymmetric system ===
Single-level factorization algorithm is turned ON


Summary: ( factorization phase )
================

Times:
======
Time spent in copying matrix to internal data structure (A to LU): 0.000000 s
Time spent in factorization step (numfct)                        : 1.523770 s
Time spent in allocation of internal data structures (malloc)    : 0.000305 s
Time spent in additional calculations                            : 0.000021 s
Total time spent                                                 : 1.524096 s

Statistics:
===========
< Parallel Direct Factorization with number of processors: > 236
< Numerical Factorization with BLAS3 and O(n) synchronization >

< Linear system Ax = b >
             number of equations:           74752
             number of non-zeros in A:      335872
             number of non-zeros in A (%): 0.006011

             number of right-hand sides:    1

< Factors L and U >
             number of columns for each panel: 72
             number of independent subgraphs:  0
< Preprocessing with state of the art partitioning metis>
             number of supernodes:                    57377
             size of largest supernode:               114
             number of non-zeros in L:                1990658
             number of non-zeros in U:                1522750
             number of non-zeros in L+U:              3513408
             gflop   for the numerical factorization: 0.301184

             gflop/s for the numerical factorization: 0.197657


Factorization completed ...
 
=== PARDISO: solving a real nonsymmetric system ===


Summary: ( solution phase )
================

Times:
======
Time spent in direct solver at solve step (solve)                : 0.314324 s
Time spent in additional calculations                            : 0.667676 s
Total time spent                                                 : 0.982000 s

Statistics:
===========
< Parallel Direct Factorization with number of processors: > 236
< Numerical Factorization with BLAS3 and O(n) synchronization >

< Linear system Ax = b >
             number of equations:           74752
             number of non-zeros in A:      335872
             number of non-zeros in A (%): 0.006011

             number of right-hand sides:    1

< Factors L and U >
             number of columns for each panel: 72
             number of independent subgraphs:  0
< Preprocessing with state of the art partitioning metis>
             number of supernodes:                    57377
             size of largest supernode:               114
             number of non-zeros in L:                1990658
             number of non-zeros in U:                1522750
             number of non-zeros in L+U:              3513408
             gflop   for the numerical factorization: 0.301184

             gflop/s for the numerical factorization: 0.197657


Solve completed ...
Remote process returned: -1
Exit reason: Exit reason 11 - Segmentation fault

