
===================================
mtx file = /home/odeshmukh/g7jac140.mtx

Done with reading mtx file.
m = 41490, n = 41490, nz = 565956

Number of threads = 236

=== PARDISO: solving a real nonsymmetric system ===
The local (internal) PARDISO version is                          : 103911000
1-based array indexing is turned ON
PARDISO double precision computation is turned ON
METIS algorithm at reorder step is turned ON
Scaling is turned ON
Matching is turned ON


Summary: ( reordering phase )
================

Times:
======
Time spent in calculations of symmetric matrix portrait (fulladj): 0.110813 s
Time spent in reordering of the initial matrix (reorder)         : 3.269844 s
Time spent in symbolic factorization (symbfct)                   : 0.981309 s
Time spent in data preparations for factorization (parlist)      : 0.056652 s
Time spent in allocation of internal data structures (malloc)    : 6.503287 s
Time spent in additional calculations                            : 0.713400 s
Total time spent                                                 : 11.635305 s

Statistics:
===========
< Parallel Direct Factorization with number of processors: > 236
< Numerical Factorization with BLAS3 and O(n) synchronization >

< Linear system Ax = b >
             number of equations:           41490
             number of non-zeros in A:      565956
             number of non-zeros in A (%): 0.032877

             number of right-hand sides:    1

< Factors L and U >
             number of columns for each panel: 72
             number of independent subgraphs:  0
< Preprocessing with state of the art partitioning metis>
             number of supernodes:                    27905
             size of largest supernode:               1764
             number of non-zeros in L:                13512873
             number of non-zeros in U:                12940225
             number of non-zeros in L+U:              26453098

Reordering completed ... 
Number of nonzeros in factors  = 0
Number of factorization MFLOPS = 29626=== PARDISO is running in In-Core mode, because iparam(60)=0 ===
Percentage of computed non-zeros for LL^T factorization
 0 %  1 %  2 %  3 %  4 %  5 %  6 %  7 %  8 %  9 %  10 %  13 %  15 %  18 %  28 %  100 % 

=== PARDISO: solving a real nonsymmetric system ===
Single-level factorization algorithm is turned ON


Summary: ( factorization phase )
================

Times:
======
Time spent in copying matrix to internal data structure (A to LU): 0.000001 s
Time spent in factorization step (numfct)                        : 4.538216 s
Time spent in allocation of internal data structures (malloc)    : 0.000258 s
Time spent in additional calculations                            : 0.000020 s
Total time spent                                                 : 4.538495 s

Statistics:
===========
< Parallel Direct Factorization with number of processors: > 236
< Numerical Factorization with BLAS3 and O(n) synchronization >

< Linear system Ax = b >
             number of equations:           41490
             number of non-zeros in A:      565956
             number of non-zeros in A (%): 0.032877

             number of right-hand sides:    1

< Factors L and U >
             number of columns for each panel: 72
             number of independent subgraphs:  0
< Preprocessing with state of the art partitioning metis>
             number of supernodes:                    27905
             size of largest supernode:               1764
             number of non-zeros in L:                13512873
             number of non-zeros in U:                12940225
             number of non-zeros in L+U:              26453098
             gflop   for the numerical factorization: 29.626362

             gflop/s for the numerical factorization: 6.528195


Factorization completed ...
 
=== PARDISO: solving a real nonsymmetric system ===


Summary: ( solution phase )
================

Times:
======
Time spent in direct solver at solve step (solve)                : 0.642136 s
Time spent in additional calculations                            : 1.263194 s
Total time spent                                                 : 1.905330 s

Statistics:
===========
< Parallel Direct Factorization with number of processors: > 236
< Numerical Factorization with BLAS3 and O(n) synchronization >

< Linear system Ax = b >
             number of equations:           41490
             number of non-zeros in A:      565956
             number of non-zeros in A (%): 0.032877

             number of right-hand sides:    1

< Factors L and U >
             number of columns for each panel: 72
             number of independent subgraphs:  0
< Preprocessing with state of the art partitioning metis>
             number of supernodes:                    27905
             size of largest supernode:               1764
             number of non-zeros in L:                13512873
             number of non-zeros in U:                12940225
             number of non-zeros in L+U:              26453098
             gflop   for the numerical factorization: 29.626362

             gflop/s for the numerical factorization: 6.528195


Solve completed ...
Remote process returned: -1
Exit reason: Exit reason 6 - Aborted

