OMP_NUM_THREADS = 1
/home/odeshmukh/vpu_test
N = 1000  Time = 468.562 ms

Usage summary
      0.84 seconds Elapsed         ( 9.5% System, 90.5% User )

      0.00 seconds Parallel        (    0 cores)
      0.83 seconds Serial         
OMP_NUM_THREADS = 2
/home/odeshmukh/vpu_test
N = 1000  Time = 399.898 ms

Usage summary
      0.85 seconds Elapsed         (11.2% System, 88.8% User )

      0.00 seconds Parallel        (    0 cores)
      0.85 seconds Serial         
OMP_NUM_THREADS = 3
/home/odeshmukh/vpu_test
N = 1000  Time = 402.312 ms

Usage summary
      0.86 seconds Elapsed         (10.7% System, 89.3% User )

      0.00 seconds Parallel        (    0 cores)
      0.86 seconds Serial         
OMP_NUM_THREADS = 4
/home/odeshmukh/vpu_test
N = 1000  Time = 371.227 ms

Usage summary
      0.85 seconds Elapsed         ( 9.9% System, 90.1% User )

      0.00 seconds Parallel        (    0 cores)
      0.85 seconds Serial         
OMP_NUM_THREADS = 5
/home/odeshmukh/vpu_test
N = 1000  Time = 364.429 ms

Usage summary
      0.84 seconds Elapsed         ( 8.9% System, 91.1% User )

      0.21 seconds Parallel        (    2 cores)
      1.46   GB/Sec  (Mem)         (  0.8 % peak)
      1.10   GIPS    (Inst)        (  0.9 % peak)
      0.21   GIPS    (VPU)         (  0.2 % peak)
      1.61   Gop/Sec (VpuSP)       (  0.2 % peak)
      1.61   Gop/Sec (VpuDP)       (  0.3 % peak)
      0.62 seconds Serial         
OMP_NUM_THREADS = 6
/home/odeshmukh/vpu_test
N = 1000  Time = 372.637 ms

Usage summary
      0.85 seconds Elapsed         ( 8.9% System, 91.1% User )

      0.43 seconds Parallel        (    2 cores)
      1.11   GB/Sec  (Mem)         (  0.6 % peak)
      1.14   GIPS    (Inst)        (  0.9 % peak)
      0.18   GIPS    (VPU)         (  0.1 % peak)
      1.25   Gop/Sec (VpuSP)       (  0.1 % peak)
      1.25   Gop/Sec (VpuDP)       (  0.3 % peak)
      0.42 seconds Serial         
OMP_NUM_THREADS = 7
/home/odeshmukh/vpu_test
N = 1000  Time = 383.663 ms

Usage summary
      0.84 seconds Elapsed         ( 9.0% System, 91.0% User )

      0.42 seconds Parallel        (    2 cores)
      1.15   GB/Sec  (Mem)         (  0.7 % peak)
      1.41   GIPS    (Inst)        (  1.1 % peak)
      0.18   GIPS    (VPU)         (  0.1 % peak)
      1.29   Gop/Sec (VpuSP)       (  0.1 % peak)
      1.29   Gop/Sec (VpuDP)       (  0.3 % peak)
      0.42 seconds Serial         
OMP_NUM_THREADS = 8
/home/odeshmukh/vpu_test
N = 1000  Time = 388.968 ms

Usage summary
      0.85 seconds Elapsed         ( 6.3% System, 93.7% User )

      0.42 seconds Parallel        (    3 cores)
      1.18   GB/Sec  (Mem)         (  0.7 % peak)
      1.41   GIPS    (Inst)        (  1.1 % peak)
      0.17   GIPS    (VPU)         (  0.1 % peak)
      1.27   Gop/Sec (VpuSP)       (  0.1 % peak)
      1.27   Gop/Sec (VpuDP)       (  0.3 % peak)
      0.42 seconds Serial         
OMP_NUM_THREADS = 9
/home/odeshmukh/vpu_test
N = 1000  Time = 384.341 ms

Usage summary
      0.85 seconds Elapsed         ( 4.7% System, 95.3% User )

      0.42 seconds Parallel        (    3 cores)
      1.15   GB/Sec  (Mem)         (  0.7 % peak)
      1.49   GIPS    (Inst)        (  1.2 % peak)
      0.17   GIPS    (VPU)         (  0.1 % peak)
      1.37   Gop/Sec (VpuSP)       (  0.1 % peak)
      1.37   Gop/Sec (VpuDP)       (  0.3 % peak)
      0.42 seconds Serial         
OMP_NUM_THREADS = 10
/home/odeshmukh/vpu_test
N = 1000  Time = 381.325 ms

Usage summary
      0.85 seconds Elapsed         ( 4.9% System, 95.1% User )

      0.42 seconds Parallel        (    3 cores)
      1.15   GB/Sec  (Mem)         (  0.7 % peak)
      1.70   GIPS    (Inst)        (  1.4 % peak)
      0.18   GIPS    (VPU)         (  0.1 % peak)
      1.30   Gop/Sec (VpuSP)       (  0.1 % peak)
      1.30   Gop/Sec (VpuDP)       (  0.3 % peak)
      0.42 seconds Serial         
OMP_NUM_THREADS = 11
/home/odeshmukh/vpu_test
N = 1000  Time = 386.505 ms

Usage summary
      0.85 seconds Elapsed         ( 5.8% System, 94.2% User )

      0.42 seconds Parallel        (    3 cores)
      1.16   GB/Sec  (Mem)         (  0.7 % peak)
      1.67   GIPS    (Inst)        (  1.4 % peak)
      0.18   GIPS    (VPU)         (  0.1 % peak)
      1.27   Gop/Sec (VpuSP)       (  0.1 % peak)
      1.27   Gop/Sec (VpuDP)       (  0.3 % peak)
      0.42 seconds Serial         
OMP_NUM_THREADS = 12
/home/odeshmukh/vpu_test
N = 1000  Time = 251.541 ms

Usage summary
      0.64 seconds Elapsed         (11.0% System, 89.0% User )

      0.21 seconds Parallel        (    3 cores)
      1.83   GB/Sec  (Mem)         (  1.0 % peak)
      1.85   GIPS    (Inst)        (  1.5 % peak)
      0.31   GIPS    (VPU)         (  0.3 % peak)
      2.36   Gop/Sec (VpuSP)       (  0.2 % peak)
      2.36   Gop/Sec (VpuDP)       (  0.5 % peak)
      0.42 seconds Serial         
OMP_NUM_THREADS = 13
/home/odeshmukh/vpu_test
N = 1000  Time = 262.746 ms

Usage summary
      0.63 seconds Elapsed         ( 7.2% System, 92.8% User )

      0.21 seconds Parallel        (    3 cores)
      1.68   GB/Sec  (Mem)         (  1.0 % peak)
      2.20   GIPS    (Inst)        (  1.8 % peak)
      0.30   GIPS    (VPU)         (  0.2 % peak)
      1.99   Gop/Sec (VpuSP)       (  0.2 % peak)
      1.99   Gop/Sec (VpuDP)       (  0.4 % peak)
      0.42 seconds Serial         
OMP_NUM_THREADS = 14
/home/odeshmukh/vpu_test
N = 1000  Time = 263.862 ms

Usage summary
      0.65 seconds Elapsed         (13.6% System, 86.4% User )

      0.22 seconds Parallel        (    3 cores)
      1.87   GB/Sec  (Mem)         (  1.1 % peak)
      2.12   GIPS    (Inst)        (  1.7 % peak)
      0.25   GIPS    (VPU)         (  0.2 % peak)
      1.88   Gop/Sec (VpuSP)       (  0.2 % peak)
      1.88   Gop/Sec (VpuDP)       (  0.4 % peak)
      0.42 seconds Serial         
OMP_NUM_THREADS = 15
/home/odeshmukh/vpu_test
N = 1000  Time = 252.691 ms

Usage summary
      0.63 seconds Elapsed         (15.6% System, 84.4% User )

      0.21 seconds Parallel        (    4 cores)
      1.84   GB/Sec  (Mem)         (  1.0 % peak)
      2.30   GIPS    (Inst)        (  1.9 % peak)
      0.30   GIPS    (VPU)         (  0.2 % peak)
      2.17   Gop/Sec (VpuSP)       (  0.2 % peak)
      2.17   Gop/Sec (VpuDP)       (  0.4 % peak)
      0.42 seconds Serial         
OMP_NUM_THREADS = 16
/home/odeshmukh/vpu_test
N = 1000  Time = 239.861 ms

Usage summary
      0.64 seconds Elapsed         (19.7% System, 80.3% User )

      0.21 seconds Parallel        (    4 cores)
      1.87   GB/Sec  (Mem)         (  1.1 % peak)
      2.17   GIPS    (Inst)        (  1.8 % peak)
      0.34   GIPS    (VPU)         (  0.3 % peak)
      2.60   Gop/Sec (VpuSP)       (  0.3 % peak)
      2.60   Gop/Sec (VpuDP)       (  0.5 % peak)
      0.42 seconds Serial         
OMP_NUM_THREADS = 17
/home/odeshmukh/vpu_test
N = 1000  Time = 250.114 ms

Usage summary
      0.64 seconds Elapsed         (11.7% System, 88.3% User )

      0.21 seconds Parallel        (    5 cores)
      1.94   GB/Sec  (Mem)         (  1.1 % peak)
      2.33   GIPS    (Inst)        (  1.9 % peak)
      0.35   GIPS    (VPU)         (  0.3 % peak)
      2.16   Gop/Sec (VpuSP)       (  0.2 % peak)
      2.16   Gop/Sec (VpuDP)       (  0.4 % peak)
      0.42 seconds Serial         
OMP_NUM_THREADS = 18
/home/odeshmukh/vpu_test
N = 1000  Time = 244.308 ms

Usage summary
      0.63 seconds Elapsed         (18.6% System, 81.4% User )

      0.21 seconds Parallel        (    5 cores)
      1.88   GB/Sec  (Mem)         (  1.1 % peak)
      2.53   GIPS    (Inst)        (  2.0 % peak)
      0.31   GIPS    (VPU)         (  0.2 % peak)
      2.51   Gop/Sec (VpuSP)       (  0.3 % peak)
      2.51   Gop/Sec (VpuDP)       (  0.5 % peak)
      0.42 seconds Serial         
OMP_NUM_THREADS = 19
/home/odeshmukh/vpu_test
N = 1000  Time = 237.090 ms

Usage summary
      0.64 seconds Elapsed         (13.0% System, 87.0% User )

      0.22 seconds Parallel        (    5 cores)
      1.79   GB/Sec  (Mem)         (  1.0 % peak)
      2.54   GIPS    (Inst)        (  2.1 % peak)
      0.27   GIPS    (VPU)         (  0.2 % peak)
      2.27   Gop/Sec (VpuSP)       (  0.2 % peak)
      2.27   Gop/Sec (VpuDP)       (  0.5 % peak)
      0.42 seconds Serial         
OMP_NUM_THREADS = 20
/home/odeshmukh/vpu_test
N = 1000  Time = 238.354 ms

Usage summary
      0.64 seconds Elapsed         (18.9% System, 81.1% User )

      0.21 seconds Parallel        (    5 cores)
      1.99   GB/Sec  (Mem)         (  1.1 % peak)
      3.25   GIPS    (Inst)        (  2.6 % peak)
      0.36   GIPS    (VPU)         (  0.3 % peak)
      1.92   Gop/Sec (VpuSP)       (  0.2 % peak)
      1.92   Gop/Sec (VpuDP)       (  0.4 % peak)
      0.42 seconds Serial         
OMP_NUM_THREADS = 21
/home/odeshmukh/vpu_test
N = 1000  Time = 241.821 ms

Usage summary
      0.64 seconds Elapsed         (13.7% System, 86.3% User )

      0.21 seconds Parallel        (    6 cores)
      1.96   GB/Sec  (Mem)         (  1.1 % peak)
      2.86   GIPS    (Inst)        (  2.3 % peak)
      0.35   GIPS    (VPU)         (  0.3 % peak)
      2.49   Gop/Sec (VpuSP)       (  0.3 % peak)
      2.49   Gop/Sec (VpuDP)       (  0.5 % peak)
      0.42 seconds Serial         
OMP_NUM_THREADS = 22
/home/odeshmukh/vpu_test
N = 1000  Time = 238.437 ms

Usage summary
      0.64 seconds Elapsed         (16.9% System, 83.1% User )

      0.21 seconds Parallel        (    6 cores)
      1.98   GB/Sec  (Mem)         (  1.1 % peak)
      2.85   GIPS    (Inst)        (  2.3 % peak)
      0.30   GIPS    (VPU)         (  0.2 % peak)
      2.59   Gop/Sec (VpuSP)       (  0.3 % peak)
      2.59   Gop/Sec (VpuDP)       (  0.5 % peak)
      0.42 seconds Serial         
OMP_NUM_THREADS = 23
/home/odeshmukh/vpu_test
N = 1000  Time = 242.708 ms

Usage summary
      0.63 seconds Elapsed         (21.6% System, 78.4% User )

      0.21 seconds Parallel        (    6 cores)
      2.01   GB/Sec  (Mem)         (  1.1 % peak)
      2.80   GIPS    (Inst)        (  2.3 % peak)
      0.33   GIPS    (VPU)         (  0.3 % peak)
      2.25   Gop/Sec (VpuSP)       (  0.2 % peak)
      2.25   Gop/Sec (VpuDP)       (  0.5 % peak)
      0.41 seconds Serial         
OMP_NUM_THREADS = 24
/home/odeshmukh/vpu_test
N = 1000  Time = 262.099 ms

Usage summary
      0.63 seconds Elapsed         (19.9% System, 80.1% User )

      0.21 seconds Parallel        (    5 cores)
      2.02   GB/Sec  (Mem)         (  1.2 % peak)
      3.16   GIPS    (Inst)        (  2.6 % peak)
      0.23   GIPS    (VPU)         (  0.2 % peak)
      1.72   Gop/Sec (VpuSP)       (  0.2 % peak)
      1.72   Gop/Sec (VpuDP)       (  0.3 % peak)
      0.42 seconds Serial         
OMP_NUM_THREADS = 25
/home/odeshmukh/vpu_test
N = 1000  Time = 248.007 ms

Usage summary
      0.63 seconds Elapsed         (15.0% System, 85.0% User )

      0.21 seconds Parallel        (    7 cores)
      2.11   GB/Sec  (Mem)         (  1.2 % peak)
      3.51   GIPS    (Inst)        (  2.8 % peak)
      0.31   GIPS    (VPU)         (  0.2 % peak)
      2.07   Gop/Sec (VpuSP)       (  0.2 % peak)
      2.07   Gop/Sec (VpuDP)       (  0.4 % peak)
      0.42 seconds Serial         
OMP_NUM_THREADS = 26
/home/odeshmukh/vpu_test
N = 1000  Time = 255.219 ms

Usage summary
      0.65 seconds Elapsed         (18.9% System, 81.1% User )

      0.22 seconds Parallel        (    7 cores)
      2.01   GB/Sec  (Mem)         (  1.1 % peak)
      3.21   GIPS    (Inst)        (  2.6 % peak)
      0.22   GIPS    (VPU)         (  0.2 % peak)
      1.93   Gop/Sec (VpuSP)       (  0.2 % peak)
      1.93   Gop/Sec (VpuDP)       (  0.4 % peak)
      0.42 seconds Serial         
OMP_NUM_THREADS = 27
/home/odeshmukh/vpu_test
N = 1000  Time = 260.576 ms

Usage summary
      0.63 seconds Elapsed         (16.8% System, 83.2% User )

      0.21 seconds Parallel        (    6 cores)
      2.00   GB/Sec  (Mem)         (  1.1 % peak)
      3.62   GIPS    (Inst)        (  2.9 % peak)
      0.24   GIPS    (VPU)         (  0.2 % peak)
      1.56   Gop/Sec (VpuSP)       (  0.2 % peak)
      1.56   Gop/Sec (VpuDP)       (  0.3 % peak)
      0.42 seconds Serial         
OMP_NUM_THREADS = 28
/home/odeshmukh/vpu_test
N = 1000  Time = 257.689 ms

Usage summary
      0.63 seconds Elapsed         (13.4% System, 86.6% User )

      0.21 seconds Parallel        (    7 cores)
      2.22   GB/Sec  (Mem)         (  1.3 % peak)
      3.69   GIPS    (Inst)        (  3.0 % peak)
      0.26   GIPS    (VPU)         (  0.2 % peak)
      1.99   Gop/Sec (VpuSP)       (  0.2 % peak)
      1.99   Gop/Sec (VpuDP)       (  0.4 % peak)
      0.42 seconds Serial         
OMP_NUM_THREADS = 29
/home/odeshmukh/vpu_test
N = 1000  Time = 260.874 ms

Usage summary
      0.63 seconds Elapsed         (15.6% System, 84.4% User )

      0.21 seconds Parallel        (    7 cores)
      2.12   GB/Sec  (Mem)         (  1.2 % peak)
      3.83   GIPS    (Inst)        (  3.1 % peak)
      0.29   GIPS    (VPU)         (  0.2 % peak)
      1.80   Gop/Sec (VpuSP)       (  0.2 % peak)
      1.80   Gop/Sec (VpuDP)       (  0.4 % peak)
      0.42 seconds Serial         
OMP_NUM_THREADS = 30
/home/odeshmukh/vpu_test
N = 1000  Time = 261.025 ms

Usage summary
      0.63 seconds Elapsed         (17.3% System, 82.7% User )

      0.21 seconds Parallel        (    8 cores)
      2.11   GB/Sec  (Mem)         (  1.2 % peak)
      4.23   GIPS    (Inst)        (  3.4 % peak)
      0.25   GIPS    (VPU)         (  0.2 % peak)
      1.70   Gop/Sec (VpuSP)       (  0.2 % peak)
      1.70   Gop/Sec (VpuDP)       (  0.3 % peak)
      0.42 seconds Serial         
OMP_NUM_THREADS = 31
/home/odeshmukh/vpu_test
N = 1000  Time = 267.025 ms

Usage summary
      0.63 seconds Elapsed         (13.1% System, 86.9% User )

      0.21 seconds Parallel        (    7 cores)
      1.93   GB/Sec  (Mem)         (  1.1 % peak)
      4.19   GIPS    (Inst)        (  3.4 % peak)
      0.17   GIPS    (VPU)         (  0.1 % peak)
      0.82   Gop/Sec (VpuSP)       (  0.1 % peak)
      0.82   Gop/Sec (VpuDP)       (  0.2 % peak)
      0.42 seconds Serial         
OMP_NUM_THREADS = 32
/home/odeshmukh/vpu_test
N = 1000  Time = 385.716 ms

Usage summary
      0.85 seconds Elapsed         (11.4% System, 88.6% User )

      0.42 seconds Parallel        (    8 cores)
      1.12   GB/Sec  (Mem)         (  0.6 % peak)
      4.99   GIPS    (Inst)        (  4.0 % peak)
      0.27   GIPS    (VPU)         (  0.2 % peak)
      1.60   Gop/Sec (VpuSP)       (  0.2 % peak)
      1.60   Gop/Sec (VpuDP)       (  0.3 % peak)
      0.42 seconds Serial         
OMP_NUM_THREADS = 33
/home/odeshmukh/vpu_test
N = 1000  Time = 372.337 ms

Usage summary
      0.85 seconds Elapsed         (13.8% System, 86.2% User )

      0.42 seconds Parallel        (    9 cores)
      1.01   GB/Sec  (Mem)         (  0.6 % peak)
      5.18   GIPS    (Inst)        (  4.2 % peak)
      0.24   GIPS    (VPU)         (  0.2 % peak)
      1.46   Gop/Sec (VpuSP)       (  0.1 % peak)
      1.46   Gop/Sec (VpuDP)       (  0.3 % peak)
      0.42 seconds Serial         
OMP_NUM_THREADS = 34
/home/odeshmukh/vpu_test
N = 1000  Time = 379.304 ms

Usage summary
      0.85 seconds Elapsed         (13.0% System, 87.0% User )

      0.42 seconds Parallel        (    7 cores)
      1.05   GB/Sec  (Mem)         (  0.6 % peak)
      5.37   GIPS    (Inst)        (  4.3 % peak)
      0.28   GIPS    (VPU)         (  0.2 % peak)
      1.58   Gop/Sec (VpuSP)       (  0.2 % peak)
      1.58   Gop/Sec (VpuDP)       (  0.3 % peak)
      0.42 seconds Serial         
OMP_NUM_THREADS = 35
/home/odeshmukh/vpu_test
N = 1000  Time = 385.856 ms

Usage summary
      0.85 seconds Elapsed         (21.4% System, 78.6% User )

      0.42 seconds Parallel        (    8 cores)
      1.07   GB/Sec  (Mem)         (  0.6 % peak)
      5.80   GIPS    (Inst)        (  4.7 % peak)
      0.25   GIPS    (VPU)         (  0.2 % peak)
      1.51   Gop/Sec (VpuSP)       (  0.2 % peak)
      1.51   Gop/Sec (VpuDP)       (  0.3 % peak)
      0.42 seconds Serial         
OMP_NUM_THREADS = 36
/home/odeshmukh/vpu_test
N = 1000  Time = 389.835 ms

Usage summary
      0.85 seconds Elapsed         (17.8% System, 82.2% User )

      0.42 seconds Parallel        (    9 cores)
      1.07   GB/Sec  (Mem)         (  0.6 % peak)
      6.36   GIPS    (Inst)        (  5.1 % peak)
      0.25   GIPS    (VPU)         (  0.2 % peak)
      1.45   Gop/Sec (VpuSP)       (  0.1 % peak)
      1.45   Gop/Sec (VpuDP)       (  0.3 % peak)
      0.42 seconds Serial         
OMP_NUM_THREADS = 37
/home/odeshmukh/vpu_test
N = 1000  Time = 392.269 ms

Usage summary
      0.85 seconds Elapsed         (12.6% System, 87.4% User )

      0.42 seconds Parallel        (    8 cores)
      1.06   GB/Sec  (Mem)         (  0.6 % peak)
      6.25   GIPS    (Inst)        (  5.1 % peak)
      0.23   GIPS    (VPU)         (  0.2 % peak)
      1.48   Gop/Sec (VpuSP)       (  0.1 % peak)
      1.48   Gop/Sec (VpuDP)       (  0.3 % peak)
      0.42 seconds Serial         
OMP_NUM_THREADS = 38
/home/odeshmukh/vpu_test
N = 1000  Time = 395.285 ms

Usage summary
      0.86 seconds Elapsed         (19.5% System, 80.5% User )

      0.42 seconds Parallel        (    9 cores)
      1.10   GB/Sec  (Mem)         (  0.6 % peak)
      6.98   GIPS    (Inst)        (  5.7 % peak)
      0.29   GIPS    (VPU)         (  0.2 % peak)
      1.57   Gop/Sec (VpuSP)       (  0.2 % peak)
      1.57   Gop/Sec (VpuDP)       (  0.3 % peak)
      0.43 seconds Serial         
OMP_NUM_THREADS = 39
/home/odeshmukh/vpu_test
N = 1000  Time = 426.000 ms

Usage summary
      0.85 seconds Elapsed         (11.0% System, 89.0% User )

      0.42 seconds Parallel        (    9 cores)
      1.16   GB/Sec  (Mem)         (  0.7 % peak)
      7.00   GIPS    (Inst)        (  5.7 % peak)
      0.25   GIPS    (VPU)         (  0.2 % peak)
      1.50   Gop/Sec (VpuSP)       (  0.2 % peak)
      1.50   Gop/Sec (VpuDP)       (  0.3 % peak)
      0.42 seconds Serial         
OMP_NUM_THREADS = 40
/home/odeshmukh/vpu_test
N = 1000  Time = 407.507 ms

Usage summary
      0.85 seconds Elapsed         (11.3% System, 88.7% User )

      0.42 seconds Parallel        (    7 cores)
      1.12   GB/Sec  (Mem)         (  0.6 % peak)
      7.06   GIPS    (Inst)        (  5.7 % peak)
      0.25   GIPS    (VPU)         (  0.2 % peak)
      1.51   Gop/Sec (VpuSP)       (  0.2 % peak)
      1.51   Gop/Sec (VpuDP)       (  0.3 % peak)
      0.42 seconds Serial         
