
===================================
mtx file = ../matrices/ABACUS_shell_ud.mtx

Done with reading mtx file.
m = 23412, n = 23412, nz = 218484

Number of threads = 20

=== PARDISO: solving a real nonsymmetric system ===
The local (internal) PARDISO version is                          : 103911000
1-based array indexing is turned ON
PARDISO double precision computation is turned ON
METIS algorithm at reorder step is turned ON
Scaling is turned ON
Matching is turned ON


Summary: ( reordering phase )
================

Times:
======
Time spent in calculations of symmetric matrix portrait (fulladj): 0.002404 s
Time spent in reordering of the initial matrix (reorder)         : 0.064377 s
Time spent in symbolic factorization (symbfct)                   : 0.010088 s
Time spent in data preparations for factorization (parlist)      : 0.000867 s
Time spent in allocation of internal data structures (malloc)    : 0.014855 s
Time spent in additional calculations                            : 0.007156 s
Total time spent                                                 : 0.099747 s

Statistics:
===========
< Parallel Direct Factorization with number of processors: > 20
< Numerical Factorization with BLAS3 and O(n) synchronization >

< Linear system Ax = b >
             number of equations:           23412
             number of non-zeros in A:      218484
             number of non-zeros in A (%): 0.039860

             number of right-hand sides:    1

< Factors L and U >
             number of columns for each panel: 72
             number of independent subgraphs:  0
< Preprocessing with state of the art partitioning metis>
             number of supernodes:                    12064
             size of largest supernode:               256
             number of non-zeros in L:                913622
             number of non-zeros in U:                737600
             number of non-zeros in L+U:              1651222

Reordering completed ... 
Number of nonzeros in factors  = 0
Number of factorization MFLOPS = 123=== PARDISO is running in In-Core mode, because iparam(60)=0 ===
Percentage of computed non-zeros for LL^T factorization
 0 %  1 %  2 %  3 %  4 %  5 %  6 %  7 %  8 %  9 %  10 %  11 %  12 %  13 %  14 %  15 %  16 %  17 %  18 %  19 %  20 %  21 %  22 %  23 %  24 %  25 %  26 %  27 %  28 %  29 %  30 %  31 %  32 %  34 %  35 %  36 %  37 %  38 %  41 %  44 %  49 %  50 %  51 %  53 %  56 %  58 %  59 %  63 %  64 %  69 %  70 %  79 %  97 %  100 % 

=== PARDISO: solving a real nonsymmetric system ===
Single-level factorization algorithm is turned ON


Summary: ( factorization phase )
================

Times:
======
Time spent in copying matrix to internal data structure (A to LU): 0.000000 s
Time spent in factorization step (numfct)                        : 0.022363 s
Time spent in allocation of internal data structures (malloc)    : 0.000044 s
Time spent in additional calculations                            : 0.000003 s
Total time spent                                                 : 0.022410 s

Statistics:
===========
< Parallel Direct Factorization with number of processors: > 20
< Numerical Factorization with BLAS3 and O(n) synchronization >

< Linear system Ax = b >
             number of equations:           23412
             number of non-zeros in A:      218484
             number of non-zeros in A (%): 0.039860

             number of right-hand sides:    1

< Factors L and U >
             number of columns for each panel: 72
             number of independent subgraphs:  0
< Preprocessing with state of the art partitioning metis>
             number of supernodes:                    12064
             size of largest supernode:               256
             number of non-zeros in L:                913622
             number of non-zeros in U:                737600
             number of non-zeros in L+U:              1651222
             gflop   for the numerical factorization: 0.123364

             gflop/s for the numerical factorization: 5.516463


Factorization completed ...
 
=== PARDISO: solving a real nonsymmetric system ===


Summary: ( solution phase )
================

Times:
======
Time spent in direct solver at solve step (solve)                : 0.001105 s
Time spent in additional calculations                            : 0.002250 s
Total time spent                                                 : 0.003355 s

Statistics:
===========
< Parallel Direct Factorization with number of processors: > 20
< Numerical Factorization with BLAS3 and O(n) synchronization >

< Linear system Ax = b >
             number of equations:           23412
             number of non-zeros in A:      218484
             number of non-zeros in A (%): 0.039860

             number of right-hand sides:    1

< Factors L and U >
             number of columns for each panel: 72
             number of independent subgraphs:  0
< Preprocessing with state of the art partitioning metis>
             number of supernodes:                    12064
             size of largest supernode:               256
             number of non-zeros in L:                913622
             number of non-zeros in U:                737600
             number of non-zeros in L+U:              1651222
             gflop   for the numerical factorization: 0.123364

             gflop/s for the numerical factorization: 5.516463


Solve completed ...

Memory deallocated...
