
===================================
mtx file = ../matrices/af23560.mtx

Done with reading mtx file.
m = 23560, n = 23560, nz = 484256

Number of threads = 20

=== PARDISO: solving a real nonsymmetric system ===
The local (internal) PARDISO version is                          : 103911000
1-based array indexing is turned ON
PARDISO double precision computation is turned ON
METIS algorithm at reorder step is turned ON
Scaling is turned ON
Matching is turned ON


Summary: ( reordering phase )
================

Times:
======
Time spent in calculations of symmetric matrix portrait (fulladj): 0.004414 s
Time spent in reordering of the initial matrix (reorder)         : 0.148860 s
Time spent in symbolic factorization (symbfct)                   : 0.020265 s
Time spent in data preparations for factorization (parlist)      : 0.001944 s
Time spent in allocation of internal data structures (malloc)    : 0.027179 s
Time spent in additional calculations                            : 0.021018 s
Total time spent                                                 : 0.223680 s

Statistics:
===========
< Parallel Direct Factorization with number of processors: > 20
< Numerical Factorization with BLAS3 and O(n) synchronization >

< Linear system Ax = b >
             number of equations:           23560
             number of non-zeros in A:      484256
             number of non-zeros in A (%): 0.087242

             number of right-hand sides:    1

< Factors L and U >
             number of columns for each panel: 72
             number of independent subgraphs:  0
< Preprocessing with state of the art partitioning metis>
             number of supernodes:                    10082
             size of largest supernode:               844
             number of non-zeros in L:                4764899
             number of non-zeros in U:                4182607
             number of non-zeros in L+U:              8947506

Reordering completed ... 
Number of nonzeros in factors  = 0
Number of factorization MFLOPS = 3158=== PARDISO is running in In-Core mode, because iparam(60)=0 ===
Percentage of computed non-zeros for LL^T factorization
 0 %  1 %  2 %  3 %  4 %  5 %  6 %  7 %  8 %  9 %  10 %  11 %  13 %  14 %  17 %  18 %  20 %  21 %  23 %  24 %  25 %  26 %  28 %  29 %  30 %  33 %  34 %  35 %  38 %  39 %  40 %  45 %  51 %  53 %  54 %  58 %  60 %  69 %  70 %  80 %  94 %  100 % 

=== PARDISO: solving a real nonsymmetric system ===
Single-level factorization algorithm is turned ON


Summary: ( factorization phase )
================

Times:
======
Time spent in copying matrix to internal data structure (A to LU): 0.000000 s
Time spent in factorization step (numfct)                        : 0.057072 s
Time spent in allocation of internal data structures (malloc)    : 0.000054 s
Time spent in additional calculations                            : 0.000005 s
Total time spent                                                 : 0.057131 s

Statistics:
===========
< Parallel Direct Factorization with number of processors: > 20
< Numerical Factorization with BLAS3 and O(n) synchronization >

< Linear system Ax = b >
             number of equations:           23560
             number of non-zeros in A:      484256
             number of non-zeros in A (%): 0.087242

             number of right-hand sides:    1

< Factors L and U >
             number of columns for each panel: 72
             number of independent subgraphs:  0
< Preprocessing with state of the art partitioning metis>
             number of supernodes:                    10082
             size of largest supernode:               844
             number of non-zeros in L:                4764899
             number of non-zeros in U:                4182607
             number of non-zeros in L+U:              8947506
             gflop   for the numerical factorization: 3.158331

             gflop/s for the numerical factorization: 55.339490


Factorization completed ...
 
=== PARDISO: solving a real nonsymmetric system ===


Summary: ( solution phase )
================

Times:
======
Time spent in direct solver at solve step (solve)                : 0.004897 s
Time spent in additional calculations                            : 0.010021 s
Total time spent                                                 : 0.014918 s

Statistics:
===========
< Parallel Direct Factorization with number of processors: > 20
< Numerical Factorization with BLAS3 and O(n) synchronization >

< Linear system Ax = b >
             number of equations:           23560
             number of non-zeros in A:      484256
             number of non-zeros in A (%): 0.087242

             number of right-hand sides:    1

< Factors L and U >
             number of columns for each panel: 72
             number of independent subgraphs:  0
< Preprocessing with state of the art partitioning metis>
             number of supernodes:                    10082
             size of largest supernode:               844
             number of non-zeros in L:                4764899
             number of non-zeros in U:                4182607
             number of non-zeros in L+U:              8947506
             gflop   for the numerical factorization: 3.158331

             gflop/s for the numerical factorization: 55.339490


Solve completed ...

Memory deallocated...
