
===================================
mtx file = ../matrices/ancfBigDan.mtx

Done with reading mtx file.
m = 63603, n = 63603, nz = 569262

Number of threads = 20

=== PARDISO: solving a real nonsymmetric system ===
The local (internal) PARDISO version is                          : 103911000
1-based array indexing is turned ON
PARDISO double precision computation is turned ON
METIS algorithm at reorder step is turned ON
Scaling is turned ON
Matching is turned ON


Summary: ( reordering phase )
================

Times:
======
Time spent in calculations of symmetric matrix portrait (fulladj): 0.006461 s
Time spent in reordering of the initial matrix (reorder)         : 0.316508 s
Time spent in symbolic factorization (symbfct)                   : 0.030901 s
Time spent in data preparations for factorization (parlist)      : 0.003341 s
Time spent in allocation of internal data structures (malloc)    : 0.035544 s
Time spent in additional calculations                            : 0.035486 s
Total time spent                                                 : 0.428241 s

Statistics:
===========
< Parallel Direct Factorization with number of processors: > 20
< Numerical Factorization with BLAS3 and O(n) synchronization >

< Linear system Ax = b >
             number of equations:           63603
             number of non-zeros in A:      569262
             number of non-zeros in A (%): 0.014072

             number of right-hand sides:    1

< Factors L and U >
             number of columns for each panel: 72
             number of independent subgraphs:  0
< Preprocessing with state of the art partitioning metis>
             number of supernodes:                    33176
             size of largest supernode:               503
             number of non-zeros in L:                3277740
             number of non-zeros in U:                2720267
             number of non-zeros in L+U:              5998007

Reordering completed ... 
Number of nonzeros in factors  = 0
Number of factorization MFLOPS = 1095=== PARDISO is running in In-Core mode, because iparam(60)=0 ===
Percentage of computed non-zeros for LL^T factorization
 0 %  1 %  2 %  3 %  4 %  5 %  6 %  7 %  8 %  9 %  10 %  11 %  12 %  13 %  14 %  15 %  16 %  17 %  18 %  19 %  20 %  21 %  22 %  23 %  24 %  25 %  26 %  27 %  28 %  29 %  30 %  31 %  32 %  33 %  34 %  35 %  36 %  37 %  38 %  39 %  40 %  41 %  42 %  43 %  44 %  45 %  46 %  47 %  48 %  49 %  51 %  55 %  61 %  70 %  76 %  85 %  99 %  100 % 

=== PARDISO: solving a real nonsymmetric system ===
Single-level factorization algorithm is turned ON


Summary: ( factorization phase )
================

Times:
======
Time spent in copying matrix to internal data structure (A to LU): 0.000000 s
Time spent in factorization step (numfct)                        : 0.063580 s
Time spent in allocation of internal data structures (malloc)    : 0.000055 s
Time spent in additional calculations                            : 0.000004 s
Total time spent                                                 : 0.063639 s

Statistics:
===========
< Parallel Direct Factorization with number of processors: > 20
< Numerical Factorization with BLAS3 and O(n) synchronization >

< Linear system Ax = b >
             number of equations:           63603
             number of non-zeros in A:      569262
             number of non-zeros in A (%): 0.014072

             number of right-hand sides:    1

< Factors L and U >
             number of columns for each panel: 72
             number of independent subgraphs:  0
< Preprocessing with state of the art partitioning metis>
             number of supernodes:                    33176
             size of largest supernode:               503
             number of non-zeros in L:                3277740
             number of non-zeros in U:                2720267
             number of non-zeros in L+U:              5998007
             gflop   for the numerical factorization: 1.095655

             gflop/s for the numerical factorization: 17.232755


Factorization completed ...
 
=== PARDISO: solving a real nonsymmetric system ===


Summary: ( solution phase )
================

Times:
======
Time spent in direct solver at solve step (solve)                : 0.004466 s
Time spent in additional calculations                            : 0.009471 s
Total time spent                                                 : 0.013937 s

Statistics:
===========
< Parallel Direct Factorization with number of processors: > 20
< Numerical Factorization with BLAS3 and O(n) synchronization >

< Linear system Ax = b >
             number of equations:           63603
             number of non-zeros in A:      569262
             number of non-zeros in A (%): 0.014072

             number of right-hand sides:    1

< Factors L and U >
             number of columns for each panel: 72
             number of independent subgraphs:  0
< Preprocessing with state of the art partitioning metis>
             number of supernodes:                    33176
             size of largest supernode:               503
             number of non-zeros in L:                3277740
             number of non-zeros in U:                2720267
             number of non-zeros in L+U:              5998007
             gflop   for the numerical factorization: 1.095655

             gflop/s for the numerical factorization: 17.232755


Solve completed ...

Memory deallocated...
