
===================================
mtx file = ../matrices/Andrews.mtx

Done with reading mtx file.
m = 60000, n = 60000, nz = 410077

Number of threads = 20

=== PARDISO: solving a real nonsymmetric system ===
The local (internal) PARDISO version is                          : 103911000
1-based array indexing is turned ON
PARDISO double precision computation is turned ON
METIS algorithm at reorder step is turned ON
Scaling is turned ON
Matching is turned ON


Summary: ( reordering phase )
================

Times:
======
Time spent in calculations of symmetric matrix portrait (fulladj): 0.010340 s
Time spent in reordering of the initial matrix (reorder)         : 0.444629 s
Time spent in symbolic factorization (symbfct)                   : 0.112877 s
Time spent in data preparations for factorization (parlist)      : 0.013038 s
Time spent in allocation of internal data structures (malloc)    : 0.046125 s
Time spent in additional calculations                            : 0.062184 s
Total time spent                                                 : 0.689193 s

Statistics:
===========
< Parallel Direct Factorization with number of processors: > 20
< Numerical Factorization with BLAS3 and O(n) synchronization >

< Linear system Ax = b >
             number of equations:           60000
             number of non-zeros in A:      410077
             number of non-zeros in A (%): 0.011391

             number of right-hand sides:    1

< Factors L and U >
             number of columns for each panel: 72
             number of independent subgraphs:  0
< Preprocessing with state of the art partitioning metis>
             number of supernodes:                    30488
             size of largest supernode:               1552
             number of non-zeros in L:                37016048
             number of non-zeros in U:                36114500
             number of non-zeros in L+U:              73130548

Reordering completed ... 
Number of nonzeros in factors  = 0
Number of factorization MFLOPS = 104273=== PARDISO is running in In-Core mode, because iparam(60)=0 ===
Percentage of computed non-zeros for LL^T factorization
 0 %  1 %  2 %  3 %  4 %  5 %  6 %  7 %  8 %  9 %  10 %  11 %  12 %  13 %  14 %  15 %  16 %  17 %  18 %  19 %  20 %  21 %  23 %  24 %  25 %  26 %  27 %  28 %  29 %  30 %  32 %  33 %  34 %  35 %  36 %  37 %  39 %  40 %  41 %  42 %  44 %  45 %  46 %  49 %  50 %  51 %  54 %  56 %  57 %  60 %  61 %  63 %  64 %  65 %  66 %  67 %  68 %  71 %  72 %  73 %  77 %  81 %  86 %  89 %  91 %  93 %  95 %  99 %  100 % 

=== PARDISO: solving a real nonsymmetric system ===
Single-level factorization algorithm is turned ON


Summary: ( factorization phase )
================

Times:
======
Time spent in copying matrix to internal data structure (A to LU): 0.000000 s
Time spent in factorization step (numfct)                        : 1.842980 s
Time spent in allocation of internal data structures (malloc)    : 0.000048 s
Time spent in additional calculations                            : 0.000005 s
Total time spent                                                 : 1.843033 s

Statistics:
===========
< Parallel Direct Factorization with number of processors: > 20
< Numerical Factorization with BLAS3 and O(n) synchronization >

< Linear system Ax = b >
             number of equations:           60000
             number of non-zeros in A:      410077
             number of non-zeros in A (%): 0.011391

             number of right-hand sides:    1

< Factors L and U >
             number of columns for each panel: 72
             number of independent subgraphs:  0
< Preprocessing with state of the art partitioning metis>
             number of supernodes:                    30488
             size of largest supernode:               1552
             number of non-zeros in L:                37016048
             number of non-zeros in U:                36114500
             number of non-zeros in L+U:              73130548
             gflop   for the numerical factorization: 104.273524

             gflop/s for the numerical factorization: 56.578756


Factorization completed ...
 
=== PARDISO: solving a real nonsymmetric system ===


Summary: ( solution phase )
================

Times:
======
Time spent in direct solver at solve step (solve)                : 0.034533 s
Time spent in additional calculations                            : 0.073291 s
Total time spent                                                 : 0.107824 s

Statistics:
===========
< Parallel Direct Factorization with number of processors: > 20
< Numerical Factorization with BLAS3 and O(n) synchronization >

< Linear system Ax = b >
             number of equations:           60000
             number of non-zeros in A:      410077
             number of non-zeros in A (%): 0.011391

             number of right-hand sides:    1

< Factors L and U >
             number of columns for each panel: 72
             number of independent subgraphs:  0
< Preprocessing with state of the art partitioning metis>
             number of supernodes:                    30488
             size of largest supernode:               1552
             number of non-zeros in L:                37016048
             number of non-zeros in U:                36114500
             number of non-zeros in L+U:              73130548
             gflop   for the numerical factorization: 104.273524

             gflop/s for the numerical factorization: 56.578756


Solve completed ...

Memory deallocated...
