
===================================
mtx file = ../matrices/av41092.mtx

Done with reading mtx file.
m = 41092, n = 41092, nz = 1683902

Number of threads = 20

=== PARDISO: solving a real nonsymmetric system ===
The local (internal) PARDISO version is                          : 103911000
1-based array indexing is turned ON
PARDISO double precision computation is turned ON
METIS algorithm at reorder step is turned ON
Scaling is turned ON
Matching is turned ON


Summary: ( reordering phase )
================

Times:
======
Time spent in calculations of symmetric matrix portrait (fulladj): 0.023107 s
Time spent in reordering of the initial matrix (reorder)         : 0.521671 s
Time spent in symbolic factorization (symbfct)                   : 0.119910 s
Time spent in data preparations for factorization (parlist)      : 0.004053 s
Time spent in allocation of internal data structures (malloc)    : 2.129596 s
Time spent in additional calculations                            : 0.155528 s
Total time spent                                                 : 2.953865 s

Statistics:
===========
< Parallel Direct Factorization with number of processors: > 20
< Numerical Factorization with BLAS3 and O(n) synchronization >

< Linear system Ax = b >
             number of equations:           41092
             number of non-zeros in A:      1683902
             number of non-zeros in A (%): 0.099725

             number of right-hand sides:    1

< Factors L and U >
             number of columns for each panel: 72
             number of independent subgraphs:  0
< Preprocessing with state of the art partitioning metis>
             number of supernodes:                    24492
             size of largest supernode:               689
             number of non-zeros in L:                7544341
             number of non-zeros in U:                7063365
             number of non-zeros in L+U:              14607706

Reordering completed ... 
Number of nonzeros in factors  = 0
Number of factorization MFLOPS = 7506=== PARDISO is running in In-Core mode, because iparam(60)=0 ===
Percentage of computed non-zeros for LL^T factorization
 0 %  1 %  2 %  3 %  4 %  5 %  6 %  7 %  8 %  9 %  10 %  11 %  12 %  13 %  14 %  15 %  16 %  17 %  18 %  19 %  20 %  21 %  22 %  23 %  24 %  25 %  26 %  27 %  28 %  29 %  30 %  31 %  33 %  34 %  38 %  39 %  40 %  43 %  44 %  45 %  47 %  48 %  52 %  55 %  65 %  73 %  83 %  92 %  100 % 

=== PARDISO: solving a real nonsymmetric system ===
Single-level factorization algorithm is turned ON


Summary: ( factorization phase )
================

Times:
======
Time spent in copying matrix to internal data structure (A to LU): 0.000000 s
Time spent in factorization step (numfct)                        : 0.171343 s
Time spent in allocation of internal data structures (malloc)    : 0.000055 s
Time spent in additional calculations                            : 0.000003 s
Total time spent                                                 : 0.171401 s

Statistics:
===========
< Parallel Direct Factorization with number of processors: > 20
< Numerical Factorization with BLAS3 and O(n) synchronization >

< Linear system Ax = b >
             number of equations:           41092
             number of non-zeros in A:      1683902
             number of non-zeros in A (%): 0.099725

             number of right-hand sides:    1

< Factors L and U >
             number of columns for each panel: 72
             number of independent subgraphs:  0
< Preprocessing with state of the art partitioning metis>
             number of supernodes:                    24492
             size of largest supernode:               689
             number of non-zeros in L:                7544341
             number of non-zeros in U:                7063365
             number of non-zeros in L+U:              14607706
             gflop   for the numerical factorization: 7.506856

             gflop/s for the numerical factorization: 43.811842


Factorization completed ...
 
=== PARDISO: solving a real nonsymmetric system ===


Summary: ( solution phase )
================

Times:
======
Time spent in direct solver at solve step (solve)                : 0.007355 s
Time spent in additional calculations                            : 0.016560 s
Total time spent                                                 : 0.023915 s

Statistics:
===========
< Parallel Direct Factorization with number of processors: > 20
< Numerical Factorization with BLAS3 and O(n) synchronization >

< Linear system Ax = b >
             number of equations:           41092
             number of non-zeros in A:      1683902
             number of non-zeros in A (%): 0.099725

             number of right-hand sides:    1

< Factors L and U >
             number of columns for each panel: 72
             number of independent subgraphs:  0
< Preprocessing with state of the art partitioning metis>
             number of supernodes:                    24492
             size of largest supernode:               689
             number of non-zeros in L:                7544341
             number of non-zeros in U:                7063365
             number of non-zeros in L+U:              14607706
             gflop   for the numerical factorization: 7.506856

             gflop/s for the numerical factorization: 43.811842


Solve completed ...

Memory deallocated...
