
===================================
mtx file = ../matrices/boyd1.mtx

Done with reading mtx file.
m = 93279, n = 93279, nz = 652246

Number of threads = 20

=== PARDISO: solving a real nonsymmetric system ===
The local (internal) PARDISO version is                          : 103911000
1-based array indexing is turned ON
PARDISO double precision computation is turned ON
METIS algorithm at reorder step is turned ON
Scaling is turned ON
Matching is turned ON


Summary: ( reordering phase )
================

Times:
======
Time spent in calculations of symmetric matrix portrait (fulladj): 0.008745 s
Time spent in reordering of the initial matrix (reorder)         : 8.210675 s
Time spent in symbolic factorization (symbfct)                   : 0.032464 s
Time spent in data preparations for factorization (parlist)      : 0.001830 s
Time spent in allocation of internal data structures (malloc)    : 0.145110 s
Time spent in additional calculations                            : 0.036538 s
Total time spent                                                 : 8.435362 s

Statistics:
===========
< Parallel Direct Factorization with number of processors: > 20
< Numerical Factorization with BLAS3 and O(n) synchronization >

< Linear system Ax = b >
             number of equations:           93279
             number of non-zeros in A:      652246
             number of non-zeros in A (%): 0.007496

             number of right-hand sides:    1

< Factors L and U >
             number of columns for each panel: 72
             number of independent subgraphs:  0
< Preprocessing with state of the art partitioning metis>
             number of supernodes:                    93266
             size of largest supernode:               9
             number of non-zeros in L:                652420
             number of non-zeros in U:                559057
             number of non-zeros in L+U:              1211477

Reordering completed ... 
Number of nonzeros in factors  = 0
Number of factorization MFLOPS = 8=== PARDISO is running in In-Core mode, because iparam(60)=0 ===
Percentage of computed non-zeros for LL^T factorization
 0 %  1 %  2 %  3 %  4 %  5 %  6 %  7 %  8 %  9 %  10 %  11 %  12 %  13 %  14 %  15 %  16 %  17 %  18 %  19 %  20 %  21 %  22 %  23 %  24 %  25 %  26 %  27 %  28 %  29 %  30 %  31 %  32 %  33 %  34 %  35 %  36 %  37 %  38 %  39 %  40 %  41 %  42 %  43 %  44 %  45 %  46 %  47 %  48 %  49 %  50 %  51 %  52 %  53 %  54 %  55 %  56 %  57 %  58 %  59 %  60 %  61 %  62 %  63 %  64 %  65 %  66 %  67 %  68 %  69 %  70 %  71 %  72 %  73 %  74 %  75 %  76 %  77 %  78 %  79 %  80 %  81 %  82 %  83 %  84 %  85 %  86 %  87 %  88 %  89 %  90 %  91 %  92 %  93 %  94 %  95 %  96 %  97 %  98 %  99 %  100 % 

=== PARDISO: solving a real nonsymmetric system ===
Single-level factorization algorithm is turned ON


Summary: ( factorization phase )
================

Times:
======
Time spent in copying matrix to internal data structure (A to LU): 0.000000 s
Time spent in factorization step (numfct)                        : 0.072515 s
Time spent in allocation of internal data structures (malloc)    : 0.000406 s
Time spent in additional calculations                            : 0.000004 s
Total time spent                                                 : 0.072925 s

Statistics:
===========
< Parallel Direct Factorization with number of processors: > 20
< Numerical Factorization with BLAS3 and O(n) synchronization >

< Linear system Ax = b >
             number of equations:           93279
             number of non-zeros in A:      652246
             number of non-zeros in A (%): 0.007496

             number of right-hand sides:    1

< Factors L and U >
             number of columns for each panel: 72
             number of independent subgraphs:  0
< Preprocessing with state of the art partitioning metis>
             number of supernodes:                    93266
             size of largest supernode:               9
             number of non-zeros in L:                652420
             number of non-zeros in U:                559057
             number of non-zeros in L+U:              1211477
             gflop   for the numerical factorization: 0.008029

             gflop/s for the numerical factorization: 0.110721


Factorization completed ...
 
=== PARDISO: solving a real nonsymmetric system ===


Summary: ( solution phase )
================

Times:
======
Time spent in direct solver at solve step (solve)                : 0.003520 s
Time spent in additional calculations                            : 0.007884 s
Total time spent                                                 : 0.011404 s

Statistics:
===========
< Parallel Direct Factorization with number of processors: > 20
< Numerical Factorization with BLAS3 and O(n) synchronization >

< Linear system Ax = b >
             number of equations:           93279
             number of non-zeros in A:      652246
             number of non-zeros in A (%): 0.007496

             number of right-hand sides:    1

< Factors L and U >
             number of columns for each panel: 72
             number of independent subgraphs:  0
< Preprocessing with state of the art partitioning metis>
             number of supernodes:                    93266
             size of largest supernode:               9
             number of non-zeros in L:                652420
             number of non-zeros in U:                559057
             number of non-zeros in L+U:              1211477
             gflop   for the numerical factorization: 0.008029

             gflop/s for the numerical factorization: 0.110721


Solve completed ...

Memory deallocated...
