
===================================
mtx file = ../matrices/c-61.mtx

Done with reading mtx file.
m = 43618, n = 43618, nz = 176817

Number of threads = 20

=== PARDISO: solving a real nonsymmetric system ===
The local (internal) PARDISO version is                          : 103911000
1-based array indexing is turned ON
PARDISO double precision computation is turned ON
METIS algorithm at reorder step is turned ON
Scaling is turned ON
Matching is turned ON


Summary: ( reordering phase )
================

Times:
======
Time spent in calculations of symmetric matrix portrait (fulladj): 0.002895 s
Time spent in reordering of the initial matrix (reorder)         : 0.161638 s
Time spent in symbolic factorization (symbfct)                   : 0.018894 s
Time spent in data preparations for factorization (parlist)      : 0.001383 s
Time spent in allocation of internal data structures (malloc)    : 0.012946 s
Time spent in additional calculations                            : 0.012732 s
Total time spent                                                 : 0.210488 s

Statistics:
===========
< Parallel Direct Factorization with number of processors: > 20
< Numerical Factorization with BLAS3 and O(n) synchronization >

< Linear system Ax = b >
             number of equations:           43618
             number of non-zeros in A:      176817
             number of non-zeros in A (%): 0.009294

             number of right-hand sides:    1

< Factors L and U >
             number of columns for each panel: 72
             number of independent subgraphs:  0
< Preprocessing with state of the art partitioning metis>
             number of supernodes:                    38543
             size of largest supernode:               288
             number of non-zeros in L:                918838
             number of non-zeros in U:                782014
             number of non-zeros in L+U:              1700852

Reordering completed ... 
Number of nonzeros in factors  = 0
Number of factorization MFLOPS = 354=== PARDISO is running in In-Core mode, because iparam(60)=0 ===
Percentage of computed non-zeros for LL^T factorization
 0 %  1 %  2 %  3 %  4 %  5 %  6 %  7 %  8 %  9 %  10 %  11 %  12 %  13 %  14 %  15 %  16 %  17 %  18 %  19 %  20 %  21 %  22 %  23 %  24 %  25 %  26 %  27 %  28 %  29 %  30 %  31 %  32 %  33 %  34 %  35 %  36 %  37 %  39 %  41 %  42 %  44 %  45 %  48 %  49 %  54 %  57 %  60 %  72 %  100 % 

=== PARDISO: solving a real nonsymmetric system ===
Single-level factorization algorithm is turned ON


Summary: ( factorization phase )
================

Times:
======
Time spent in copying matrix to internal data structure (A to LU): 0.000000 s
Time spent in factorization step (numfct)                        : 0.052467 s
Time spent in allocation of internal data structures (malloc)    : 0.000044 s
Time spent in additional calculations                            : 0.000004 s
Total time spent                                                 : 0.052515 s

Statistics:
===========
< Parallel Direct Factorization with number of processors: > 20
< Numerical Factorization with BLAS3 and O(n) synchronization >

< Linear system Ax = b >
             number of equations:           43618
             number of non-zeros in A:      176817
             number of non-zeros in A (%): 0.009294

             number of right-hand sides:    1

< Factors L and U >
             number of columns for each panel: 72
             number of independent subgraphs:  0
< Preprocessing with state of the art partitioning metis>
             number of supernodes:                    38543
             size of largest supernode:               288
             number of non-zeros in L:                918838
             number of non-zeros in U:                782014
             number of non-zeros in L+U:              1700852
             gflop   for the numerical factorization: 0.354940

             gflop/s for the numerical factorization: 6.765005


Factorization completed ...
 
=== PARDISO: solving a real nonsymmetric system ===


Summary: ( solution phase )
================

Times:
======
Time spent in direct solver at solve step (solve)                : 0.002327 s
Time spent in additional calculations                            : 0.004394 s
Total time spent                                                 : 0.006721 s

Statistics:
===========
< Parallel Direct Factorization with number of processors: > 20
< Numerical Factorization with BLAS3 and O(n) synchronization >

< Linear system Ax = b >
             number of equations:           43618
             number of non-zeros in A:      176817
             number of non-zeros in A (%): 0.009294

             number of right-hand sides:    1

< Factors L and U >
             number of columns for each panel: 72
             number of independent subgraphs:  0
< Preprocessing with state of the art partitioning metis>
             number of supernodes:                    38543
             size of largest supernode:               288
             number of non-zeros in L:                918838
             number of non-zeros in U:                782014
             number of non-zeros in L+U:              1700852
             gflop   for the numerical factorization: 0.354940

             gflop/s for the numerical factorization: 6.765005


Solve completed ...

Memory deallocated...
