
===================================
mtx file = ../matrices/cfd2.mtx

Done with reading mtx file.
m = 123440, n = 123440, nz = 1605669

Number of threads = 20

=== PARDISO: solving a real nonsymmetric system ===
The local (internal) PARDISO version is                          : 103911000
1-based array indexing is turned ON
PARDISO double precision computation is turned ON
METIS algorithm at reorder step is turned ON
Scaling is turned ON
Matching is turned ON


Summary: ( reordering phase )
================

Times:
======
Time spent in calculations of symmetric matrix portrait (fulladj): 0.017075 s
Time spent in reordering of the initial matrix (reorder)         : 0.927369 s
Time spent in symbolic factorization (symbfct)                   : 0.132810 s
Time spent in data preparations for factorization (parlist)      : 0.007177 s
Time spent in allocation of internal data structures (malloc)    : 0.059294 s
Time spent in additional calculations                            : 0.152989 s
Total time spent                                                 : 1.296714 s

Statistics:
===========
< Parallel Direct Factorization with number of processors: > 20
< Numerical Factorization with BLAS3 and O(n) synchronization >

< Linear system Ax = b >
             number of equations:           123440
             number of non-zeros in A:      1605669
             number of non-zeros in A (%): 0.010538

             number of right-hand sides:    1

< Factors L and U >
             number of columns for each panel: 72
             number of independent subgraphs:  0
< Preprocessing with state of the art partitioning metis>
             number of supernodes:                    37059
             size of largest supernode:               2114
             number of non-zeros in L:                39826503
             number of non-zeros in U:                36457297
             number of non-zeros in L+U:              76283800

Reordering completed ... 
Number of nonzeros in factors  = 0
Number of factorization MFLOPS = 64989=== PARDISO is running in In-Core mode, because iparam(60)=0 ===
Percentage of computed non-zeros for LL^T factorization
 0 %  1 %  2 %  3 %  4 %  5 %  6 %  7 %  8 %  9 %  10 %  11 %  12 %  13 %  14 %  15 %  16 %  17 %  19 %  20 %  21 %  22 %  23 %  25 %  26 %  27 %  28 %  29 %  30 %  32 %  33 %  34 %  35 %  36 %  37 %  39 %  40 %  42 %  43 %  44 %  47 %  48 %  50 %  52 %  56 %  60 %  63 %  65 %  69 %  71 %  75 %  78 %  85 %  93 %  98 %  100 % 

=== PARDISO: solving a real nonsymmetric system ===
Single-level factorization algorithm is turned ON


Summary: ( factorization phase )
================

Times:
======
Time spent in copying matrix to internal data structure (A to LU): 0.000000 s
Time spent in factorization step (numfct)                        : 0.600437 s
Time spent in allocation of internal data structures (malloc)    : 0.000410 s
Time spent in additional calculations                            : 0.000003 s
Total time spent                                                 : 0.600850 s

Statistics:
===========
< Parallel Direct Factorization with number of processors: > 20
< Numerical Factorization with BLAS3 and O(n) synchronization >

< Linear system Ax = b >
             number of equations:           123440
             number of non-zeros in A:      1605669
             number of non-zeros in A (%): 0.010538

             number of right-hand sides:    1

< Factors L and U >
             number of columns for each panel: 72
             number of independent subgraphs:  0
< Preprocessing with state of the art partitioning metis>
             number of supernodes:                    37059
             size of largest supernode:               2114
             number of non-zeros in L:                39826503
             number of non-zeros in U:                36457297
             number of non-zeros in L+U:              76283800
             gflop   for the numerical factorization: 64.989452

             gflop/s for the numerical factorization: 108.236892


Factorization completed ...
 
=== PARDISO: solving a real nonsymmetric system ===


Summary: ( solution phase )
================

Times:
======
Time spent in direct solver at solve step (solve)                : 0.031966 s
Time spent in additional calculations                            : 0.067420 s
Total time spent                                                 : 0.099386 s

Statistics:
===========
< Parallel Direct Factorization with number of processors: > 20
< Numerical Factorization with BLAS3 and O(n) synchronization >

< Linear system Ax = b >
             number of equations:           123440
             number of non-zeros in A:      1605669
             number of non-zeros in A (%): 0.010538

             number of right-hand sides:    1

< Factors L and U >
             number of columns for each panel: 72
             number of independent subgraphs:  0
< Preprocessing with state of the art partitioning metis>
             number of supernodes:                    37059
             size of largest supernode:               2114
             number of non-zeros in L:                39826503
             number of non-zeros in U:                36457297
             number of non-zeros in L+U:              76283800
             gflop   for the numerical factorization: 64.989452

             gflop/s for the numerical factorization: 108.236892


Solve completed ...

Memory deallocated...
