
===================================
mtx file = ../matrices/cont-201.mtx

Done with reading mtx file.
m = 80595, n = 80595, nz = 239596

Number of threads = 20

=== PARDISO: solving a real nonsymmetric system ===
The local (internal) PARDISO version is                          : 103911000
1-based array indexing is turned ON
PARDISO double precision computation is turned ON
METIS algorithm at reorder step is turned ON
Scaling is turned ON
Matching is turned ON


Summary: ( reordering phase )
================

Times:
======
Time spent in calculations of symmetric matrix portrait (fulladj): 0.002680 s
Time spent in reordering of the initial matrix (reorder)         : 0.250534 s
Time spent in symbolic factorization (symbfct)                   : 0.049680 s
Time spent in data preparations for factorization (parlist)      : 0.003906 s
Time spent in allocation of internal data structures (malloc)    : 0.028138 s
Time spent in additional calculations                            : 0.015828 s
Total time spent                                                 : 0.350766 s

Statistics:
===========
< Parallel Direct Factorization with number of processors: > 20
< Numerical Factorization with BLAS3 and O(n) synchronization >

< Linear system Ax = b >
             number of equations:           80595
             number of non-zeros in A:      239596
             number of non-zeros in A (%): 0.003689

             number of right-hand sides:    1

< Factors L and U >
             number of columns for each panel: 72
             number of independent subgraphs:  0
< Preprocessing with state of the art partitioning metis>
             number of supernodes:                    58035
             size of largest supernode:               555
             number of non-zeros in L:                4004272
             number of non-zeros in U:                3419607
             number of non-zeros in L+U:              7423879

Reordering completed ... 
Number of nonzeros in factors  = 0
Number of factorization MFLOPS = 1566=== PARDISO is running in In-Core mode, because iparam(60)=0 ===
Percentage of computed non-zeros for LL^T factorization
 0 %  1 %  2 %  3 %  4 %  5 %  6 %  7 %  8 %  9 %  10 %  11 %  12 %  13 %  14 %  15 %  16 %  17 %  18 %  19 %  20 %  21 %  22 %  23 %  24 %  25 %  26 %  27 %  28 %  29 %  30 %  31 %  32 %  33 %  34 %  36 %  37 %  38 %  39 %  41 %  43 %  45 %  46 %  47 %  49 %  52 %  53 %  56 %  58 %  60 %  65 %  66 %  68 %  80 %  92 %  100 % 

=== PARDISO: solving a real nonsymmetric system ===
Single-level factorization algorithm is turned ON


Summary: ( factorization phase )
================

Times:
======
Time spent in copying matrix to internal data structure (A to LU): 0.000001 s
Time spent in factorization step (numfct)                        : 0.090306 s
Time spent in allocation of internal data structures (malloc)    : 0.000052 s
Time spent in additional calculations                            : 0.000004 s
Total time spent                                                 : 0.090363 s

Statistics:
===========
< Parallel Direct Factorization with number of processors: > 20
< Numerical Factorization with BLAS3 and O(n) synchronization >

< Linear system Ax = b >
             number of equations:           80595
             number of non-zeros in A:      239596
             number of non-zeros in A (%): 0.003689

             number of right-hand sides:    1

< Factors L and U >
             number of columns for each panel: 72
             number of independent subgraphs:  0
< Preprocessing with state of the art partitioning metis>
             number of supernodes:                    58035
             size of largest supernode:               555
             number of non-zeros in L:                4004272
             number of non-zeros in U:                3419607
             number of non-zeros in L+U:              7423879
             gflop   for the numerical factorization: 1.566581

             gflop/s for the numerical factorization: 17.347515


Factorization completed ...
 
=== PARDISO: solving a real nonsymmetric system ===


Summary: ( solution phase )
================

Times:
======
Time spent in direct solver at solve step (solve)                : 0.005832 s
Time spent in additional calculations                            : 0.011863 s
Total time spent                                                 : 0.017695 s

Statistics:
===========
< Parallel Direct Factorization with number of processors: > 20
< Numerical Factorization with BLAS3 and O(n) synchronization >

< Linear system Ax = b >
             number of equations:           80595
             number of non-zeros in A:      239596
             number of non-zeros in A (%): 0.003689

             number of right-hand sides:    1

< Factors L and U >
             number of columns for each panel: 72
             number of independent subgraphs:  0
< Preprocessing with state of the art partitioning metis>
             number of supernodes:                    58035
             size of largest supernode:               555
             number of non-zeros in L:                4004272
             number of non-zeros in U:                3419607
             number of non-zeros in L+U:              7423879
             gflop   for the numerical factorization: 1.566581

             gflop/s for the numerical factorization: 17.347515


Solve completed ...

Memory deallocated...
