
===================================
mtx file = ../matrices/ecl32.mtx

Done with reading mtx file.
m = 51993, n = 51993, nz = 380415

Number of threads = 20

=== PARDISO: solving a real nonsymmetric system ===
The local (internal) PARDISO version is                          : 103911000
1-based array indexing is turned ON
PARDISO double precision computation is turned ON
METIS algorithm at reorder step is turned ON
Scaling is turned ON
Matching is turned ON


Summary: ( reordering phase )
================

Times:
======
Time spent in calculations of symmetric matrix portrait (fulladj): 0.004851 s
Time spent in reordering of the initial matrix (reorder)         : 0.314816 s
Time spent in symbolic factorization (symbfct)                   : 0.042924 s
Time spent in data preparations for factorization (parlist)      : 0.004132 s
Time spent in allocation of internal data structures (malloc)    : 0.027733 s
Time spent in additional calculations                            : 0.022387 s
Total time spent                                                 : 0.416843 s

Statistics:
===========
< Parallel Direct Factorization with number of processors: > 20
< Numerical Factorization with BLAS3 and O(n) synchronization >

< Linear system Ax = b >
             number of equations:           51993
             number of non-zeros in A:      380415
             number of non-zeros in A (%): 0.014072

             number of right-hand sides:    1

< Factors L and U >
             number of columns for each panel: 72
             number of independent subgraphs:  0
< Preprocessing with state of the art partitioning metis>
             number of supernodes:                    32983
             size of largest supernode:               992
             number of non-zeros in L:                12442247
             number of non-zeros in U:                11680174
             number of non-zeros in L+U:              24122421

Reordering completed ... 
Number of nonzeros in factors  = 0
Number of factorization MFLOPS = 20318=== PARDISO is running in In-Core mode, because iparam(60)=0 ===
Percentage of computed non-zeros for LL^T factorization
 0 %  1 %  2 %  3 %  4 %  5 %  6 %  7 %  8 %  9 %  10 %  11 %  12 %  13 %  14 %  15 %  16 %  17 %  18 %  20 %  21 %  24 %  26 %  28 %  30 %  33 %  36 %  40 %  48 %  59 %  64 %  77 %  89 %  99 %  100 % 

=== PARDISO: solving a real nonsymmetric system ===
Single-level factorization algorithm is turned ON


Summary: ( factorization phase )
================

Times:
======
Time spent in copying matrix to internal data structure (A to LU): 0.000000 s
Time spent in factorization step (numfct)                        : 0.245254 s
Time spent in allocation of internal data structures (malloc)    : 0.000052 s
Time spent in additional calculations                            : 0.000004 s
Total time spent                                                 : 0.245310 s

Statistics:
===========
< Parallel Direct Factorization with number of processors: > 20
< Numerical Factorization with BLAS3 and O(n) synchronization >

< Linear system Ax = b >
             number of equations:           51993
             number of non-zeros in A:      380415
             number of non-zeros in A (%): 0.014072

             number of right-hand sides:    1

< Factors L and U >
             number of columns for each panel: 72
             number of independent subgraphs:  0
< Preprocessing with state of the art partitioning metis>
             number of supernodes:                    32983
             size of largest supernode:               992
             number of non-zeros in L:                12442247
             number of non-zeros in U:                11680174
             number of non-zeros in L+U:              24122421
             gflop   for the numerical factorization: 20.318943

             gflop/s for the numerical factorization: 82.848557


Factorization completed ...
 
=== PARDISO: solving a real nonsymmetric system ===


Summary: ( solution phase )
================

Times:
======
Time spent in direct solver at solve step (solve)                : 0.013038 s
Time spent in additional calculations                            : 0.025948 s
Total time spent                                                 : 0.038986 s

Statistics:
===========
< Parallel Direct Factorization with number of processors: > 20
< Numerical Factorization with BLAS3 and O(n) synchronization >

< Linear system Ax = b >
             number of equations:           51993
             number of non-zeros in A:      380415
             number of non-zeros in A (%): 0.014072

             number of right-hand sides:    1

< Factors L and U >
             number of columns for each panel: 72
             number of independent subgraphs:  0
< Preprocessing with state of the art partitioning metis>
             number of supernodes:                    32983
             size of largest supernode:               992
             number of non-zeros in L:                12442247
             number of non-zeros in U:                11680174
             number of non-zeros in L+U:              24122421
             gflop   for the numerical factorization: 20.318943

             gflop/s for the numerical factorization: 82.848557


Solve completed ...

Memory deallocated...
