
===================================
mtx file = ../matrices/epb3.mtx

Done with reading mtx file.
m = 84617, n = 84617, nz = 463625

Number of threads = 20

=== PARDISO: solving a real nonsymmetric system ===
The local (internal) PARDISO version is                          : 103911000
1-based array indexing is turned ON
PARDISO double precision computation is turned ON
METIS algorithm at reorder step is turned ON
Scaling is turned ON
Matching is turned ON


Summary: ( reordering phase )
================

Times:
======
Time spent in calculations of symmetric matrix portrait (fulladj): 0.005089 s
Time spent in reordering of the initial matrix (reorder)         : 0.247906 s
Time spent in symbolic factorization (symbfct)                   : 0.049090 s
Time spent in data preparations for factorization (parlist)      : 0.002782 s
Time spent in allocation of internal data structures (malloc)    : 0.027490 s
Time spent in additional calculations                            : 0.022069 s
Total time spent                                                 : 0.354426 s

Statistics:
===========
< Parallel Direct Factorization with number of processors: > 20
< Numerical Factorization with BLAS3 and O(n) synchronization >

< Linear system Ax = b >
             number of equations:           84617
             number of non-zeros in A:      463625
             number of non-zeros in A (%): 0.006475

             number of right-hand sides:    1

< Factors L and U >
             number of columns for each panel: 72
             number of independent subgraphs:  0
< Preprocessing with state of the art partitioning metis>
             number of supernodes:                    42831
             size of largest supernode:               365
             number of non-zeros in L:                2672009
             number of non-zeros in U:                2169054
             number of non-zeros in L+U:              4841063

Reordering completed ... 
Number of nonzeros in factors  = 0
Number of factorization MFLOPS = 464=== PARDISO is running in In-Core mode, because iparam(60)=0 ===
Percentage of computed non-zeros for LL^T factorization
 0 %  1 %  2 %  3 %  4 %  5 %  6 %  7 %  8 %  9 %  10 %  11 %  12 %  13 %  14 %  15 %  16 %  17 %  18 %  19 %  20 %  21 %  22 %  23 %  24 %  25 %  26 %  27 %  28 %  29 %  30 %  31 %  32 %  33 %  34 %  35 %  36 %  37 %  38 %  39 %  40 %  41 %  42 %  43 %  44 %  45 %  46 %  47 %  48 %  49 %  50 %  51 %  52 %  53 %  54 %  56 %  57 %  58 %  59 %  61 %  62 %  64 %  65 %  68 %  70 %  73 %  82 %  91 %  100 % 

=== PARDISO: solving a real nonsymmetric system ===
Single-level factorization algorithm is turned ON


Summary: ( factorization phase )
================

Times:
======
Time spent in copying matrix to internal data structure (A to LU): 0.000000 s
Time spent in factorization step (numfct)                        : 0.058964 s
Time spent in allocation of internal data structures (malloc)    : 0.000056 s
Time spent in additional calculations                            : 0.000005 s
Total time spent                                                 : 0.059025 s

Statistics:
===========
< Parallel Direct Factorization with number of processors: > 20
< Numerical Factorization with BLAS3 and O(n) synchronization >

< Linear system Ax = b >
             number of equations:           84617
             number of non-zeros in A:      463625
             number of non-zeros in A (%): 0.006475

             number of right-hand sides:    1

< Factors L and U >
             number of columns for each panel: 72
             number of independent subgraphs:  0
< Preprocessing with state of the art partitioning metis>
             number of supernodes:                    42831
             size of largest supernode:               365
             number of non-zeros in L:                2672009
             number of non-zeros in U:                2169054
             number of non-zeros in L+U:              4841063
             gflop   for the numerical factorization: 0.464178

             gflop/s for the numerical factorization: 7.872218


Factorization completed ...
 
=== PARDISO: solving a real nonsymmetric system ===


Summary: ( solution phase )
================

Times:
======
Time spent in direct solver at solve step (solve)                : 0.003698 s
Time spent in additional calculations                            : 0.007472 s
Total time spent                                                 : 0.011170 s

Statistics:
===========
< Parallel Direct Factorization with number of processors: > 20
< Numerical Factorization with BLAS3 and O(n) synchronization >

< Linear system Ax = b >
             number of equations:           84617
             number of non-zeros in A:      463625
             number of non-zeros in A (%): 0.006475

             number of right-hand sides:    1

< Factors L and U >
             number of columns for each panel: 72
             number of independent subgraphs:  0
< Preprocessing with state of the art partitioning metis>
             number of supernodes:                    42831
             size of largest supernode:               365
             number of non-zeros in L:                2672009
             number of non-zeros in U:                2169054
             number of non-zeros in L+U:              4841063
             gflop   for the numerical factorization: 0.464178

             gflop/s for the numerical factorization: 7.872218


Solve completed ...

Memory deallocated...
