
===================================
mtx file = ../matrices/F2.mtx

Done with reading mtx file.
m = 71505, n = 71505, nz = 2682895

Number of threads = 20

=== PARDISO: solving a real nonsymmetric system ===
The local (internal) PARDISO version is                          : 103911000
1-based array indexing is turned ON
PARDISO double precision computation is turned ON
METIS algorithm at reorder step is turned ON
Scaling is turned ON
Matching is turned ON


Summary: ( reordering phase )
================

Times:
======
Time spent in calculations of symmetric matrix portrait (fulladj): 0.034461 s
Time spent in reordering of the initial matrix (reorder)         : 0.399165 s
Time spent in symbolic factorization (symbfct)                   : 0.084459 s
Time spent in data preparations for factorization (parlist)      : 0.002466 s
Time spent in allocation of internal data structures (malloc)    : 0.079488 s
Time spent in additional calculations                            : 0.204385 s
Total time spent                                                 : 0.804424 s

Statistics:
===========
< Parallel Direct Factorization with number of processors: > 20
< Numerical Factorization with BLAS3 and O(n) synchronization >

< Linear system Ax = b >
             number of equations:           71505
             number of non-zeros in A:      2682895
             number of non-zeros in A (%): 0.052472

             number of right-hand sides:    1

< Factors L and U >
             number of columns for each panel: 72
             number of independent subgraphs:  0
< Preprocessing with state of the art partitioning metis>
             number of supernodes:                    9635
             size of largest supernode:               1524
             number of non-zeros in L:                22083232
             number of non-zeros in U:                19928885
             number of non-zeros in L+U:              42012117

Reordering completed ... 
Number of nonzeros in factors  = 0
Number of factorization MFLOPS = 22981=== PARDISO is running in In-Core mode, because iparam(60)=0 ===
Percentage of computed non-zeros for LL^T factorization
 0 %  1 %  2 %  3 %  4 %  5 %  6 %  7 %  8 %  9 %  10 %  11 %  12 %  13 %  14 %  15 %  16 %  18 %  19 %  20 %  21 %  22 %  23 %  24 %  26 %  27 %  29 %  31 %  32 %  33 %  34 %  35 %  39 %  40 %  41 %  43 %  44 %  45 %  46 %  52 %  59 %  66 %  72 %  76 %  83 %  92 %  98 %  100 % 

=== PARDISO: solving a real nonsymmetric system ===
Single-level factorization algorithm is turned ON


Summary: ( factorization phase )
================

Times:
======
Time spent in copying matrix to internal data structure (A to LU): 0.000000 s
Time spent in factorization step (numfct)                        : 0.194351 s
Time spent in allocation of internal data structures (malloc)    : 0.000054 s
Time spent in additional calculations                            : 0.000005 s
Total time spent                                                 : 0.194410 s

Statistics:
===========
< Parallel Direct Factorization with number of processors: > 20
< Numerical Factorization with BLAS3 and O(n) synchronization >

< Linear system Ax = b >
             number of equations:           71505
             number of non-zeros in A:      2682895
             number of non-zeros in A (%): 0.052472

             number of right-hand sides:    1

< Factors L and U >
             number of columns for each panel: 72
             number of independent subgraphs:  0
< Preprocessing with state of the art partitioning metis>
             number of supernodes:                    9635
             size of largest supernode:               1524
             number of non-zeros in L:                22083232
             number of non-zeros in U:                19928885
             number of non-zeros in L+U:              42012117
             gflop   for the numerical factorization: 22.981244

             gflop/s for the numerical factorization: 118.246106


Factorization completed ...
 
=== PARDISO: solving a real nonsymmetric system ===


Summary: ( solution phase )
================

Times:
======
Time spent in direct solver at solve step (solve)                : 0.015551 s
Time spent in additional calculations                            : 0.034476 s
Total time spent                                                 : 0.050027 s

Statistics:
===========
< Parallel Direct Factorization with number of processors: > 20
< Numerical Factorization with BLAS3 and O(n) synchronization >

< Linear system Ax = b >
             number of equations:           71505
             number of non-zeros in A:      2682895
             number of non-zeros in A (%): 0.052472

             number of right-hand sides:    1

< Factors L and U >
             number of columns for each panel: 72
             number of independent subgraphs:  0
< Preprocessing with state of the art partitioning metis>
             number of supernodes:                    9635
             size of largest supernode:               1524
             number of non-zeros in L:                22083232
             number of non-zeros in U:                19928885
             number of non-zeros in L+U:              42012117
             gflop   for the numerical factorization: 22.981244

             gflop/s for the numerical factorization: 118.246106


Solve completed ...

Memory deallocated...
