
===================================
mtx file = ../matrices/GaAsH6.mtx

Done with reading mtx file.
m = 61349, n = 61349, nz = 1721579

Number of threads = 20

=== PARDISO: solving a real nonsymmetric system ===
The local (internal) PARDISO version is                          : 103911000
1-based array indexing is turned ON
PARDISO double precision computation is turned ON
METIS algorithm at reorder step is turned ON
Scaling is turned ON
Matching is turned ON


Summary: ( reordering phase )
================

Times:
======
Time spent in calculations of symmetric matrix portrait (fulladj): 0.019908 s
Time spent in reordering of the initial matrix (reorder)         : 0.662259 s
Time spent in symbolic factorization (symbfct)                   : 0.441687 s
Time spent in data preparations for factorization (parlist)      : 0.043207 s
Time spent in allocation of internal data structures (malloc)    : 0.123021 s
Time spent in additional calculations                            : 0.270727 s
Total time spent                                                 : 1.560809 s

Statistics:
===========
< Parallel Direct Factorization with number of processors: > 20
< Numerical Factorization with BLAS3 and O(n) synchronization >

< Linear system Ax = b >
             number of equations:           61349
             number of non-zeros in A:      1721579
             number of non-zeros in A (%): 0.045742

             number of right-hand sides:    1

< Factors L and U >
             number of columns for each panel: 72
             number of independent subgraphs:  0
< Preprocessing with state of the art partitioning metis>
             number of supernodes:                    22587
             size of largest supernode:               7320
             number of non-zeros in L:                214533178
             number of non-zeros in U:                212680091
             number of non-zeros in L+U:              427213269

Reordering completed ... 
Number of nonzeros in factors  = 0
Number of factorization MFLOPS = 2560299=== PARDISO is running in In-Core mode, because iparam(60)=0 ===
Percentage of computed non-zeros for LL^T factorization
 0 %  1 %  2 %  3 %  4 %  5 %  6 %  7 %  8 %  9 %  10 %  11 %  12 %  13 %  14 %  15 %  16 %  17 %  18 %  19 %  20 %  21 %  22 %  23 %  25 %  27 %  28 %  30 %  32 %  33 %  35 %  37 %  39 %  41 %  43 %  44 %  47 %  49 %  50 %  53 %  57 %  60 %  65 %  70 %  74 %  80 %  85 %  89 %  93 %  96 %  98 %  99 %  100 % 

=== PARDISO: solving a real nonsymmetric system ===
Single-level factorization algorithm is turned ON


Summary: ( factorization phase )
================

Times:
======
Time spent in copying matrix to internal data structure (A to LU): 0.000000 s
Time spent in factorization step (numfct)                        : 65.206467 s
Time spent in allocation of internal data structures (malloc)    : 0.000099 s
Time spent in additional calculations                            : 0.000010 s
Total time spent                                                 : 65.206576 s

Statistics:
===========
< Parallel Direct Factorization with number of processors: > 20
< Numerical Factorization with BLAS3 and O(n) synchronization >

< Linear system Ax = b >
             number of equations:           61349
             number of non-zeros in A:      1721579
             number of non-zeros in A (%): 0.045742

             number of right-hand sides:    1

< Factors L and U >
             number of columns for each panel: 72
             number of independent subgraphs:  0
< Preprocessing with state of the art partitioning metis>
             number of supernodes:                    22587
             size of largest supernode:               7320
             number of non-zeros in L:                214533178
             number of non-zeros in U:                212680091
             number of non-zeros in L+U:              427213269
             gflop   for the numerical factorization: 2560.299918

             gflop/s for the numerical factorization: 39.264509


Factorization completed ...
 
=== PARDISO: solving a real nonsymmetric system ===


Summary: ( solution phase )
================

Times:
======
Time spent in direct solver at solve step (solve)                : 0.267452 s
Time spent in additional calculations                            : 0.466845 s
Total time spent                                                 : 0.734297 s

Statistics:
===========
< Parallel Direct Factorization with number of processors: > 20
< Numerical Factorization with BLAS3 and O(n) synchronization >

< Linear system Ax = b >
             number of equations:           61349
             number of non-zeros in A:      1721579
             number of non-zeros in A (%): 0.045742

             number of right-hand sides:    1

< Factors L and U >
             number of columns for each panel: 72
             number of independent subgraphs:  0
< Preprocessing with state of the art partitioning metis>
             number of supernodes:                    22587
             size of largest supernode:               7320
             number of non-zeros in L:                214533178
             number of non-zeros in U:                212680091
             number of non-zeros in L+U:              427213269
             gflop   for the numerical factorization: 2560.299918

             gflop/s for the numerical factorization: 39.264509


Solve completed ...

Memory deallocated...
