
===================================
mtx file = ../matrices/gas_sensor.mtx

Done with reading mtx file.
m = 66917, n = 66917, nz = 885141

Number of threads = 20

=== PARDISO: solving a real nonsymmetric system ===
The local (internal) PARDISO version is                          : 103911000
1-based array indexing is turned ON
PARDISO double precision computation is turned ON
METIS algorithm at reorder step is turned ON
Scaling is turned ON
Matching is turned ON


Summary: ( reordering phase )
================

Times:
======
Time spent in calculations of symmetric matrix portrait (fulladj): 0.009218 s
Time spent in reordering of the initial matrix (reorder)         : 0.472203 s
Time spent in symbolic factorization (symbfct)                   : 0.073426 s
Time spent in data preparations for factorization (parlist)      : 0.004359 s
Time spent in allocation of internal data structures (malloc)    : 0.034187 s
Time spent in additional calculations                            : 0.085562 s
Total time spent                                                 : 0.678955 s

Statistics:
===========
< Parallel Direct Factorization with number of processors: > 20
< Numerical Factorization with BLAS3 and O(n) synchronization >

< Linear system Ax = b >
             number of equations:           66917
             number of non-zeros in A:      885141
             number of non-zeros in A (%): 0.019767

             number of right-hand sides:    1

< Factors L and U >
             number of columns for each panel: 72
             number of independent subgraphs:  0
< Preprocessing with state of the art partitioning metis>
             number of supernodes:                    19778
             size of largest supernode:               1636
             number of non-zeros in L:                23174883
             number of non-zeros in U:                21242070
             number of non-zeros in L+U:              44416953

Reordering completed ... 
Number of nonzeros in factors  = 0
Number of factorization MFLOPS = 35091=== PARDISO is running in In-Core mode, because iparam(60)=0 ===
Percentage of computed non-zeros for LL^T factorization
 0 %  1 %  2 %  3 %  4 %  5 %  6 %  7 %  8 %  9 %  10 %  11 %  12 %  13 %  14 %  15 %  16 %  17 %  18 %  19 %  20 %  21 %  22 %  23 %  25 %  28 %  29 %  31 %  35 %  38 %  41 %  49 %  57 %  60 %  62 %  67 %  73 %  79 %  87 %  93 %  99 %  100 % 

=== PARDISO: solving a real nonsymmetric system ===
Single-level factorization algorithm is turned ON


Summary: ( factorization phase )
================

Times:
======
Time spent in copying matrix to internal data structure (A to LU): 0.000000 s
Time spent in factorization step (numfct)                        : 0.290218 s
Time spent in allocation of internal data structures (malloc)    : 0.000045 s
Time spent in additional calculations                            : 0.000004 s
Total time spent                                                 : 0.290267 s

Statistics:
===========
< Parallel Direct Factorization with number of processors: > 20
< Numerical Factorization with BLAS3 and O(n) synchronization >

< Linear system Ax = b >
             number of equations:           66917
             number of non-zeros in A:      885141
             number of non-zeros in A (%): 0.019767

             number of right-hand sides:    1

< Factors L and U >
             number of columns for each panel: 72
             number of independent subgraphs:  0
< Preprocessing with state of the art partitioning metis>
             number of supernodes:                    19778
             size of largest supernode:               1636
             number of non-zeros in L:                23174883
             number of non-zeros in U:                21242070
             number of non-zeros in L+U:              44416953
             gflop   for the numerical factorization: 35.091240

             gflop/s for the numerical factorization: 120.913434


Factorization completed ...
 
=== PARDISO: solving a real nonsymmetric system ===


Summary: ( solution phase )
================

Times:
======
Time spent in direct solver at solve step (solve)                : 0.019215 s
Time spent in additional calculations                            : 0.039764 s
Total time spent                                                 : 0.058979 s

Statistics:
===========
< Parallel Direct Factorization with number of processors: > 20
< Numerical Factorization with BLAS3 and O(n) synchronization >

< Linear system Ax = b >
             number of equations:           66917
             number of non-zeros in A:      885141
             number of non-zeros in A (%): 0.019767

             number of right-hand sides:    1

< Factors L and U >
             number of columns for each panel: 72
             number of independent subgraphs:  0
< Preprocessing with state of the art partitioning metis>
             number of supernodes:                    19778
             size of largest supernode:               1636
             number of non-zeros in L:                23174883
             number of non-zeros in U:                21242070
             number of non-zeros in L+U:              44416953
             gflop   for the numerical factorization: 35.091240

             gflop/s for the numerical factorization: 120.913434


Solve completed ...

Memory deallocated...
