
===================================
mtx file = ../matrices/gridgena.mtx

Done with reading mtx file.
m = 48962, n = 48962, nz = 280523

Number of threads = 20

=== PARDISO: solving a real nonsymmetric system ===
The local (internal) PARDISO version is                          : 103911000
1-based array indexing is turned ON
PARDISO double precision computation is turned ON
METIS algorithm at reorder step is turned ON
Scaling is turned ON
Matching is turned ON


Summary: ( reordering phase )
================

Times:
======
Time spent in calculations of symmetric matrix portrait (fulladj): 0.003455 s
Time spent in reordering of the initial matrix (reorder)         : 0.179549 s
Time spent in symbolic factorization (symbfct)                   : 0.025531 s
Time spent in data preparations for factorization (parlist)      : 0.002335 s
Time spent in allocation of internal data structures (malloc)    : 0.019851 s
Time spent in additional calculations                            : 0.021887 s
Total time spent                                                 : 0.252608 s

Statistics:
===========
< Parallel Direct Factorization with number of processors: > 20
< Numerical Factorization with BLAS3 and O(n) synchronization >

< Linear system Ax = b >
             number of equations:           48962
             number of non-zeros in A:      280523
             number of non-zeros in A (%): 0.011702

             number of right-hand sides:    1

< Factors L and U >
             number of columns for each panel: 72
             number of independent subgraphs:  0
< Preprocessing with state of the art partitioning metis>
             number of supernodes:                    25552
             size of largest supernode:               302
             number of non-zeros in L:                2929137
             number of non-zeros in U:                2422595
             number of non-zeros in L+U:              5351732

Reordering completed ... 
Number of nonzeros in factors  = 0
Number of factorization MFLOPS = 717=== PARDISO is running in In-Core mode, because iparam(60)=0 ===
Percentage of computed non-zeros for LL^T factorization
 0 %  1 %  2 %  3 %  4 %  5 %  6 %  7 %  8 %  9 %  10 %  11 %  12 %  13 %  14 %  15 %  16 %  17 %  18 %  19 %  20 %  21 %  22 %  23 %  24 %  25 %  26 %  27 %  28 %  29 %  30 %  31 %  32 %  33 %  34 %  35 %  36 %  38 %  40 %  41 %  42 %  43 %  44 %  45 %  47 %  49 %  55 %  57 %  58 %  62 %  70 %  71 %  74 %  90 %  100 % 

=== PARDISO: solving a real nonsymmetric system ===
Single-level factorization algorithm is turned ON


Summary: ( factorization phase )
================

Times:
======
Time spent in copying matrix to internal data structure (A to LU): 0.000000 s
Time spent in factorization step (numfct)                        : 0.049596 s
Time spent in allocation of internal data structures (malloc)    : 0.000050 s
Time spent in additional calculations                            : 0.000004 s
Total time spent                                                 : 0.049650 s

Statistics:
===========
< Parallel Direct Factorization with number of processors: > 20
< Numerical Factorization with BLAS3 and O(n) synchronization >

< Linear system Ax = b >
             number of equations:           48962
             number of non-zeros in A:      280523
             number of non-zeros in A (%): 0.011702

             number of right-hand sides:    1

< Factors L and U >
             number of columns for each panel: 72
             number of independent subgraphs:  0
< Preprocessing with state of the art partitioning metis>
             number of supernodes:                    25552
             size of largest supernode:               302
             number of non-zeros in L:                2929137
             number of non-zeros in U:                2422595
             number of non-zeros in L+U:              5351732
             gflop   for the numerical factorization: 0.717103

             gflop/s for the numerical factorization: 14.458936


Factorization completed ...
 
=== PARDISO: solving a real nonsymmetric system ===


Summary: ( solution phase )
================

Times:
======
Time spent in direct solver at solve step (solve)                : 0.003552 s
Time spent in additional calculations                            : 0.007189 s
Total time spent                                                 : 0.010741 s

Statistics:
===========
< Parallel Direct Factorization with number of processors: > 20
< Numerical Factorization with BLAS3 and O(n) synchronization >

< Linear system Ax = b >
             number of equations:           48962
             number of non-zeros in A:      280523
             number of non-zeros in A (%): 0.011702

             number of right-hand sides:    1

< Factors L and U >
             number of columns for each panel: 72
             number of independent subgraphs:  0
< Preprocessing with state of the art partitioning metis>
             number of supernodes:                    25552
             size of largest supernode:               302
             number of non-zeros in L:                2929137
             number of non-zeros in U:                2422595
             number of non-zeros in L+U:              5351732
             gflop   for the numerical factorization: 0.717103

             gflop/s for the numerical factorization: 14.458936


Solve completed ...

Memory deallocated...
