
===================================
mtx file = ../matrices/H2O.mtx

Done with reading mtx file.
m = 67024, n = 67024, nz = 1141880

Number of threads = 20

=== PARDISO: solving a real nonsymmetric system ===
The local (internal) PARDISO version is                          : 103911000
1-based array indexing is turned ON
PARDISO double precision computation is turned ON
METIS algorithm at reorder step is turned ON
Scaling is turned ON
Matching is turned ON


Summary: ( reordering phase )
================

Times:
======
Time spent in calculations of symmetric matrix portrait (fulladj): 0.015027 s
Time spent in reordering of the initial matrix (reorder)         : 0.680312 s
Time spent in symbolic factorization (symbfct)                   : 0.431182 s
Time spent in data preparations for factorization (parlist)      : 0.040715 s
Time spent in allocation of internal data structures (malloc)    : 0.106580 s
Time spent in additional calculations                            : 0.206775 s
Total time spent                                                 : 1.480591 s

Statistics:
===========
< Parallel Direct Factorization with number of processors: > 20
< Numerical Factorization with BLAS3 and O(n) synchronization >

< Linear system Ax = b >
             number of equations:           67024
             number of non-zeros in A:      1141880
             number of non-zeros in A (%): 0.025419

             number of right-hand sides:    1

< Factors L and U >
             number of columns for each panel: 72
             number of independent subgraphs:  0
< Preprocessing with state of the art partitioning metis>
             number of supernodes:                    24519
             size of largest supernode:               6437
             number of non-zeros in L:                215671928
             number of non-zeros in U:                213528142
             number of non-zeros in L+U:              429200070

Reordering completed ... 
Number of nonzeros in factors  = 0
Number of factorization MFLOPS = 2377918=== PARDISO is running in In-Core mode, because iparam(60)=0 ===
Percentage of computed non-zeros for LL^T factorization
 0 %  1 %  2 %  3 %  4 %  5 %  6 %  7 %  8 %  9 %  10 %  11 %  12 %  13 %  14 %  15 %  17 %  18 %  19 %  20 %  22 %  25 %  26 %  27 %  28 %  29 %  30 %  31 %  33 %  34 %  36 %  37 %  38 %  42 %  46 %  51 %  55 %  59 %  63 %  67 %  74 %  78 %  82 %  86 %  90 %  93 %  96 %  98 %  99 %  100 % 

=== PARDISO: solving a real nonsymmetric system ===
Single-level factorization algorithm is turned ON


Summary: ( factorization phase )
================

Times:
======
Time spent in copying matrix to internal data structure (A to LU): 0.000000 s
Time spent in factorization step (numfct)                        : 50.224876 s
Time spent in allocation of internal data structures (malloc)    : 0.000051 s
Time spent in additional calculations                            : 0.000004 s
Total time spent                                                 : 50.224931 s

Statistics:
===========
< Parallel Direct Factorization with number of processors: > 20
< Numerical Factorization with BLAS3 and O(n) synchronization >

< Linear system Ax = b >
             number of equations:           67024
             number of non-zeros in A:      1141880
             number of non-zeros in A (%): 0.025419

             number of right-hand sides:    1

< Factors L and U >
             number of columns for each panel: 72
             number of independent subgraphs:  0
< Preprocessing with state of the art partitioning metis>
             number of supernodes:                    24519
             size of largest supernode:               6437
             number of non-zeros in L:                215671928
             number of non-zeros in U:                213528142
             number of non-zeros in L+U:              429200070
             gflop   for the numerical factorization: 2377.918707

             gflop/s for the numerical factorization: 47.345437


Factorization completed ...
 
=== PARDISO: solving a real nonsymmetric system ===


Summary: ( solution phase )
================

Times:
======
Time spent in direct solver at solve step (solve)                : 0.201053 s
Time spent in additional calculations                            : 0.402496 s
Total time spent                                                 : 0.603549 s

Statistics:
===========
< Parallel Direct Factorization with number of processors: > 20
< Numerical Factorization with BLAS3 and O(n) synchronization >

< Linear system Ax = b >
             number of equations:           67024
             number of non-zeros in A:      1141880
             number of non-zeros in A (%): 0.025419

             number of right-hand sides:    1

< Factors L and U >
             number of columns for each panel: 72
             number of independent subgraphs:  0
< Preprocessing with state of the art partitioning metis>
             number of supernodes:                    24519
             size of largest supernode:               6437
             number of non-zeros in L:                215671928
             number of non-zeros in U:                213528142
             number of non-zeros in L+U:              429200070
             gflop   for the numerical factorization: 2377.918707

             gflop/s for the numerical factorization: 47.345437


Solve completed ...

Memory deallocated...
