
===================================
mtx file = ../matrices/jan99jac120.mtx

Done with reading mtx file.
m = 41374, n = 41374, nz = 260202

Number of threads = 20

=== PARDISO: solving a real nonsymmetric system ===
The local (internal) PARDISO version is                          : 103911000
1-based array indexing is turned ON
PARDISO double precision computation is turned ON
METIS algorithm at reorder step is turned ON
Scaling is turned ON
Matching is turned ON


Summary: ( reordering phase )
================

Times:
======
Time spent in calculations of symmetric matrix portrait (fulladj): 0.003419 s
Time spent in reordering of the initial matrix (reorder)         : 0.177955 s
Time spent in symbolic factorization (symbfct)                   : 0.028490 s
Time spent in data preparations for factorization (parlist)      : 0.003796 s
Time spent in allocation of internal data structures (malloc)    : 0.180050 s
Time spent in additional calculations                            : 0.021767 s
Total time spent                                                 : 0.415477 s

Statistics:
===========
< Parallel Direct Factorization with number of processors: > 20
< Numerical Factorization with BLAS3 and O(n) synchronization >

< Linear system Ax = b >
             number of equations:           41374
             number of non-zeros in A:      260202
             number of non-zeros in A (%): 0.015200

             number of right-hand sides:    1

< Factors L and U >
             number of columns for each panel: 72
             number of independent subgraphs:  0
< Preprocessing with state of the art partitioning metis>
             number of supernodes:                    35405
             size of largest supernode:               739
             number of non-zeros in L:                3228201
             number of non-zeros in U:                3005059
             number of non-zeros in L+U:              6233260

Reordering completed ... 
Number of nonzeros in factors  = 0
Number of factorization MFLOPS = 3135=== PARDISO is running in In-Core mode, because iparam(60)=0 ===
Percentage of computed non-zeros for LL^T factorization
 0 %  1 %  2 %  3 %  4 %  5 %  6 %  7 %  8 %  9 %  10 %  11 %  12 %  13 %  14 %  15 %  16 %  17 %  18 %  19 %  20 %  21 %  22 %  23 %  25 %  27 %  28 %  30 %  31 %  33 %  35 %  37 %  39 %  41 %  57 %  64 %  76 %  96 %  100 % 

=== PARDISO: solving a real nonsymmetric system ===
Single-level factorization algorithm is turned ON


Summary: ( factorization phase )
================

Times:
======
Time spent in copying matrix to internal data structure (A to LU): 0.000000 s
Time spent in factorization step (numfct)                        : 0.121412 s
Time spent in allocation of internal data structures (malloc)    : 0.000045 s
Time spent in additional calculations                            : 0.000004 s
Total time spent                                                 : 0.121461 s

Statistics:
===========
< Parallel Direct Factorization with number of processors: > 20
< Numerical Factorization with BLAS3 and O(n) synchronization >

< Linear system Ax = b >
             number of equations:           41374
             number of non-zeros in A:      260202
             number of non-zeros in A (%): 0.015200

             number of right-hand sides:    1

< Factors L and U >
             number of columns for each panel: 72
             number of independent subgraphs:  0
< Preprocessing with state of the art partitioning metis>
             number of supernodes:                    35405
             size of largest supernode:               739
             number of non-zeros in L:                3228201
             number of non-zeros in U:                3005059
             number of non-zeros in L+U:              6233260
             gflop   for the numerical factorization: 3.135277

             gflop/s for the numerical factorization: 25.823495


Factorization completed ...
 
=== PARDISO: solving a real nonsymmetric system ===


Summary: ( solution phase )
================

Times:
======
Time spent in direct solver at solve step (solve)                : 0.004636 s
Time spent in additional calculations                            : 0.009510 s
Total time spent                                                 : 0.014146 s

Statistics:
===========
< Parallel Direct Factorization with number of processors: > 20
< Numerical Factorization with BLAS3 and O(n) synchronization >

< Linear system Ax = b >
             number of equations:           41374
             number of non-zeros in A:      260202
             number of non-zeros in A (%): 0.015200

             number of right-hand sides:    1

< Factors L and U >
             number of columns for each panel: 72
             number of independent subgraphs:  0
< Preprocessing with state of the art partitioning metis>
             number of supernodes:                    35405
             size of largest supernode:               739
             number of non-zeros in L:                3228201
             number of non-zeros in U:                3005059
             number of non-zeros in L+U:              6233260
             gflop   for the numerical factorization: 3.135277

             gflop/s for the numerical factorization: 25.823495


Solve completed ...

Memory deallocated...
