
===================================
mtx file = ../matrices/k1_san.mtx

Done with reading mtx file.
m = 67759, n = 67759, nz = 303364

Number of threads = 20

=== PARDISO: solving a real nonsymmetric system ===
The local (internal) PARDISO version is                          : 103911000
1-based array indexing is turned ON
PARDISO double precision computation is turned ON
METIS algorithm at reorder step is turned ON
Scaling is turned ON
Matching is turned ON


Summary: ( reordering phase )
================

Times:
======
Time spent in calculations of symmetric matrix portrait (fulladj): 0.004398 s
Time spent in reordering of the initial matrix (reorder)         : 0.302849 s
Time spent in symbolic factorization (symbfct)                   : 0.028832 s
Time spent in data preparations for factorization (parlist)      : 0.002586 s
Time spent in allocation of internal data structures (malloc)    : 10.652772 s
Time spent in additional calculations                            : 0.023035 s
Total time spent                                                 : 11.014472 s

Statistics:
===========
< Parallel Direct Factorization with number of processors: > 20
< Numerical Factorization with BLAS3 and O(n) synchronization >

< Linear system Ax = b >
             number of equations:           67759
             number of non-zeros in A:      303364
             number of non-zeros in A (%): 0.006607

             number of right-hand sides:    1

< Factors L and U >
             number of columns for each panel: 72
             number of independent subgraphs:  0
< Preprocessing with state of the art partitioning metis>
             number of supernodes:                    41596
             size of largest supernode:               395
             number of non-zeros in L:                2829022
             number of non-zeros in U:                2330071
             number of non-zeros in L+U:              5159093

Reordering completed ... 
Number of nonzeros in factors  = 0
Number of factorization MFLOPS = 763=== PARDISO is running in In-Core mode, because iparam(60)=0 ===
Percentage of computed non-zeros for LL^T factorization
 0 %  1 %  2 %  3 %  4 %  5 %  6 %  7 %  8 %  9 %  10 %  11 %  12 %  13 %  14 %  15 %  16 %  17 %  18 %  19 %  20 %  21 %  22 %  23 %  24 %  25 %  26 %  27 %  28 %  29 %  30 %  31 %  32 %  33 %  34 %  35 %  36 %  37 %  38 %  39 %  40 %  41 %  43 %  44 %  45 %  47 %  48 %  50 %  51 %  53 %  56 %  59 %  65 %  66 %  69 %  71 %  75 %  83 %  96 %  100 % 

=== PARDISO: solving a real nonsymmetric system ===
Single-level factorization algorithm is turned ON


Summary: ( factorization phase )
================

Times:
======
Time spent in copying matrix to internal data structure (A to LU): 0.000000 s
Time spent in factorization step (numfct)                        : 0.061058 s
Time spent in allocation of internal data structures (malloc)    : 0.000055 s
Time spent in additional calculations                            : 0.000003 s
Total time spent                                                 : 0.061116 s

Statistics:
===========
< Parallel Direct Factorization with number of processors: > 20
< Numerical Factorization with BLAS3 and O(n) synchronization >

< Linear system Ax = b >
             number of equations:           67759
             number of non-zeros in A:      303364
             number of non-zeros in A (%): 0.006607

             number of right-hand sides:    1

< Factors L and U >
             number of columns for each panel: 72
             number of independent subgraphs:  0
< Preprocessing with state of the art partitioning metis>
             number of supernodes:                    41596
             size of largest supernode:               395
             number of non-zeros in L:                2829022
             number of non-zeros in U:                2330071
             number of non-zeros in L+U:              5159093
             gflop   for the numerical factorization: 0.763130

             gflop/s for the numerical factorization: 12.498433


Factorization completed ...
 
=== PARDISO: solving a real nonsymmetric system ===


Summary: ( solution phase )
================

Times:
======
Time spent in direct solver at solve step (solve)                : 0.003295 s
Time spent in additional calculations                            : 0.006672 s
Total time spent                                                 : 0.009967 s

Statistics:
===========
< Parallel Direct Factorization with number of processors: > 20
< Numerical Factorization with BLAS3 and O(n) synchronization >

< Linear system Ax = b >
             number of equations:           67759
             number of non-zeros in A:      303364
             number of non-zeros in A (%): 0.006607

             number of right-hand sides:    1

< Factors L and U >
             number of columns for each panel: 72
             number of independent subgraphs:  0
< Preprocessing with state of the art partitioning metis>
             number of supernodes:                    41596
             size of largest supernode:               395
             number of non-zeros in L:                2829022
             number of non-zeros in U:                2330071
             number of non-zeros in L+U:              5159093
             gflop   for the numerical factorization: 0.763130

             gflop/s for the numerical factorization: 12.498433


Solve completed ...

Memory deallocated...
