
===================================
mtx file = ../matrices/laminar_duct3D.mtx

Done with reading mtx file.
m = 67173, n = 67173, nz = 3833077

Number of threads = 20

=== PARDISO: solving a real nonsymmetric system ===
The local (internal) PARDISO version is                          : 103911000
1-based array indexing is turned ON
PARDISO double precision computation is turned ON
METIS algorithm at reorder step is turned ON
Scaling is turned ON
Matching is turned ON


Summary: ( reordering phase )
================

Times:
======
Time spent in calculations of symmetric matrix portrait (fulladj): 0.057365 s
Time spent in reordering of the initial matrix (reorder)         : 0.896966 s
Time spent in symbolic factorization (symbfct)                   : 0.137250 s
Time spent in data preparations for factorization (parlist)      : 0.005842 s
Time spent in allocation of internal data structures (malloc)    : 5.380755 s
Time spent in additional calculations                            : 0.293151 s
Total time spent                                                 : 6.771329 s

Statistics:
===========
< Parallel Direct Factorization with number of processors: > 20
< Numerical Factorization with BLAS3 and O(n) synchronization >

< Linear system Ax = b >
             number of equations:           67173
             number of non-zeros in A:      3833077
             number of non-zeros in A (%): 0.084949

             number of right-hand sides:    1

< Factors L and U >
             number of columns for each panel: 72
             number of independent subgraphs:  0
< Preprocessing with state of the art partitioning metis>
             number of supernodes:                    19292
             size of largest supernode:               2400
             number of non-zeros in L:                45698275
             number of non-zeros in U:                43211768
             number of non-zeros in L+U:              88910043

Reordering completed ... 
Number of nonzeros in factors  = 0
Number of factorization MFLOPS = 115849=== PARDISO is running in In-Core mode, because iparam(60)=0 ===
Percentage of computed non-zeros for LL^T factorization
 0 %  1 %  2 %  3 %  4 %  5 %  6 %  7 %  9 %  10 %  11 %  12 %  14 %  15 %  16 %  17 %  19 %  21 %  26 %  28 %  29 %  30 %  32 %  36 %  39 %  41 %  47 %  54 %  60 %  66 %  68 %  75 %  83 %  89 %  96 %  99 %  100 % 

=== PARDISO: solving a real nonsymmetric system ===
Single-level factorization algorithm is turned ON


Summary: ( factorization phase )
================

Times:
======
Time spent in copying matrix to internal data structure (A to LU): 0.000000 s
Time spent in factorization step (numfct)                        : 0.885433 s
Time spent in allocation of internal data structures (malloc)    : 0.000041 s
Time spent in additional calculations                            : 0.000005 s
Total time spent                                                 : 0.885479 s

Statistics:
===========
< Parallel Direct Factorization with number of processors: > 20
< Numerical Factorization with BLAS3 and O(n) synchronization >

< Linear system Ax = b >
             number of equations:           67173
             number of non-zeros in A:      3833077
             number of non-zeros in A (%): 0.084949

             number of right-hand sides:    1

< Factors L and U >
             number of columns for each panel: 72
             number of independent subgraphs:  0
< Preprocessing with state of the art partitioning metis>
             number of supernodes:                    19292
             size of largest supernode:               2400
             number of non-zeros in L:                45698275
             number of non-zeros in U:                43211768
             number of non-zeros in L+U:              88910043
             gflop   for the numerical factorization: 115.849086

             gflop/s for the numerical factorization: 130.838913


Factorization completed ...
 
=== PARDISO: solving a real nonsymmetric system ===


Summary: ( solution phase )
================

Times:
======
Time spent in direct solver at solve step (solve)                : 0.032727 s
Time spent in additional calculations                            : 0.069691 s
Total time spent                                                 : 0.102418 s

Statistics:
===========
< Parallel Direct Factorization with number of processors: > 20
< Numerical Factorization with BLAS3 and O(n) synchronization >

< Linear system Ax = b >
             number of equations:           67173
             number of non-zeros in A:      3833077
             number of non-zeros in A (%): 0.084949

             number of right-hand sides:    1

< Factors L and U >
             number of columns for each panel: 72
             number of independent subgraphs:  0
< Preprocessing with state of the art partitioning metis>
             number of supernodes:                    19292
             size of largest supernode:               2400
             number of non-zeros in L:                45698275
             number of non-zeros in U:                43211768
             number of non-zeros in L+U:              88910043
             gflop   for the numerical factorization: 115.849086

             gflop/s for the numerical factorization: 130.838913


Solve completed ...

Memory deallocated...
