
===================================
mtx file = ../matrices/Lin.mtx

Done with reading mtx file.
m = 256000, n = 256000, nz = 1011200

Number of threads = 20

=== PARDISO: solving a real nonsymmetric system ===
The local (internal) PARDISO version is                          : 103911000
1-based array indexing is turned ON
PARDISO double precision computation is turned ON
METIS algorithm at reorder step is turned ON
Scaling is turned ON
Matching is turned ON


Summary: ( reordering phase )
================

Times:
======
Time spent in calculations of symmetric matrix portrait (fulladj): 0.015418 s
Time spent in reordering of the initial matrix (reorder)         : 1.101555 s
Time spent in symbolic factorization (symbfct)                   : 0.333030 s
Time spent in data preparations for factorization (parlist)      : 0.022961 s
Time spent in allocation of internal data structures (malloc)    : 0.084592 s
Time spent in additional calculations                            : 0.076897 s
Total time spent                                                 : 1.634453 s

Statistics:
===========
< Parallel Direct Factorization with number of processors: > 20
< Numerical Factorization with BLAS3 and O(n) synchronization >

< Linear system Ax = b >
             number of equations:           256000
             number of non-zeros in A:      1011200
             number of non-zeros in A (%): 0.001543

             number of right-hand sides:    1

< Factors L and U >
             number of columns for each panel: 72
             number of independent subgraphs:  0
< Preprocessing with state of the art partitioning metis>
             number of supernodes:                    168582
             size of largest supernode:               3547
             number of non-zeros in L:                103540102
             number of non-zeros in U:                100240846
             number of non-zeros in L+U:              203780948

Reordering completed ... 
Number of nonzeros in factors  = 0
Number of factorization MFLOPS = 519227=== PARDISO is running in In-Core mode, because iparam(60)=0 ===
Percentage of computed non-zeros for LL^T factorization
 0 %  1 %  2 %  3 %  4 %  5 %  6 %  7 %  8 %  9 %  10 %  11 %  12 %  13 %  14 %  15 %  16 %  17 %  18 %  19 %  21 %  22 %  24 %  25 %  26 %  28 %  30 %  31 %  32 %  34 %  35 %  36 %  38 %  40 %  46 %  48 %  53 %  56 %  61 %  65 %  71 %  77 %  82 %  87 %  92 %  97 %  99 %  100 % 

=== PARDISO: solving a real nonsymmetric system ===
Single-level factorization algorithm is turned ON


Summary: ( factorization phase )
================

Times:
======
Time spent in copying matrix to internal data structure (A to LU): 0.000000 s
Time spent in factorization step (numfct)                        : 5.282749 s
Time spent in allocation of internal data structures (malloc)    : 0.000163 s
Time spent in additional calculations                            : 0.000004 s
Total time spent                                                 : 5.282916 s

Statistics:
===========
< Parallel Direct Factorization with number of processors: > 20
< Numerical Factorization with BLAS3 and O(n) synchronization >

< Linear system Ax = b >
             number of equations:           256000
             number of non-zeros in A:      1011200
             number of non-zeros in A (%): 0.001543

             number of right-hand sides:    1

< Factors L and U >
             number of columns for each panel: 72
             number of independent subgraphs:  0
< Preprocessing with state of the art partitioning metis>
             number of supernodes:                    168582
             size of largest supernode:               3547
             number of non-zeros in L:                103540102
             number of non-zeros in U:                100240846
             number of non-zeros in L+U:              203780948
             gflop   for the numerical factorization: 519.227043

             gflop/s for the numerical factorization: 98.287284


Factorization completed ...
 
=== PARDISO: solving a real nonsymmetric system ===


Summary: ( solution phase )
================

Times:
======
Time spent in direct solver at solve step (solve)                : 0.080300 s
Time spent in additional calculations                            : 0.164560 s
Total time spent                                                 : 0.244860 s

Statistics:
===========
< Parallel Direct Factorization with number of processors: > 20
< Numerical Factorization with BLAS3 and O(n) synchronization >

< Linear system Ax = b >
             number of equations:           256000
             number of non-zeros in A:      1011200
             number of non-zeros in A (%): 0.001543

             number of right-hand sides:    1

< Factors L and U >
             number of columns for each panel: 72
             number of independent subgraphs:  0
< Preprocessing with state of the art partitioning metis>
             number of supernodes:                    168582
             size of largest supernode:               3547
             number of non-zeros in L:                103540102
             number of non-zeros in U:                100240846
             number of non-zeros in L+U:              203780948
             gflop   for the numerical factorization: 519.227043

             gflop/s for the numerical factorization: 98.287284


Solve completed ...

Memory deallocated...
