
===================================
mtx file = ../matrices/mark3jac140.mtx

Done with reading mtx file.
m = 64089, n = 64089, nz = 399735

Number of threads = 20

=== PARDISO: solving a real nonsymmetric system ===
The local (internal) PARDISO version is                          : 103911000
1-based array indexing is turned ON
PARDISO double precision computation is turned ON
METIS algorithm at reorder step is turned ON
Scaling is turned ON
Matching is turned ON


Summary: ( reordering phase )
================

Times:
======
Time spent in calculations of symmetric matrix portrait (fulladj): 0.005177 s
Time spent in reordering of the initial matrix (reorder)         : 0.368766 s
Time spent in symbolic factorization (symbfct)                   : 0.050608 s
Time spent in data preparations for factorization (parlist)      : 0.006041 s
Time spent in allocation of internal data structures (malloc)    : 0.340822 s
Time spent in additional calculations                            : 0.039904 s
Total time spent                                                 : 0.811318 s

Statistics:
===========
< Parallel Direct Factorization with number of processors: > 20
< Numerical Factorization with BLAS3 and O(n) synchronization >

< Linear system Ax = b >
             number of equations:           64089
             number of non-zeros in A:      399735
             number of non-zeros in A (%): 0.009732

             number of right-hand sides:    1

< Factors L and U >
             number of columns for each panel: 72
             number of independent subgraphs:  0
< Preprocessing with state of the art partitioning metis>
             number of supernodes:                    44724
             size of largest supernode:               833
             number of non-zeros in L:                9460545
             number of non-zeros in U:                8722256
             number of non-zeros in L+U:              18182801

Reordering completed ... 
Number of nonzeros in factors  = 0
Number of factorization MFLOPS = 8882=== PARDISO is running in In-Core mode, because iparam(60)=0 ===
Percentage of computed non-zeros for LL^T factorization
 0 %  1 %  2 %  3 %  4 %  5 %  6 %  7 %  8 %  9 %  10 %  11 %  12 %  13 %  14 %  15 %  16 %  17 %  18 %  19 %  20 %  21 %  22 %  23 %  24 %  25 %  30 %  31 %  33 %  34 %  35 %  36 %  41 %  43 %  45 %  46 %  56 %  68 %  78 %  84 %  93 %  99 %  100 % 

=== PARDISO: solving a real nonsymmetric system ===
Single-level factorization algorithm is turned ON


Summary: ( factorization phase )
================

Times:
======
Time spent in copying matrix to internal data structure (A to LU): 0.000000 s
Time spent in factorization step (numfct)                        : 0.159195 s
Time spent in allocation of internal data structures (malloc)    : 0.000040 s
Time spent in additional calculations                            : 0.000004 s
Total time spent                                                 : 0.159239 s

Statistics:
===========
< Parallel Direct Factorization with number of processors: > 20
< Numerical Factorization with BLAS3 and O(n) synchronization >

< Linear system Ax = b >
             number of equations:           64089
             number of non-zeros in A:      399735
             number of non-zeros in A (%): 0.009732

             number of right-hand sides:    1

< Factors L and U >
             number of columns for each panel: 72
             number of independent subgraphs:  0
< Preprocessing with state of the art partitioning metis>
             number of supernodes:                    44724
             size of largest supernode:               833
             number of non-zeros in L:                9460545
             number of non-zeros in U:                8722256
             number of non-zeros in L+U:              18182801
             gflop   for the numerical factorization: 8.882487

             gflop/s for the numerical factorization: 55.796288


Factorization completed ...
 
=== PARDISO: solving a real nonsymmetric system ===


Summary: ( solution phase )
================

Times:
======
Time spent in direct solver at solve step (solve)                : 0.008078 s
Time spent in additional calculations                            : 0.016585 s
Total time spent                                                 : 0.024663 s

Statistics:
===========
< Parallel Direct Factorization with number of processors: > 20
< Numerical Factorization with BLAS3 and O(n) synchronization >

< Linear system Ax = b >
             number of equations:           64089
             number of non-zeros in A:      399735
             number of non-zeros in A (%): 0.009732

             number of right-hand sides:    1

< Factors L and U >
             number of columns for each panel: 72
             number of independent subgraphs:  0
< Preprocessing with state of the art partitioning metis>
             number of supernodes:                    44724
             size of largest supernode:               833
             number of non-zeros in L:                9460545
             number of non-zeros in U:                8722256
             number of non-zeros in L+U:              18182801
             gflop   for the numerical factorization: 8.882487

             gflop/s for the numerical factorization: 55.796288


Solve completed ...

Memory deallocated...
