
===================================
mtx file = ../matrices/matrix_9.mtx

Done with reading mtx file.
m = 103430, n = 103430, nz = 2121550

Number of threads = 20

=== PARDISO: solving a real nonsymmetric system ===
The local (internal) PARDISO version is                          : 103911000
1-based array indexing is turned ON
PARDISO double precision computation is turned ON
METIS algorithm at reorder step is turned ON
Scaling is turned ON
Matching is turned ON


Summary: ( reordering phase )
================

Times:
======
Time spent in calculations of symmetric matrix portrait (fulladj): 0.023601 s
Time spent in reordering of the initial matrix (reorder)         : 0.212837 s
Time spent in symbolic factorization (symbfct)                   : 0.212980 s
Time spent in data preparations for factorization (parlist)      : 0.004250 s
Time spent in allocation of internal data structures (malloc)    : 0.078896 s
Time spent in additional calculations                            : 0.077336 s
Total time spent                                                 : 0.609900 s

Statistics:
===========
< Parallel Direct Factorization with number of processors: > 20
< Numerical Factorization with BLAS3 and O(n) synchronization >

< Linear system Ax = b >
             number of equations:           103430
             number of non-zeros in A:      2121550
             number of non-zeros in A (%): 0.019832

             number of right-hand sides:    1

< Factors L and U >
             number of columns for each panel: 72
             number of independent subgraphs:  0
< Preprocessing with state of the art partitioning metis>
             number of supernodes:                    23001
             size of largest supernode:               2079
             number of non-zeros in L:                50097371
             number of non-zeros in U:                48065283
             number of non-zeros in L+U:              98162654

Reordering completed ... 
Number of nonzeros in factors  = 0
Number of factorization MFLOPS = 192455=== PARDISO is running in In-Core mode, because iparam(60)=0 ===
Percentage of computed non-zeros for LL^T factorization
 0 %  1 %  2 %  3 %  4 %  5 %  6 %  7 %  8 %  9 %  10 %  11 %  12 %  14 %  15 %  18 %  19 %  21 %  22 %  23 %  24 %  31 %  34 %  38 %  41 %  50 %  57 %  66 %  72 %  81 %  90 %  97 %  99 %  100 % 

=== PARDISO: solving a real nonsymmetric system ===
Single-level factorization algorithm is turned ON


Summary: ( factorization phase )
================

Times:
======
Time spent in copying matrix to internal data structure (A to LU): 0.000000 s
Time spent in factorization step (numfct)                        : 1.475781 s
Time spent in allocation of internal data structures (malloc)    : 0.000406 s
Time spent in additional calculations                            : 0.000004 s
Total time spent                                                 : 1.476191 s

Statistics:
===========
< Parallel Direct Factorization with number of processors: > 20
< Numerical Factorization with BLAS3 and O(n) synchronization >

< Linear system Ax = b >
             number of equations:           103430
             number of non-zeros in A:      2121550
             number of non-zeros in A (%): 0.019832

             number of right-hand sides:    1

< Factors L and U >
             number of columns for each panel: 72
             number of independent subgraphs:  0
< Preprocessing with state of the art partitioning metis>
             number of supernodes:                    23001
             size of largest supernode:               2079
             number of non-zeros in L:                50097371
             number of non-zeros in U:                48065283
             number of non-zeros in L+U:              98162654
             gflop   for the numerical factorization: 192.455997

             gflop/s for the numerical factorization: 130.409595


Factorization completed ...
 
=== PARDISO: solving a real nonsymmetric system ===


Summary: ( solution phase )
================

Times:
======
Time spent in direct solver at solve step (solve)                : 0.042644 s
Time spent in additional calculations                            : 0.088187 s
Total time spent                                                 : 0.130831 s

Statistics:
===========
< Parallel Direct Factorization with number of processors: > 20
< Numerical Factorization with BLAS3 and O(n) synchronization >

< Linear system Ax = b >
             number of equations:           103430
             number of non-zeros in A:      2121550
             number of non-zeros in A (%): 0.019832

             number of right-hand sides:    1

< Factors L and U >
             number of columns for each panel: 72
             number of independent subgraphs:  0
< Preprocessing with state of the art partitioning metis>
             number of supernodes:                    23001
             size of largest supernode:               2079
             number of non-zeros in L:                50097371
             number of non-zeros in U:                48065283
             number of non-zeros in L+U:              98162654
             gflop   for the numerical factorization: 192.455997

             gflop/s for the numerical factorization: 130.409595


Solve completed ...

Memory deallocated...
