
===================================
mtx file = ../matrices/minsurfo.mtx

Done with reading mtx file.
m = 40806, n = 40806, nz = 122214

Number of threads = 20

=== PARDISO: solving a real nonsymmetric system ===
The local (internal) PARDISO version is                          : 103911000
1-based array indexing is turned ON
PARDISO double precision computation is turned ON
METIS algorithm at reorder step is turned ON
Scaling is turned ON
Matching is turned ON


Summary: ( reordering phase )
================

Times:
======
Time spent in calculations of symmetric matrix portrait (fulladj): 0.001921 s
Time spent in reordering of the initial matrix (reorder)         : 0.093246 s
Time spent in symbolic factorization (symbfct)                   : 0.015615 s
Time spent in data preparations for factorization (parlist)      : 0.001489 s
Time spent in allocation of internal data structures (malloc)    : 0.017183 s
Time spent in additional calculations                            : 0.006620 s
Total time spent                                                 : 0.136074 s

Statistics:
===========
< Parallel Direct Factorization with number of processors: > 20
< Numerical Factorization with BLAS3 and O(n) synchronization >

< Linear system Ax = b >
             number of equations:           40806
             number of non-zeros in A:      122214
             number of non-zeros in A (%): 0.007340

             number of right-hand sides:    1

< Factors L and U >
             number of columns for each panel: 72
             number of independent subgraphs:  0
< Preprocessing with state of the art partitioning metis>
             number of supernodes:                    31441
             size of largest supernode:               240
             number of non-zeros in L:                1068891
             number of non-zeros in U:                880191
             number of non-zeros in L+U:              1949082

Reordering completed ... 
Number of nonzeros in factors  = 0
Number of factorization MFLOPS = 191=== PARDISO is running in In-Core mode, because iparam(60)=0 ===
Percentage of computed non-zeros for LL^T factorization
 0 %  1 %  2 %  3 %  4 %  5 %  6 %  7 %  8 %  9 %  10 %  11 %  12 %  13 %  14 %  15 %  16 %  17 %  18 %  19 %  20 %  21 %  22 %  23 %  24 %  25 %  26 %  27 %  28 %  29 %  30 %  31 %  32 %  33 %  34 %  35 %  36 %  37 %  38 %  39 %  41 %  42 %  43 %  44 %  45 %  46 %  47 %  48 %  49 %  50 %  52 %  54 %  58 %  60 %  65 %  80 %  100 % 

=== PARDISO: solving a real nonsymmetric system ===
Single-level factorization algorithm is turned ON


Summary: ( factorization phase )
================

Times:
======
Time spent in copying matrix to internal data structure (A to LU): 0.000000 s
Time spent in factorization step (numfct)                        : 0.040969 s
Time spent in allocation of internal data structures (malloc)    : 0.000053 s
Time spent in additional calculations                            : 0.000003 s
Total time spent                                                 : 0.041025 s

Statistics:
===========
< Parallel Direct Factorization with number of processors: > 20
< Numerical Factorization with BLAS3 and O(n) synchronization >

< Linear system Ax = b >
             number of equations:           40806
             number of non-zeros in A:      122214
             number of non-zeros in A (%): 0.007340

             number of right-hand sides:    1

< Factors L and U >
             number of columns for each panel: 72
             number of independent subgraphs:  0
< Preprocessing with state of the art partitioning metis>
             number of supernodes:                    31441
             size of largest supernode:               240
             number of non-zeros in L:                1068891
             number of non-zeros in U:                880191
             number of non-zeros in L+U:              1949082
             gflop   for the numerical factorization: 0.191194

             gflop/s for the numerical factorization: 4.666772


Factorization completed ...
 
=== PARDISO: solving a real nonsymmetric system ===


Summary: ( solution phase )
================

Times:
======
Time spent in direct solver at solve step (solve)                : 0.002015 s
Time spent in additional calculations                            : 0.003462 s
Total time spent                                                 : 0.005477 s

Statistics:
===========
< Parallel Direct Factorization with number of processors: > 20
< Numerical Factorization with BLAS3 and O(n) synchronization >

< Linear system Ax = b >
             number of equations:           40806
             number of non-zeros in A:      122214
             number of non-zeros in A (%): 0.007340

             number of right-hand sides:    1

< Factors L and U >
             number of columns for each panel: 72
             number of independent subgraphs:  0
< Preprocessing with state of the art partitioning metis>
             number of supernodes:                    31441
             size of largest supernode:               240
             number of non-zeros in L:                1068891
             number of non-zeros in U:                880191
             number of non-zeros in L+U:              1949082
             gflop   for the numerical factorization: 0.191194

             gflop/s for the numerical factorization: 4.666772


Solve completed ...

Memory deallocated...
