
===================================
mtx file = ../matrices/ncvxbqp1.mtx

Done with reading mtx file.
m = 50000, n = 50000, nz = 199984

Number of threads = 20

=== PARDISO: solving a real nonsymmetric system ===
The local (internal) PARDISO version is                          : 103911000
1-based array indexing is turned ON
PARDISO double precision computation is turned ON
METIS algorithm at reorder step is turned ON
Scaling is turned ON
Matching is turned ON


Summary: ( reordering phase )
================

Times:
======
Time spent in calculations of symmetric matrix portrait (fulladj): 0.003153 s
Time spent in reordering of the initial matrix (reorder)         : 0.161068 s
Time spent in symbolic factorization (symbfct)                   : 0.025495 s
Time spent in data preparations for factorization (parlist)      : 0.002416 s
Time spent in allocation of internal data structures (malloc)    : 0.018264 s
Time spent in additional calculations                            : 0.017675 s
Total time spent                                                 : 0.228071 s

Statistics:
===========
< Parallel Direct Factorization with number of processors: > 20
< Numerical Factorization with BLAS3 and O(n) synchronization >

< Linear system Ax = b >
             number of equations:           50000
             number of non-zeros in A:      199984
             number of non-zeros in A (%): 0.007999

             number of right-hand sides:    1

< Factors L and U >
             number of columns for each panel: 72
             number of independent subgraphs:  0
< Preprocessing with state of the art partitioning metis>
             number of supernodes:                    35234
             size of largest supernode:               462
             number of non-zeros in L:                2210440
             number of non-zeros in U:                1886666
             number of non-zeros in L+U:              4097106

Reordering completed ... 
Number of nonzeros in factors  = 0
Number of factorization MFLOPS = 983=== PARDISO is running in In-Core mode, because iparam(60)=0 ===
Percentage of computed non-zeros for LL^T factorization
 0 %  1 %  2 %  3 %  4 %  5 %  6 %  7 %  8 %  9 %  10 %  11 %  12 %  13 %  14 %  15 %  16 %  17 %  18 %  19 %  20 %  21 %  22 %  23 %  24 %  25 %  26 %  27 %  28 %  29 %  30 %  31 %  32 %  33 %  34 %  35 %  36 %  37 %  38 %  39 %  40 %  42 %  43 %  46 %  50 %  51 %  53 %  57 %  69 %  92 %  100 % 

=== PARDISO: solving a real nonsymmetric system ===
Single-level factorization algorithm is turned ON


Summary: ( factorization phase )
================

Times:
======
Time spent in copying matrix to internal data structure (A to LU): 0.000000 s
Time spent in factorization step (numfct)                        : 0.062547 s
Time spent in allocation of internal data structures (malloc)    : 0.000048 s
Time spent in additional calculations                            : 0.000003 s
Total time spent                                                 : 0.062598 s

Statistics:
===========
< Parallel Direct Factorization with number of processors: > 20
< Numerical Factorization with BLAS3 and O(n) synchronization >

< Linear system Ax = b >
             number of equations:           50000
             number of non-zeros in A:      199984
             number of non-zeros in A (%): 0.007999

             number of right-hand sides:    1

< Factors L and U >
             number of columns for each panel: 72
             number of independent subgraphs:  0
< Preprocessing with state of the art partitioning metis>
             number of supernodes:                    35234
             size of largest supernode:               462
             number of non-zeros in L:                2210440
             number of non-zeros in U:                1886666
             number of non-zeros in L+U:              4097106
             gflop   for the numerical factorization: 0.983646

             gflop/s for the numerical factorization: 15.726524


Factorization completed ...
 
=== PARDISO: solving a real nonsymmetric system ===


Summary: ( solution phase )
================

Times:
======
Time spent in direct solver at solve step (solve)                : 0.003854 s
Time spent in additional calculations                            : 0.007625 s
Total time spent                                                 : 0.011479 s

Statistics:
===========
< Parallel Direct Factorization with number of processors: > 20
< Numerical Factorization with BLAS3 and O(n) synchronization >

< Linear system Ax = b >
             number of equations:           50000
             number of non-zeros in A:      199984
             number of non-zeros in A (%): 0.007999

             number of right-hand sides:    1

< Factors L and U >
             number of columns for each panel: 72
             number of independent subgraphs:  0
< Preprocessing with state of the art partitioning metis>
             number of supernodes:                    35234
             size of largest supernode:               462
             number of non-zeros in L:                2210440
             number of non-zeros in U:                1886666
             number of non-zeros in L+U:              4097106
             gflop   for the numerical factorization: 0.983646

             gflop/s for the numerical factorization: 15.726524


Solve completed ...

Memory deallocated...
