
===================================
mtx file = ../matrices/oilpan.mtx

Done with reading mtx file.
m = 73752, n = 73752, nz = 1835470

Number of threads = 20

=== PARDISO: solving a real nonsymmetric system ===
The local (internal) PARDISO version is                          : 103911000
1-based array indexing is turned ON
PARDISO double precision computation is turned ON
METIS algorithm at reorder step is turned ON
Scaling is turned ON
Matching is turned ON


Summary: ( reordering phase )
================

Times:
======
Time spent in calculations of symmetric matrix portrait (fulladj): 0.017782 s
Time spent in reordering of the initial matrix (reorder)         : 0.053567 s
Time spent in symbolic factorization (symbfct)                   : 0.054114 s
Time spent in data preparations for factorization (parlist)      : 0.001011 s
Time spent in allocation of internal data structures (malloc)    : 0.051999 s
Time spent in additional calculations                            : 0.100959 s
Total time spent                                                 : 0.279432 s

Statistics:
===========
< Parallel Direct Factorization with number of processors: > 20
< Numerical Factorization with BLAS3 and O(n) synchronization >

< Linear system Ax = b >
             number of equations:           73752
             number of non-zeros in A:      1835470
             number of non-zeros in A (%): 0.033744

             number of right-hand sides:    1

< Factors L and U >
             number of columns for each panel: 72
             number of independent subgraphs:  0
< Preprocessing with state of the art partitioning metis>
             number of supernodes:                    8274
             size of largest supernode:               651
             number of non-zeros in L:                9826116
             number of non-zeros in U:                8522522
             number of non-zeros in L+U:              18348638

Reordering completed ... 
Number of nonzeros in factors  = 0
Number of factorization MFLOPS = 5604=== PARDISO is running in In-Core mode, because iparam(60)=0 ===
Percentage of computed non-zeros for LL^T factorization
 0 %  1 %  2 %  3 %  4 %  5 %  6 %  7 %  8 %  9 %  10 %  11 %  12 %  13 %  14 %  15 %  16 %  17 %  18 %  19 %  20 %  21 %  22 %  23 %  24 %  25 %  26 %  27 %  28 %  29 %  30 %  31 %  32 %  33 %  34 %  35 %  36 %  37 %  38 %  40 %  41 %  46 %  47 %  51 %  52 %  53 %  56 %  57 %  58 %  59 %  61 %  62 %  64 %  71 %  72 %  79 %  86 %  93 %  99 %  100 % 

=== PARDISO: solving a real nonsymmetric system ===
Single-level factorization algorithm is turned ON


Summary: ( factorization phase )
================

Times:
======
Time spent in copying matrix to internal data structure (A to LU): 0.000000 s
Time spent in factorization step (numfct)                        : 0.079779 s
Time spent in allocation of internal data structures (malloc)    : 0.000053 s
Time spent in additional calculations                            : 0.000004 s
Total time spent                                                 : 0.079836 s

Statistics:
===========
< Parallel Direct Factorization with number of processors: > 20
< Numerical Factorization with BLAS3 and O(n) synchronization >

< Linear system Ax = b >
             number of equations:           73752
             number of non-zeros in A:      1835470
             number of non-zeros in A (%): 0.033744

             number of right-hand sides:    1

< Factors L and U >
             number of columns for each panel: 72
             number of independent subgraphs:  0
< Preprocessing with state of the art partitioning metis>
             number of supernodes:                    8274
             size of largest supernode:               651
             number of non-zeros in L:                9826116
             number of non-zeros in U:                8522522
             number of non-zeros in L+U:              18348638
             gflop   for the numerical factorization: 5.604557

             gflop/s for the numerical factorization: 70.251108


Factorization completed ...
 
=== PARDISO: solving a real nonsymmetric system ===


Summary: ( solution phase )
================

Times:
======
Time spent in direct solver at solve step (solve)                : 0.008132 s
Time spent in additional calculations                            : 0.018279 s
Total time spent                                                 : 0.026411 s

Statistics:
===========
< Parallel Direct Factorization with number of processors: > 20
< Numerical Factorization with BLAS3 and O(n) synchronization >

< Linear system Ax = b >
             number of equations:           73752
             number of non-zeros in A:      1835470
             number of non-zeros in A (%): 0.033744

             number of right-hand sides:    1

< Factors L and U >
             number of columns for each panel: 72
             number of independent subgraphs:  0
< Preprocessing with state of the art partitioning metis>
             number of supernodes:                    8274
             size of largest supernode:               651
             number of non-zeros in L:                9826116
             number of non-zeros in U:                8522522
             number of non-zeros in L+U:              18348638
             gflop   for the numerical factorization: 5.604557

             gflop/s for the numerical factorization: 70.251108


Solve completed ...

Memory deallocated...
