
===================================
mtx file = ../matrices/pdb1HYS.mtx

Done with reading mtx file.
m = 36417, n = 36417, nz = 2190591

Number of threads = 20

=== PARDISO: solving a real nonsymmetric system ===
The local (internal) PARDISO version is                          : 103911000
1-based array indexing is turned ON
PARDISO double precision computation is turned ON
METIS algorithm at reorder step is turned ON
Scaling is turned ON
Matching is turned ON


Summary: ( reordering phase )
================

Times:
======
Time spent in calculations of symmetric matrix portrait (fulladj): 0.020462 s
Time spent in reordering of the initial matrix (reorder)         : 0.206699 s
Time spent in symbolic factorization (symbfct)                   : 0.067637 s
Time spent in data preparations for factorization (parlist)      : 0.001983 s
Time spent in allocation of internal data structures (malloc)    : 0.061955 s
Time spent in additional calculations                            : 0.160753 s
Total time spent                                                 : 0.519489 s

Statistics:
===========
< Parallel Direct Factorization with number of processors: > 20
< Numerical Factorization with BLAS3 and O(n) synchronization >

< Linear system Ax = b >
             number of equations:           36417
             number of non-zeros in A:      2190591
             number of non-zeros in A (%): 0.165178

             number of right-hand sides:    1

< Factors L and U >
             number of columns for each panel: 72
             number of independent subgraphs:  0
< Preprocessing with state of the art partitioning metis>
             number of supernodes:                    4428
             size of largest supernode:               1311
             number of non-zeros in L:                18373063
             number of non-zeros in U:                17096738
             number of non-zeros in L+U:              35469801

Reordering completed ... 
Number of nonzeros in factors  = 0
Number of factorization MFLOPS = 26534=== PARDISO is running in In-Core mode, because iparam(60)=0 ===
Percentage of computed non-zeros for LL^T factorization
 0 %  1 %  2 %  3 %  4 %  5 %  6 %  7 %  8 %  9 %  10 %  11 %  12 %  13 %  14 %  15 %  17 %  18 %  19 %  23 %  24 %  25 %  26 %  27 %  28 %  30 %  31 %  32 %  33 %  39 %  43 %  47 %  54 %  61 %  66 %  76 %  80 %  89 %  96 %  100 % 

=== PARDISO: solving a real nonsymmetric system ===
Single-level factorization algorithm is turned ON


Summary: ( factorization phase )
================

Times:
======
Time spent in copying matrix to internal data structure (A to LU): 0.000000 s
Time spent in factorization step (numfct)                        : 0.206515 s
Time spent in allocation of internal data structures (malloc)    : 0.000053 s
Time spent in additional calculations                            : 0.000005 s
Total time spent                                                 : 0.206573 s

Statistics:
===========
< Parallel Direct Factorization with number of processors: > 20
< Numerical Factorization with BLAS3 and O(n) synchronization >

< Linear system Ax = b >
             number of equations:           36417
             number of non-zeros in A:      2190591
             number of non-zeros in A (%): 0.165178

             number of right-hand sides:    1

< Factors L and U >
             number of columns for each panel: 72
             number of independent subgraphs:  0
< Preprocessing with state of the art partitioning metis>
             number of supernodes:                    4428
             size of largest supernode:               1311
             number of non-zeros in L:                18373063
             number of non-zeros in U:                17096738
             number of non-zeros in L+U:              35469801
             gflop   for the numerical factorization: 26.534580

             gflop/s for the numerical factorization: 128.487523


Factorization completed ...
 
=== PARDISO: solving a real nonsymmetric system ===


Summary: ( solution phase )
================

Times:
======
Time spent in direct solver at solve step (solve)                : 0.014604 s
Time spent in additional calculations                            : 0.030092 s
Total time spent                                                 : 0.044696 s

Statistics:
===========
< Parallel Direct Factorization with number of processors: > 20
< Numerical Factorization with BLAS3 and O(n) synchronization >

< Linear system Ax = b >
             number of equations:           36417
             number of non-zeros in A:      2190591
             number of non-zeros in A (%): 0.165178

             number of right-hand sides:    1

< Factors L and U >
             number of columns for each panel: 72
             number of independent subgraphs:  0
< Preprocessing with state of the art partitioning metis>
             number of supernodes:                    4428
             size of largest supernode:               1311
             number of non-zeros in L:                18373063
             number of non-zeros in U:                17096738
             number of non-zeros in L+U:              35469801
             gflop   for the numerical factorization: 26.534580

             gflop/s for the numerical factorization: 128.487523


Solve completed ...

Memory deallocated...
