
===================================
mtx file = ../matrices/shallow_water1.mtx

Done with reading mtx file.
m = 81920, n = 81920, nz = 204800

Number of threads = 20

=== PARDISO: solving a real nonsymmetric system ===
The local (internal) PARDISO version is                          : 103911000
1-based array indexing is turned ON
PARDISO double precision computation is turned ON
METIS algorithm at reorder step is turned ON
Scaling is turned ON
Matching is turned ON


Summary: ( reordering phase )
================

Times:
======
Time spent in calculations of symmetric matrix portrait (fulladj): 0.003901 s
Time spent in reordering of the initial matrix (reorder)         : 0.207508 s
Time spent in symbolic factorization (symbfct)                   : 0.033610 s
Time spent in data preparations for factorization (parlist)      : 0.003022 s
Time spent in allocation of internal data structures (malloc)    : 0.022764 s
Time spent in additional calculations                            : 0.011075 s
Total time spent                                                 : 0.281880 s

Statistics:
===========
< Parallel Direct Factorization with number of processors: > 20
< Numerical Factorization with BLAS3 and O(n) synchronization >

< Linear system Ax = b >
             number of equations:           81920
             number of non-zeros in A:      204800
             number of non-zeros in A (%): 0.003052

             number of right-hand sides:    1

< Factors L and U >
             number of columns for each panel: 72
             number of independent subgraphs:  0
< Preprocessing with state of the art partitioning metis>
             number of supernodes:                    66224
             size of largest supernode:               390
             number of non-zeros in L:                2139697
             number of non-zeros in U:                1790813
             number of non-zeros in L+U:              3930510

Reordering completed ... 
Number of nonzeros in factors  = 0
Number of factorization MFLOPS = 636=== PARDISO is running in In-Core mode, because iparam(60)=0 ===
Percentage of computed non-zeros for LL^T factorization
 0 %  1 %  2 %  3 %  4 %  5 %  6 %  7 %  8 %  9 %  10 %  11 %  12 %  13 %  14 %  15 %  16 %  17 %  18 %  19 %  20 %  21 %  22 %  23 %  24 %  25 %  26 %  27 %  28 %  29 %  30 %  31 %  32 %  33 %  34 %  35 %  36 %  37 %  38 %  39 %  40 %  41 %  42 %  43 %  44 %  45 %  47 %  48 %  49 %  50 %  54 %  57 %  60 %  62 %  73 %  93 %  100 % 

=== PARDISO: solving a real nonsymmetric system ===
Single-level factorization algorithm is turned ON


Summary: ( factorization phase )
================

Times:
======
Time spent in copying matrix to internal data structure (A to LU): 0.000000 s
Time spent in factorization step (numfct)                        : 0.078808 s
Time spent in allocation of internal data structures (malloc)    : 0.000052 s
Time spent in additional calculations                            : 0.000005 s
Total time spent                                                 : 0.078865 s

Statistics:
===========
< Parallel Direct Factorization with number of processors: > 20
< Numerical Factorization with BLAS3 and O(n) synchronization >

< Linear system Ax = b >
             number of equations:           81920
             number of non-zeros in A:      204800
             number of non-zeros in A (%): 0.003052

             number of right-hand sides:    1

< Factors L and U >
             number of columns for each panel: 72
             number of independent subgraphs:  0
< Preprocessing with state of the art partitioning metis>
             number of supernodes:                    66224
             size of largest supernode:               390
             number of non-zeros in L:                2139697
             number of non-zeros in U:                1790813
             number of non-zeros in L+U:              3930510
             gflop   for the numerical factorization: 0.636582

             gflop/s for the numerical factorization: 8.077651


Factorization completed ...
 
=== PARDISO: solving a real nonsymmetric system ===


Summary: ( solution phase )
================

Times:
======
Time spent in direct solver at solve step (solve)                : 0.003583 s
Time spent in additional calculations                            : 0.007193 s
Total time spent                                                 : 0.010776 s

Statistics:
===========
< Parallel Direct Factorization with number of processors: > 20
< Numerical Factorization with BLAS3 and O(n) synchronization >

< Linear system Ax = b >
             number of equations:           81920
             number of non-zeros in A:      204800
             number of non-zeros in A (%): 0.003052

             number of right-hand sides:    1

< Factors L and U >
             number of columns for each panel: 72
             number of independent subgraphs:  0
< Preprocessing with state of the art partitioning metis>
             number of supernodes:                    66224
             size of largest supernode:               390
             number of non-zeros in L:                2139697
             number of non-zeros in U:                1790813
             number of non-zeros in L+U:              3930510
             gflop   for the numerical factorization: 0.636582

             gflop/s for the numerical factorization: 8.077651


Solve completed ...

Memory deallocated...
