
===================================
mtx file = ../matrices/sparsine.mtx

Done with reading mtx file.
m = 50000, n = 50000, nz = 799494

Number of threads = 20

=== PARDISO: solving a real nonsymmetric system ===
The local (internal) PARDISO version is                          : 103911000
1-based array indexing is turned ON
PARDISO double precision computation is turned ON
METIS algorithm at reorder step is turned ON
Scaling is turned ON
Matching is turned ON


Summary: ( reordering phase )
================

Times:
======
Time spent in calculations of symmetric matrix portrait (fulladj): 0.017624 s
Time spent in reordering of the initial matrix (reorder)         : 0.446510 s
Time spent in symbolic factorization (symbfct)                   : 0.448415 s
Time spent in data preparations for factorization (parlist)      : 0.044917 s
Time spent in allocation of internal data structures (malloc)    : 0.112705 s
Time spent in additional calculations                            : 0.230594 s
Total time spent                                                 : 1.300765 s

Statistics:
===========
< Parallel Direct Factorization with number of processors: > 20
< Numerical Factorization with BLAS3 and O(n) synchronization >

< Linear system Ax = b >
             number of equations:           50000
             number of non-zeros in A:      799494
             number of non-zeros in A (%): 0.031980

             number of right-hand sides:    1

< Factors L and U >
             number of columns for each panel: 72
             number of independent subgraphs:  0
< Preprocessing with state of the art partitioning metis>
             number of supernodes:                    17275
             size of largest supernode:               10829
             number of non-zeros in L:                203456465
             number of non-zeros in U:                202011189
             number of non-zeros in L+U:              405467654

Reordering completed ... 
Number of nonzeros in factors  = 0
Number of factorization MFLOPS = 2806568=== PARDISO is running in In-Core mode, because iparam(60)=0 ===
Percentage of computed non-zeros for LL^T factorization
 0 %  1 %  2 %  3 %  4 %  5 %  6 %  7 %  8 %  9 %  10 %  11 %  12 %  13 %  14 %  15 %  16 %  17 %  18 %  19 %  20 %  21 %  22 %  23 %  24 %  25 %  26 %  27 %  28 %  29 %  30 %  32 %  33 %  34 %  35 %  36 %  37 %  38 %  41 %  42 %  43 %  47 %  48 %  53 %  60 %  69 %  71 %  78 %  84 %  89 %  93 %  96 %  98 %  99 %  100 % 

=== PARDISO: solving a real nonsymmetric system ===
Single-level factorization algorithm is turned ON


Summary: ( factorization phase )
================

Times:
======
Time spent in copying matrix to internal data structure (A to LU): 0.000000 s
Time spent in factorization step (numfct)                        : 116.282025 s
Time spent in allocation of internal data structures (malloc)    : 0.000076 s
Time spent in additional calculations                            : 0.000007 s
Total time spent                                                 : 116.282108 s

Statistics:
===========
< Parallel Direct Factorization with number of processors: > 20
< Numerical Factorization with BLAS3 and O(n) synchronization >

< Linear system Ax = b >
             number of equations:           50000
             number of non-zeros in A:      799494
             number of non-zeros in A (%): 0.031980

             number of right-hand sides:    1

< Factors L and U >
             number of columns for each panel: 72
             number of independent subgraphs:  0
< Preprocessing with state of the art partitioning metis>
             number of supernodes:                    17275
             size of largest supernode:               10829
             number of non-zeros in L:                203456465
             number of non-zeros in U:                202011189
             number of non-zeros in L+U:              405467654
             gflop   for the numerical factorization: 2806.568506

             gflop/s for the numerical factorization: 24.135876


Factorization completed ...
 
=== PARDISO: solving a real nonsymmetric system ===


Summary: ( solution phase )
================

Times:
======
Time spent in direct solver at solve step (solve)                : 0.248939 s
Time spent in additional calculations                            : 0.495802 s
Total time spent                                                 : 0.744741 s

Statistics:
===========
< Parallel Direct Factorization with number of processors: > 20
< Numerical Factorization with BLAS3 and O(n) synchronization >

< Linear system Ax = b >
             number of equations:           50000
             number of non-zeros in A:      799494
             number of non-zeros in A (%): 0.031980

             number of right-hand sides:    1

< Factors L and U >
             number of columns for each panel: 72
             number of independent subgraphs:  0
< Preprocessing with state of the art partitioning metis>
             number of supernodes:                    17275
             size of largest supernode:               10829
             number of non-zeros in L:                203456465
             number of non-zeros in U:                202011189
             number of non-zeros in L+U:              405467654
             gflop   for the numerical factorization: 2806.568506

             gflop/s for the numerical factorization: 24.135876


Solve completed ...

Memory deallocated...
