
===================================
mtx file = ../matrices/stomach.mtx

Done with reading mtx file.
m = 213360, n = 213360, nz = 3021648

Number of threads = 20

=== PARDISO: solving a real nonsymmetric system ===
The local (internal) PARDISO version is                          : 103911000
1-based array indexing is turned ON
PARDISO double precision computation is turned ON
METIS algorithm at reorder step is turned ON
Scaling is turned ON
Matching is turned ON


Summary: ( reordering phase )
================

Times:
======
Time spent in calculations of symmetric matrix portrait (fulladj): 0.037553 s
Time spent in reordering of the initial matrix (reorder)         : 1.318903 s
Time spent in symbolic factorization (symbfct)                   : 0.189980 s
Time spent in data preparations for factorization (parlist)      : 0.019498 s
Time spent in allocation of internal data structures (malloc)    : 0.124648 s
Time spent in additional calculations                            : 0.176583 s
Total time spent                                                 : 1.867165 s

Statistics:
===========
< Parallel Direct Factorization with number of processors: > 20
< Numerical Factorization with BLAS3 and O(n) synchronization >

< Linear system Ax = b >
             number of equations:           213360
             number of non-zeros in A:      3021648
             number of non-zeros in A (%): 0.006638

             number of right-hand sides:    1

< Factors L and U >
             number of columns for each panel: 72
             number of independent subgraphs:  0
< Preprocessing with state of the art partitioning metis>
             number of supernodes:                    96985
             size of largest supernode:               1162
             number of non-zeros in L:                41705769
             number of non-zeros in U:                39121207
             number of non-zeros in L+U:              80826976

Reordering completed ... 
Number of nonzeros in factors  = 0
Number of factorization MFLOPS = 47688=== PARDISO is running in In-Core mode, because iparam(60)=0 ===
Percentage of computed non-zeros for LL^T factorization
 0 %  1 %  2 %  3 %  4 %  5 %  6 %  7 %  8 %  9 %  10 %  11 %  12 %  13 %  14 %  15 %  16 %  17 %  18 %  19 %  20 %  21 %  22 %  23 %  24 %  25 %  26 %  27 %  28 %  29 %  30 %  31 %  32 %  33 %  34 %  35 %  36 %  37 %  38 %  39 %  40 %  41 %  42 %  43 %  44 %  45 %  46 %  47 %  48 %  49 %  50 %  51 %  52 %  53 %  54 %  55 %  56 %  58 %  59 %  61 %  63 %  64 %  65 %  66 %  68 %  69 %  73 %  76 %  79 %  84 %  89 %  92 %  97 %  99 %  100 % 

=== PARDISO: solving a real nonsymmetric system ===
Single-level factorization algorithm is turned ON


Summary: ( factorization phase )
================

Times:
======
Time spent in copying matrix to internal data structure (A to LU): 0.000001 s
Time spent in factorization step (numfct)                        : 0.677951 s
Time spent in allocation of internal data structures (malloc)    : 0.000789 s
Time spent in additional calculations                            : 0.000004 s
Total time spent                                                 : 0.678745 s

Statistics:
===========
< Parallel Direct Factorization with number of processors: > 20
< Numerical Factorization with BLAS3 and O(n) synchronization >

< Linear system Ax = b >
             number of equations:           213360
             number of non-zeros in A:      3021648
             number of non-zeros in A (%): 0.006638

             number of right-hand sides:    1

< Factors L and U >
             number of columns for each panel: 72
             number of independent subgraphs:  0
< Preprocessing with state of the art partitioning metis>
             number of supernodes:                    96985
             size of largest supernode:               1162
             number of non-zeros in L:                41705769
             number of non-zeros in U:                39121207
             number of non-zeros in L+U:              80826976
             gflop   for the numerical factorization: 47.688591

             gflop/s for the numerical factorization: 70.342253


Factorization completed ...
 
=== PARDISO: solving a real nonsymmetric system ===


Summary: ( solution phase )
================

Times:
======
Time spent in direct solver at solve step (solve)                : 0.031968 s
Time spent in additional calculations                            : 0.070124 s
Total time spent                                                 : 0.102092 s

Statistics:
===========
< Parallel Direct Factorization with number of processors: > 20
< Numerical Factorization with BLAS3 and O(n) synchronization >

< Linear system Ax = b >
             number of equations:           213360
             number of non-zeros in A:      3021648
             number of non-zeros in A (%): 0.006638

             number of right-hand sides:    1

< Factors L and U >
             number of columns for each panel: 72
             number of independent subgraphs:  0
< Preprocessing with state of the art partitioning metis>
             number of supernodes:                    96985
             size of largest supernode:               1162
             number of non-zeros in L:                41705769
             number of non-zeros in U:                39121207
             number of non-zeros in L+U:              80826976
             gflop   for the numerical factorization: 47.688591

             gflop/s for the numerical factorization: 70.342253


Solve completed ...

Memory deallocated...
