
===================================
mtx file = ../matrices/thermal1.mtx

Done with reading mtx file.
m = 82654, n = 82654, nz = 328556

Number of threads = 20

=== PARDISO: solving a real nonsymmetric system ===
The local (internal) PARDISO version is                          : 103911000
1-based array indexing is turned ON
PARDISO double precision computation is turned ON
METIS algorithm at reorder step is turned ON
Scaling is turned ON
Matching is turned ON


Summary: ( reordering phase )
================

Times:
======
Time spent in calculations of symmetric matrix portrait (fulladj): 0.007018 s
Time spent in reordering of the initial matrix (reorder)         : 0.271181 s
Time spent in symbolic factorization (symbfct)                   : 0.032245 s
Time spent in data preparations for factorization (parlist)      : 0.004050 s
Time spent in allocation of internal data structures (malloc)    : 0.024984 s
Time spent in additional calculations                            : 0.025797 s
Total time spent                                                 : 0.365275 s

Statistics:
===========
< Parallel Direct Factorization with number of processors: > 20
< Numerical Factorization with BLAS3 and O(n) synchronization >

< Linear system Ax = b >
             number of equations:           82654
             number of non-zeros in A:      328556
             number of non-zeros in A (%): 0.004809

             number of right-hand sides:    1

< Factors L and U >
             number of columns for each panel: 72
             number of independent subgraphs:  0
< Preprocessing with state of the art partitioning metis>
             number of supernodes:                    53230
             size of largest supernode:               356
             number of non-zeros in L:                2695839
             number of non-zeros in U:                2210617
             number of non-zeros in L+U:              4906456

Reordering completed ... 
Number of nonzeros in factors  = 0
Number of factorization MFLOPS = 467=== PARDISO is running in In-Core mode, because iparam(60)=0 ===
Percentage of computed non-zeros for LL^T factorization
 0 %  1 %  2 %  3 %  4 %  5 %  6 %  7 %  8 %  9 %  10 %  11 %  12 %  13 %  14 %  15 %  16 %  17 %  18 %  19 %  20 %  21 %  22 %  23 %  24 %  25 %  26 %  27 %  28 %  29 %  30 %  31 %  32 %  33 %  34 %  35 %  36 %  37 %  38 %  39 %  40 %  41 %  42 %  43 %  44 %  45 %  46 %  47 %  48 %  49 %  50 %  51 %  52 %  53 %  54 %  55 %  56 %  57 %  59 %  60 %  61 %  62 %  63 %  66 %  68 %  70 %  79 %  86 %  97 %  100 % 

=== PARDISO: solving a real nonsymmetric system ===
Single-level factorization algorithm is turned ON


Summary: ( factorization phase )
================

Times:
======
Time spent in copying matrix to internal data structure (A to LU): 0.000000 s
Time spent in factorization step (numfct)                        : 0.075872 s
Time spent in allocation of internal data structures (malloc)    : 0.000055 s
Time spent in additional calculations                            : 0.000004 s
Total time spent                                                 : 0.075931 s

Statistics:
===========
< Parallel Direct Factorization with number of processors: > 20
< Numerical Factorization with BLAS3 and O(n) synchronization >

< Linear system Ax = b >
             number of equations:           82654
             number of non-zeros in A:      328556
             number of non-zeros in A (%): 0.004809

             number of right-hand sides:    1

< Factors L and U >
             number of columns for each panel: 72
             number of independent subgraphs:  0
< Preprocessing with state of the art partitioning metis>
             number of supernodes:                    53230
             size of largest supernode:               356
             number of non-zeros in L:                2695839
             number of non-zeros in U:                2210617
             number of non-zeros in L+U:              4906456
             gflop   for the numerical factorization: 0.467264

             gflop/s for the numerical factorization: 6.158587


Factorization completed ...
 
=== PARDISO: solving a real nonsymmetric system ===


Summary: ( solution phase )
================

Times:
======
Time spent in direct solver at solve step (solve)                : 0.004006 s
Time spent in additional calculations                            : 0.008611 s
Total time spent                                                 : 0.012617 s

Statistics:
===========
< Parallel Direct Factorization with number of processors: > 20
< Numerical Factorization with BLAS3 and O(n) synchronization >

< Linear system Ax = b >
             number of equations:           82654
             number of non-zeros in A:      328556
             number of non-zeros in A (%): 0.004809

             number of right-hand sides:    1

< Factors L and U >
             number of columns for each panel: 72
             number of independent subgraphs:  0
< Preprocessing with state of the art partitioning metis>
             number of supernodes:                    53230
             size of largest supernode:               356
             number of non-zeros in L:                2695839
             number of non-zeros in U:                2210617
             number of non-zeros in L+U:              4906456
             gflop   for the numerical factorization: 0.467264

             gflop/s for the numerical factorization: 6.158587


Solve completed ...

Memory deallocated...
