
===================================
mtx file = ../matrices/TSOPF_FS_b162_c4.mtx

Done with reading mtx file.
m = 40798, n = 40798, nz = 1204322

Number of threads = 20

=== PARDISO: solving a real nonsymmetric system ===
The local (internal) PARDISO version is                          : 103911000
1-based array indexing is turned ON
PARDISO double precision computation is turned ON
METIS algorithm at reorder step is turned ON
Scaling is turned ON
Matching is turned ON


Summary: ( reordering phase )
================

Times:
======
Time spent in calculations of symmetric matrix portrait (fulladj): 0.010234 s
Time spent in reordering of the initial matrix (reorder)         : 0.476334 s
Time spent in symbolic factorization (symbfct)                   : 0.040878 s
Time spent in data preparations for factorization (parlist)      : 0.002541 s
Time spent in allocation of internal data structures (malloc)    : 1.345473 s
Time spent in additional calculations                            : 0.062358 s
Total time spent                                                 : 1.937818 s

Statistics:
===========
< Parallel Direct Factorization with number of processors: > 20
< Numerical Factorization with BLAS3 and O(n) synchronization >

< Linear system Ax = b >
             number of equations:           40798
             number of non-zeros in A:      1204322
             number of non-zeros in A (%): 0.072354

             number of right-hand sides:    1

< Factors L and U >
             number of columns for each panel: 72
             number of independent subgraphs:  0
< Preprocessing with state of the art partitioning metis>
             number of supernodes:                    24521
             size of largest supernode:               125
             number of non-zeros in L:                4186785
             number of non-zeros in U:                3489325
             number of non-zeros in L+U:              7676110

Reordering completed ... 
Number of nonzeros in factors  = 0
Number of factorization MFLOPS = 1154=== PARDISO is running in In-Core mode, because iparam(60)=0 ===
Percentage of computed non-zeros for LL^T factorization
 0 %  1 %  2 %  3 %  4 %  5 %  6 %  7 %  8 %  9 %  10 %  11 %  12 %  13 %  14 %  15 %  16 %  17 %  18 %  19 %  20 %  21 %  22 %  23 %  24 %  25 %  26 %  30 %  31 %  32 %  33 %  34 %  36 %  43 %  47 %  49 %  51 %  52 %  53 %  59 %  67 %  73 %  77 %  82 %  83 %  88 %  93 %  96 %  100 % 

=== PARDISO: solving a real nonsymmetric system ===
Single-level factorization algorithm is turned ON


Summary: ( factorization phase )
================

Times:
======
Time spent in copying matrix to internal data structure (A to LU): 0.000000 s
Time spent in factorization step (numfct)                        : 0.075964 s
Time spent in allocation of internal data structures (malloc)    : 0.000064 s
Time spent in additional calculations                            : 0.000003 s
Total time spent                                                 : 0.076031 s

Statistics:
===========
< Parallel Direct Factorization with number of processors: > 20
< Numerical Factorization with BLAS3 and O(n) synchronization >

< Linear system Ax = b >
             number of equations:           40798
             number of non-zeros in A:      1204322
             number of non-zeros in A (%): 0.072354

             number of right-hand sides:    1

< Factors L and U >
             number of columns for each panel: 72
             number of independent subgraphs:  0
< Preprocessing with state of the art partitioning metis>
             number of supernodes:                    24521
             size of largest supernode:               125
             number of non-zeros in L:                4186785
             number of non-zeros in U:                3489325
             number of non-zeros in L+U:              7676110
             gflop   for the numerical factorization: 1.154377

             gflop/s for the numerical factorization: 15.196373


Factorization completed ...
 
=== PARDISO: solving a real nonsymmetric system ===


Summary: ( solution phase )
================

Times:
======
Time spent in direct solver at solve step (solve)                : 0.003934 s
Time spent in additional calculations                            : 0.008700 s
Total time spent                                                 : 0.012634 s

Statistics:
===========
< Parallel Direct Factorization with number of processors: > 20
< Numerical Factorization with BLAS3 and O(n) synchronization >

< Linear system Ax = b >
             number of equations:           40798
             number of non-zeros in A:      1204322
             number of non-zeros in A (%): 0.072354

             number of right-hand sides:    1

< Factors L and U >
             number of columns for each panel: 72
             number of independent subgraphs:  0
< Preprocessing with state of the art partitioning metis>
             number of supernodes:                    24521
             size of largest supernode:               125
             number of non-zeros in L:                4186785
             number of non-zeros in U:                3489325
             number of non-zeros in L+U:              7676110
             gflop   for the numerical factorization: 1.154377

             gflop/s for the numerical factorization: 15.196373


Solve completed ...

Memory deallocated...
