
===================================
mtx file = ../matrices/vanbody.mtx

Done with reading mtx file.
m = 47072, n = 47072, nz = 1191985

Number of threads = 20

=== PARDISO: solving a real nonsymmetric system ===
The local (internal) PARDISO version is                          : 103911000
1-based array indexing is turned ON
PARDISO double precision computation is turned ON
METIS algorithm at reorder step is turned ON
Scaling is turned ON
Matching is turned ON


Summary: ( reordering phase )
================

Times:
======
Time spent in calculations of symmetric matrix portrait (fulladj): 0.012430 s
Time spent in reordering of the initial matrix (reorder)         : 0.117553 s
Time spent in symbolic factorization (symbfct)                   : 0.035345 s
Time spent in data preparations for factorization (parlist)      : 0.001069 s
Time spent in allocation of internal data structures (malloc)    : 0.039355 s
Time spent in additional calculations                            : 0.075665 s
Total time spent                                                 : 0.281417 s

Statistics:
===========
< Parallel Direct Factorization with number of processors: > 20
< Numerical Factorization with BLAS3 and O(n) synchronization >

< Linear system Ax = b >
             number of equations:           47072
             number of non-zeros in A:      1191985
             number of non-zeros in A (%): 0.053795

             number of right-hand sides:    1

< Factors L and U >
             number of columns for each panel: 72
             number of independent subgraphs:  0
< Preprocessing with state of the art partitioning metis>
             number of supernodes:                    6661
             size of largest supernode:               510
             number of non-zeros in L:                6491717
             number of non-zeros in U:                5514635
             number of non-zeros in L+U:              12006352

Reordering completed ... 
Number of nonzeros in factors  = 0
Number of factorization MFLOPS = 2758=== PARDISO is running in In-Core mode, because iparam(60)=0 ===
Percentage of computed non-zeros for LL^T factorization
 0 %  1 %  2 %  3 %  4 %  5 %  6 %  7 %  8 %  9 %  10 %  11 %  12 %  13 %  14 %  15 %  16 %  17 %  18 %  19 %  20 %  21 %  22 %  23 %  24 %  25 %  26 %  27 %  28 %  29 %  30 %  31 %  32 %  33 %  35 %  37 %  38 %  39 %  43 %  45 %  46 %  50 %  51 %  57 %  58 %  61 %  68 %  69 %  71 %  73 %  77 %  84 %  91 %  99 %  100 % 

=== PARDISO: solving a real nonsymmetric system ===
Single-level factorization algorithm is turned ON


Summary: ( factorization phase )
================

Times:
======
Time spent in copying matrix to internal data structure (A to LU): 0.000000 s
Time spent in factorization step (numfct)                        : 0.055825 s
Time spent in allocation of internal data structures (malloc)    : 0.000072 s
Time spent in additional calculations                            : 0.000004 s
Total time spent                                                 : 0.055901 s

Statistics:
===========
< Parallel Direct Factorization with number of processors: > 20
< Numerical Factorization with BLAS3 and O(n) synchronization >

< Linear system Ax = b >
             number of equations:           47072
             number of non-zeros in A:      1191985
             number of non-zeros in A (%): 0.053795

             number of right-hand sides:    1

< Factors L and U >
             number of columns for each panel: 72
             number of independent subgraphs:  0
< Preprocessing with state of the art partitioning metis>
             number of supernodes:                    6661
             size of largest supernode:               510
             number of non-zeros in L:                6491717
             number of non-zeros in U:                5514635
             number of non-zeros in L+U:              12006352
             gflop   for the numerical factorization: 2.758596

             gflop/s for the numerical factorization: 49.415065


Factorization completed ...
 
=== PARDISO: solving a real nonsymmetric system ===


Summary: ( solution phase )
================

Times:
======
Time spent in direct solver at solve step (solve)                : 0.007525 s
Time spent in additional calculations                            : 0.015970 s
Total time spent                                                 : 0.023495 s

Statistics:
===========
< Parallel Direct Factorization with number of processors: > 20
< Numerical Factorization with BLAS3 and O(n) synchronization >

< Linear system Ax = b >
             number of equations:           47072
             number of non-zeros in A:      1191985
             number of non-zeros in A (%): 0.053795

             number of right-hand sides:    1

< Factors L and U >
             number of columns for each panel: 72
             number of independent subgraphs:  0
< Preprocessing with state of the art partitioning metis>
             number of supernodes:                    6661
             size of largest supernode:               510
             number of non-zeros in L:                6491717
             number of non-zeros in U:                5514635
             number of non-zeros in L+U:              12006352
             gflop   for the numerical factorization: 2.758596

             gflop/s for the numerical factorization: 49.415065


Solve completed ...

Memory deallocated...
